Log file open, 03/29/17 17:11:07
LogInit:Display: Running engine for game: JosiahCarter
LogPlatformFile: Not using cached read wrapper
LogInit:Display: RandInit(1410981331) SRandInit(1410981331).
LogTaskGraph: Started task graph with 5 named threads and 8 total threads with 1 sets of task threads.
LogStats: Stats thread started at 0.098968
LogInit: Using libcurl 7.47.1
LogInit:  - built for x86_64-pc-win32
LogInit:  - supports SSL with OpenSSL/1.0.2g
LogInit:  - supports HTTP deflate (compression) using libz 1.2.8
LogInit:  - other features:
LogInit:      CURL_VERSION_SSL
LogInit:      CURL_VERSION_LIBZ
LogInit:      CURL_VERSION_IPV6
LogInit:      CURL_VERSION_ASYNCHDNS
LogInit:      CURL_VERSION_LARGEFILE
LogInit:      CURL_VERSION_IDN
LogInit:  CurlRequestOptions (configurable via config and command line):
LogInit:  - bVerifyPeer = false  - Libcurl will NOT verify peer certificate
LogInit:  - bUseHttpProxy = false  - Libcurl will NOT use HTTP proxy
LogInit:  - bDontReuseConnections = false  - Libcurl will reuse connections
LogInit:  - CertBundlePath = nullptr  - Libcurl will use whatever was configured at build time.
LogInit: Build: ++UE4+Release-4.15-CL-3348071
LogInit: Engine Version: 4.15.1-3348071+++UE4+Release-4.15
LogInit: Compatible Engine Version: 4.15.0-3299760+++UE4+Release-4.15
LogInit: Net CL: 3299760
LogDevObjectVersion: Number of dev versions registered: 14
LogDevObjectVersion:   Dev-Blueprints (B0D832E4-1F89-4F0D-ACCF-7EB736FD4AA2): 8
LogDevObjectVersion:   Dev-Build (E1C64328-A22C-4D53-A36C-8E866417BD8C): 0
LogDevObjectVersion:   Dev-Core (375EC13C-06E4-48FB-B500-84F0262A717E): 2
LogDevObjectVersion:   Dev-Editor (E4B068ED-F494-42E9-A231-DA0B2E46BB41): 14
LogDevObjectVersion:   Dev-Framework (CFFC743F-43B0-4480-9391-14DF171D2073): 22
LogDevObjectVersion:   Dev-Mobile (B02B49B5-BB20-44E9-A304-32B752E40360): 0
LogDevObjectVersion:   Dev-Networking (A4E4105C-59A1-49B5-A7C5-40C4547EDFEE): 0
LogDevObjectVersion:   Dev-Online (39C831C9-5AE6-47DC-9A44-9C173E1C8E7C): 0
LogDevObjectVersion:   Dev-Physics (78F01B33-EBEA-4F98-B9B4-84EACCB95AA2): 0
LogDevObjectVersion:   Dev-Platform (6631380F-2D4D-43E0-8009-CF276956A95A): 0
LogDevObjectVersion:   Dev-Rendering (12F88B9F-8875-4AFC-A67C-D90C383ABD29): 12
LogDevObjectVersion:   Dev-Sequencer (7B5AE74C-D270-4C10-A958-57980B212A5A): 3
LogDevObjectVersion:   Dev-VR (D7296918-1DD6-4BDD-9DE2-64A83CC13884): 0
LogDevObjectVersion:   Dev-LoadTimes (C2A15278-BFE7-4AFE-6C17-90FF531DF755): 1
LogInit: Compiled (64-bit): Mar 15 2017 16:52:47
LogInit: Compiled with Visual C++: 19.00.23026.00
LogInit: Build Configuration: Development
LogInit: Branch Name: ++UE4+Release-4.15
LogInit: Command line:  
LogInit: Base directory: C:/Program Files/Epic Games/UE_4.15/Engine/Binaries/Win64/
LogInit: Installed Engine Build: 1
LogInit: Presizing for max 8388607 objects, including 0 objects not considered by GC, pre-allocating 0 bytes for permanent pool.
LogInit: Object subsystem initialized
[2017.03.29-21.11.08:529][  0]LogConsoleManager:Display: Setting the console variable 'r.RHICmdBypass' with 'SetByProjectSetting' was ignored as it is lower priority than the previous 'SetBySystemSettingsIni'. Value remains '1'
[2017.03.29-21.11.08:540][  0]LogInit: Selected Device Profile: [Windows]
[2017.03.29-21.11.08:540][  0]LogInit: Applying CVar settings loaded from the selected device profile: [Windows]
[2017.03.29-21.11.08:550][  0]LogInit: Computer: CRODAWIN10
[2017.03.29-21.11.08:550][  0]LogInit: User: croda
[2017.03.29-21.11.08:550][  0]LogInit: CPU Page size=65536, Cores=4
[2017.03.29-21.11.08:550][  0]LogInit: High frequency timer resolution =2.630637 MHz
[2017.03.29-21.11.08:550][  0]LogMemory: Memory total: Physical=15.9GB (16GB approx)
[2017.03.29-21.11.08:550][  0]LogMemory: Platform Memory Stats for Windows
[2017.03.29-21.11.08:550][  0]LogMemory: Process Physical Memory: 266.64 MB used, 266.64 MB peak
[2017.03.29-21.11.08:550][  0]LogMemory: Process Virtual Memory: 262.59 MB used, 262.59 MB peak
[2017.03.29-21.11.08:550][  0]LogMemory: Physical Memory: 6299.57 MB used,  9989.55 MB free, 16289.12 MB total
[2017.03.29-21.11.08:550][  0]LogMemory: Virtual Memory: 645.11 MB used,  9989.55 MB free, 134217728.00 MB total
[2017.03.29-21.11.08:631][  0]LogTextLocalizationManager: No specific translations for ('en-US') exist, so ('en') translations will be used.
[2017.03.29-21.11.10:070][  0]LogD3D11RHI: D3D11 adapters:
[2017.03.29-21.11.10:116][  0]LogD3D11RHI:    0. 'NVIDIA Quadro K5100M' (Feature Level 11_0)
[2017.03.29-21.11.10:116][  0]LogD3D11RHI:       8153/0/8144 MB DedicatedVideo/DedicatedSystem/SharedSystem, Outputs:3, VendorId:0x10de
[2017.03.29-21.11.10:124][  0]LogD3D11RHI:    1. 'Intel(R) HD Graphics 4600' (Feature Level 11_0)
[2017.03.29-21.11.10:124][  0]LogD3D11RHI:       112/0/2048 MB DedicatedVideo/DedicatedSystem/SharedSystem, Outputs:0, VendorId:0x8086
[2017.03.29-21.11.10:126][  0]LogD3D11RHI:    2. 'Microsoft Basic Render Driver' (Feature Level 11_0)
[2017.03.29-21.11.10:126][  0]LogD3D11RHI:       0/0/8144 MB DedicatedVideo/DedicatedSystem/SharedSystem, Outputs:0, VendorId:0x1414
[2017.03.29-21.11.10:126][  0]LogD3D11RHI: Chosen D3D11 Adapter: 0
[2017.03.29-21.11.10:131][  0]LogD3D11RHI: Creating new Direct3DDevice
[2017.03.29-21.11.10:131][  0]LogD3D11RHI:     GPU DeviceId: 0x11b8 (for the marketing name, search the web for "GPU Device Id")
[2017.03.29-21.11.10:131][  0]LogWindows: EnumDisplayDevices:
[2017.03.29-21.11.10:132][  0]LogWindows:    0. 'Intel(R) HD Graphics 4600' (P:1 D:1)
[2017.03.29-21.11.10:132][  0]LogWindows:    1. 'Intel(R) HD Graphics 4600' (P:0 D:0)
[2017.03.29-21.11.10:132][  0]LogWindows:    2. 'Intel(R) HD Graphics 4600' (P:0 D:0)
[2017.03.29-21.11.10:132][  0]LogWindows:    3. 'NVIDIA Quadro K5100M' (P:0 D:1)
[2017.03.29-21.11.10:133][  0]LogWindows:    4. 'NVIDIA Quadro K5100M' (P:0 D:1)
[2017.03.29-21.11.10:133][  0]LogWindows:    5. 'NVIDIA Quadro K5100M' (P:0 D:0)
[2017.03.29-21.11.10:133][  0]LogWindows:    6. 'NVIDIA Quadro K5100M' (P:0 D:0)
[2017.03.29-21.11.10:133][  0]LogWindows: DebugString: PrimaryIsNotTheChoosenAdapter PrimaryIsNotTheChoosenAdapter PrimaryIsNotTheChoosenAdapter FoundDriverCount:4 
[2017.03.29-21.11.10:133][  0]LogD3D11RHI:     Adapter Name: NVIDIA Quadro K5100M
[2017.03.29-21.11.10:133][  0]LogD3D11RHI:   Driver Version: 376.54 (internal:21.21.13.7654, unified:376.54)
[2017.03.29-21.11.10:133][  0]LogD3D11RHI:      Driver Date: 12-29-2016
[2017.03.29-21.11.10:133][  0]LogRHI: Texture pool is 1361 MB (70% of 1945 MB)
[2017.03.29-21.11.10:155][  0]LogD3D11RHI:Warning: Timestamp queries are currently disabled on this hardware due to instability. Realtime GPU stats will not be available. You can override this behaviour by setting r.NVIDIATimestampWorkaround to 0
[2017.03.29-21.11.10:156][  0]LogD3D11RHI: Async texture creation enabled
[2017.03.29-21.11.10:174][  0]LogD3D11RHI: GPU Timing Frequency: 1000.000000 (Debug: 2 2)
[2017.03.29-21.11.10:282][  0]LogShaderCompilers: Guid format shader working directory is 19 characters bigger than the processId version (D:/VRProjects/JosiahCarter/Intermediate/Shaders/WorkingDirectory/17900/).
[2017.03.29-21.11.10:282][  0]LogShaderCompilers: Cleaned the shader compiler working directory 'C:/Users/croda/AppData/Local/Temp/UnrealShaderWorkingDir/7A1126B34152938C3BBAF29973AFF98B/'.
[2017.03.29-21.11.10:282][  0]LogShaderCompilers:Display: Using Local Shader Compiler.
[2017.03.29-21.11.12:058][  0]LogTemp:Display: Loaded TP AllDesktopTargetPlatform
[2017.03.29-21.11.12:119][  0]LogTemp:Display: Loaded TP MacClientTargetPlatform
[2017.03.29-21.11.12:181][  0]LogTemp:Display: Loaded TP MacNoEditorTargetPlatform
[2017.03.29-21.11.12:242][  0]LogTemp:Display: Loaded TP MacServerTargetPlatform
[2017.03.29-21.11.12:306][  0]LogTemp:Display: Loaded TP MacTargetPlatform
[2017.03.29-21.11.12:367][  0]LogTemp:Display: Loaded TP WindowsClientTargetPlatform
[2017.03.29-21.11.12:430][  0]LogTemp:Display: Loaded TP WindowsNoEditorTargetPlatform
[2017.03.29-21.11.12:491][  0]LogTemp:Display: Loaded TP WindowsServerTargetPlatform
[2017.03.29-21.11.12:545][  0]LogTemp:Display: Loaded TP WindowsTargetPlatform
[2017.03.29-21.11.12:616][  0]LogTemp:Display: Loaded TP AndroidTargetPlatform
[2017.03.29-21.11.12:688][  0]LogTemp:Display: Loaded TP Android_ASTCTargetPlatform
[2017.03.29-21.11.12:764][  0]LogTemp:Display: Loaded TP Android_ATCTargetPlatform
[2017.03.29-21.11.12:834][  0]LogTemp:Display: Loaded TP Android_DXTTargetPlatform
[2017.03.29-21.11.12:893][  0]LogTemp:Display: Loaded TP Android_ETC1TargetPlatform
[2017.03.29-21.11.12:955][  0]LogTemp:Display: Loaded TP Android_ETC2TargetPlatform
[2017.03.29-21.11.13:079][  0]LogTemp:Display: Loaded TP Android_MultiTargetPlatform
[2017.03.29-21.11.13:079][  0]LogTemp:Display: Loaded TP Android_PVRTCTargetPlatform
[2017.03.29-21.11.13:123][  0]LogTemp:Display: Loaded TP HTML5TargetPlatform
[2017.03.29-21.11.13:229][  0]LogTemp:Display: Loaded TP IOSTargetPlatform
[2017.03.29-21.11.13:266][  0]LogTemp:Display: Loaded TP TVOSTargetPlatform
[2017.03.29-21.11.13:325][  0]LogTemp:Display: Loaded TP LinuxClientTargetPlatform
[2017.03.29-21.11.13:386][  0]LogTemp:Display: Loaded TP LinuxNoEditorTargetPlatform
[2017.03.29-21.11.13:447][  0]LogTemp:Display: Loaded TP LinuxServerTargetPlatform
[2017.03.29-21.11.13:508][  0]LogTemp:Display: Loaded TP LinuxTargetPlatform
[2017.03.29-21.11.13:508][  0]LogTargetPlatformManager:Display: Building Assets For Windows
[2017.03.29-21.11.13:982][  0]LogDerivedDataCache:Display: Max Cache Size: 512 MB
[2017.03.29-21.11.14:044][  0]LogDerivedDataCache: Loaded boot cache 0.06s 61MB C:/Users/croda/AppData/Local/UnrealEngine/4.15/DerivedDataCache/Boot.ddc.
[2017.03.29-21.11.14:044][  0]LogDerivedDataCache:Display: Loaded Boot cache: C:/Users/croda/AppData/Local/UnrealEngine/4.15/DerivedDataCache/Boot.ddc
[2017.03.29-21.11.14:044][  0]LogDerivedDataCache: FDerivedDataBackendGraph:  Pak pak cache file D:/VRProjects/JosiahCarter/DerivedDataCache/DDC.ddp not found, will not use a pak cache.
[2017.03.29-21.11.14:044][  0]LogDerivedDataCache: Unable to find inner node Pak for hierarchical cache Hierarchy.
[2017.03.29-21.11.14:044][  0]LogDerivedDataCache: FDerivedDataBackendGraph:  CompressedPak pak cache file D:/VRProjects/JosiahCarter/DerivedDataCache/Compressed.ddp not found, will not use a pak cache.
[2017.03.29-21.11.14:044][  0]LogDerivedDataCache: Unable to find inner node CompressedPak for hierarchical cache Hierarchy.
[2017.03.29-21.11.14:067][  0]LogDerivedDataCache:Display: Pak cache opened for reading ../../../Engine/DerivedDataCache/Compressed.ddp.
[2017.03.29-21.11.14:080][  0]LogDerivedDataCache: Using Local data cache path C:/Users/croda/AppData/Local/UnrealEngine/Common/DerivedDataCache: Writable
[2017.03.29-21.11.14:092][  0]LogSlate: Using Freetype 2.6.0
[2017.03.29-21.11.14:097][  0]LogSlate: SlateFontCache - WITH_FREETYPE: 1, WITH_HARFBUZZ: 1
[2017.03.29-21.11.14:097][  0]LogSlate: SlateFontCache - WITH_FREETYPE: 1, WITH_HARFBUZZ: 1
[2017.03.29-21.11.14:604][  0]LogInit: Selected Device Profile: [Windows]
[2017.03.29-21.11.14:606][  0]LogContentStreaming: Texture pool size is 0.00 MB
[2017.03.29-21.11.14:829][  0]LogMeshUtilities: Using QuadricMeshReduction for automatic static mesh reduction
[2017.03.29-21.11.14:882][  0]LogSimplygon: Simplygon DLL not present - disabling.
[2017.03.29-21.11.14:935][  0]LogMeshUtilities: Using SimplygonSwarm for distributed automatic mesh merging
[2017.03.29-21.11.14:935][  0]LogMeshUtilities: No automatic skeletal mesh reduction module available
[2017.03.29-21.11.14:935][  0]LogMeshUtilities: No automatic mesh merging module available
[2017.03.29-21.11.15:573][  0]LogNetVersion: GetLocalNetworkVersion: CL: 3299760, ProjectName: josiahcarter, ProjectVersion: , EngineNetworkVersion: 2, GameNetworkVersion: 0, NetworkChecksum: 64830108
[2017.03.29-21.11.15:619][  0]LogAssetRegistry: FAssetRegistry took 0.0225 seconds to start up
[2017.03.29-21.11.15:669][  0]LogPackageLocalizationCache: Processed 3 localized package path(s) for 2 prioritized culture(s) in 0.026727 seconds
[2017.03.29-21.11.15:674][  0]LogUObjectArray: 32493 objects as part of root set at end of initial load.
[2017.03.29-21.11.15:674][  0]LogUObjectAllocator: 7077032 out of 0 bytes used by permanent object pool.
[2017.03.29-21.11.15:674][  0]LogUObjectArray: CloseDisregardForGC: 0/0 objects in disregard for GC pool
[2017.03.29-21.11.15:731][  0]LogInit: WinSock: version 1.1 (2.2), MaxSocks=32767, MaxUdp=65467
[2017.03.29-21.11.17:989][  0]LogTcpMessaging: Initializing TcpMessaging bridge
[2017.03.29-21.11.18:030][  0]LogUdpMessaging: Initializing bridge on interface 0.0.0.0:0 to multicast group 230.0.0.1:6666.
[2017.03.29-21.11.18:541][  0]LogMaterial: Uniform references updated for custom material expression Custom.
[2017.03.29-21.11.18:963][  0]SourceControl: Info Source control is disabled
[2017.03.29-21.11.18:964][  0]SourceControl: Info Source control is disabled
[2017.03.29-21.11.19:018][  0]SourceControl: Info Source control is disabled
[2017.03.29-21.11.19:074][  0]SourceControl: Info Source control is disabled
[2017.03.29-21.11.20:499][  0]LogEngine: Initializing Engine...
[2017.03.29-21.11.20:501][  0]LogHMD: Failed to initialize OpenVR with code 101
[2017.03.29-21.11.20:771][  0]LogAIModule: Creating AISystem for world Untitled
[2017.03.29-21.11.20:787][  0]LogInit: XAudio2 using 'Headphone (Realtek High Definition Audio)' : 2 channels at 48 kHz using 32 bits per sample (channel mask 0x3)
[2017.03.29-21.11.20:940][  0]LogInit: FAudioDevice initialized.
[2017.03.29-21.11.21:095][  0]LogDerivedDataCache: Saved boot cache 0.15s 51MB C:/Users/croda/AppData/Local/UnrealEngine/4.15/DerivedDataCache/Boot.ddc.
[2017.03.29-21.11.21:101][  0]LogInit: Texture streaming: Enabled
[2017.03.29-21.11.21:195][  0]LogEngineSessionManager: EngineSessionManager initialized
[2017.03.29-21.11.21:298][  0]LogInit: Transaction tracking system initialized
[2017.03.29-21.11.21:739][  0]BlueprintLog: New page: Editor Load
[2017.03.29-21.11.22:771][  0]LocalizationService: Info Localization service is disabled
[2017.03.29-21.11.23:582][  0]LogConsoleResponse:Display: 
[2017.03.29-21.11.23:748][  0]LogCook:Display: Max memory allowance for cook 16384mb min free memory 0mb
[2017.03.29-21.11.23:748][  0]LogCook:Display: Mobile HDR setting 1
[2017.03.29-21.11.24:882][  0]LogFileCache: Scanning file cache for directory 'D:/VRProjects/JosiahCarter/Content/' took 0.02s
[2017.03.29-21.11.24:932][  0]SourceControl: Info Source control is disabled
[2017.03.29-21.11.24:932][  0]Cmd: MAP LOAD FILE="D:/VRProjects/JosiahCarter/Content/VirtualRealityBP/Maps/StartupMap.umap" TEMPLATE=0 SHOWPROGRESS=1 FEATURELEVEL=3
[2017.03.29-21.11.24:934][  0]LightingResults: New page: Lighting Build
[2017.03.29-21.11.24:981][  0]MapCheck: New page: Map Check
[2017.03.29-21.11.24:981][  0]LightingResults: New page: Lighting Build
[2017.03.29-21.11.25:064][  0]LogAIModule: Creating AISystem for world StartupMap
[2017.03.29-21.11.25:093][  0]LogEditorServer: Finished looking for orphan Actors (0.000 secs)
[2017.03.29-21.11.25:094][  0]Cmd: MAP CHECKDEP NOCLEARLOG
[2017.03.29-21.11.25:212][  0]MapCheck: Info Map check complete: 0 Error(s), 0 Warning(s), took 118.926ms to complete.
[2017.03.29-21.11.25:213][  0]LogFileHelpers: Loading map 'StartupMap' took 0.280
[2017.03.29-21.11.25:306][  0]LogWindowsTextInputMethodSystem:Display: IME system now deactivated.
[2017.03.29-21.11.25:451][  0]LogCollectionManager: Loaded 0 collections in 0.001445 seconds
[2017.03.29-21.11.25:555][  0]LogFileCache: Scanning file cache for directory 'D:/VRProjects/JosiahCarter/Saved/Collections/' took 0.01s
[2017.03.29-21.11.25:555][  0]LogFileCache: Scanning file cache for directory 'D:/VRProjects/JosiahCarter/Content/Developers/croda/Collections/' took 0.01s
[2017.03.29-21.11.25:555][  0]LogFileCache: Scanning file cache for directory 'D:/VRProjects/JosiahCarter/Content/Collections/' took 0.01s
[2017.03.29-21.11.25:555][  0]LogCollectionManager: Rebuilt the GUID cache for 0 collections in 0.000002 seconds
[2017.03.29-21.11.25:566][  0]LogContentBrowser: Native class hierarchy populated in 0.0104 seconds. Added 2245 classes and 453 folders.
[2017.03.29-21.11.25:572][  0]LogStats: UGameplayTagsManager::ConstructGameplayTagTree: Construct from data asset -  0.000 s
[2017.03.29-21.11.25:572][  0]LogStats: UGameplayTagsManager::ConstructGameplayTagTree: GameplayTagTreeChangedEvent.Broadcast -  0.000 s
[2017.03.29-21.11.25:657][  0]LogContentBrowser: Native class hierarchy updated for 'WidgetCarousel' in 0.0006 seconds. Added 0 classes and 0 folders.
[2017.03.29-21.11.25:756][  0]LogContentBrowser: Native class hierarchy updated for 'AddContentDialog' in 0.0006 seconds. Added 0 classes and 0 folders.
[2017.03.29-21.11.25:814][  0]LogContentBrowser: Native class hierarchy updated for 'SceneOutliner' in 0.0006 seconds. Added 1 classes and 2 folders.
[2017.03.29-21.11.25:932][  0]LogCrashTracker: Crashtracker disabled due to settings.
[2017.03.29-21.11.25:944][  0]LogUObjectGlobals:Warning: Failed to find object 'Class None.'
[2017.03.29-21.11.26:053][  0]LogContentBrowser: Native class hierarchy updated for 'HierarchicalLODOutliner' in 0.0007 seconds. Added 1 classes and 2 folders.
[2017.03.29-21.11.26:054][  0]LogLoad: (Engine Initialization) Total time: 19.48 seconds
[2017.03.29-21.11.26:054][  0]LogLoad: (Engine Initialization) Total Blueprint compile time: 0.05 seconds
[2017.03.29-21.11.26:054][  0]LogExternalProfiler: Found external profiler: VSPerf
[2017.03.29-21.11.26:054][  0]LogExternalProfiler: Using external profiler: VSPerf
[2017.03.29-21.11.26:072][  0]LogOcInput: OculusInput pre-init called
[2017.03.29-21.11.26:090][  0]LogContentStreaming: Texture pool size now 1000 MB
[2017.03.29-21.11.26:094][  0]LogSlate: Took 0.001432 seconds to synchronously load lazily loaded font '../../../Engine/Content/Slate/Fonts/Roboto-Regular.ttf' (155K)
[2017.03.29-21.11.26:100][  0]LogSlate: Took 0.001113 seconds to synchronously load lazily loaded font '../../../Engine/Content/Slate/Fonts/Roboto-Bold.ttf' (160K)
[2017.03.29-21.11.26:107][  0]LogSlate: Took 0.000883 seconds to synchronously load lazily loaded font '../../../Engine/Content/Editor/Slate/Fonts/FontAwesome.ttf' (139K)
[2017.03.29-21.11.26:226][  0]LogSlate: Took 0.001024 seconds to synchronously load lazily loaded font '../../../Engine/Content/Slate/Fonts/Roboto-Light.ttf' (159K)
[2017.03.29-21.11.26:288][  0]LogRenderer: Reallocating scene render targets to support 948x612 NumSamples 1 (Frame:2).
[2017.03.29-21.11.26:485][  2]LogAssetRegistry: Asset discovery search completed in 10.8888 seconds
[2017.03.29-21.11.26:485][  2]LogCollectionManager: Rebuilt the object cache for 0 collections in 0.000005 seconds (found 0 objects)
[2017.03.29-21.11.26:485][  2]LogCollectionManager: Fixed up redirectors for 0 collections in 0.000047 seconds (updated 0 objects)
[2017.03.29-21.11.37:533][585]LogSlate: Only BGRA pngs, bmps or icos are supported in by External Image Picker
[2017.03.29-21.11.37:662][587]LogTemp:Display: Executing iPhonePackager certificates Engine -bundlename com.YourCompany.JosiahCarter

[2017.03.29-21.11.37:662][587]LogTemp:Display: CWD: C:\Program Files\Epic Games\UE_4.15\Engine\Binaries\DotNET\IOS

[2017.03.29-21.11.37:662][587]LogTemp:Display: Initial Dir: C:\Program Files\Epic Games\UE_4.15

[2017.03.29-21.11.37:662][587]LogTemp:Display: Env CWD: C:\Program Files\Epic Games\UE_4.15\Engine\Binaries\DotNET\IOS

[2017.03.29-21.11.37:667][587]LogTemp:Display: BranchPath = CRODAWIN10/C/Program Files/Epic Games/UE_4.15/Engine/Binaries --- GameBranchPath = CRODAWIN10/C/Program Files/Epic Games/UE_4.15/Engine/Binaries

[2017.03.29-21.11.37:773][592]LogTemp:Display: IPP ERROR: Application exception: System.IO.DirectoryNotFoundException: Could not find a part of the path 'C:\Users\croda\AppData\Local\Apple Computer\MobileDevice\Provisioning Profiles'.

[2017.03.29-21.11.37:773][592]LogTemp:Display:    at System.IO.__Error.WinIOError(Int32 errorCode, String maybeFullPath)

[2017.03.29-21.11.37:773][592]LogTemp:Display:    at System.IO.FileSystemEnumerableIterator`1.CommonInit()

[2017.03.29-21.11.37:773][592]LogTemp:Display:    at System.IO.Directory.EnumerateFiles(String path, String searchPattern)

[2017.03.29-21.11.37:773][592]LogTemp:Display:    at iPhonePackager.CodeSignatureBuilder.FindProvisions(String CFBundleIdentifier)

[2017.03.29-21.11.37:774][592]LogTemp:Display:    at iPhonePackager.Program.Main(String[] args)

[2017.03.29-21.13.53:080][657]LogLinker:Warning: Can't find file '/Script/PerceptionNeuronRuntime'
[2017.03.29-21.13.53:080][657]LoadErrors: Info Failed to load /Script/PerceptionNeuronRuntime.AnimationNode_NewPoseCalc Referenced by AnimGraphNode_NewPoseCalc_87A458DD4E0FC052F5BB879E60D3137B
[2017.03.29-21.13.53:080][657]LogLinker:Warning: Can't find file for asset '/Script/PerceptionNeuronRuntime' while loading D:/VRProjects/JosiahCarter/Content/Characters/JosiahCarter/Mesh/JosiahFinal_AnimBP.uasset.
[2017.03.29-21.13.53:081][657]LoadErrors:Error: Error /Game/Characters/JosiahCarter/Mesh/JosiahFinal_AnimBP : Can't find file for asset. /Script/PerceptionNeuronRuntime
[2017.03.29-21.13.53:081][657]LogProperty:Error: UStructProperty::Serialize Loading: Property 'StructProperty /Game/Characters/JosiahCarter/Mesh/JosiahFinal_AnimBP.JosiahFinal_AnimBP_C:AnimGraphNode_NewPoseCalc_87A458DD4E0FC052F5BB879E60D3137B'. Unknown structure.
[2017.03.29-21.13.53:082][657]LogAnimation:Warning: Invalid animation root node index 33 on '/Game/Characters/JosiahCarter/Mesh/JosiahFinal_AnimBP.JosiahFinal_AnimBP_C' (only 33 nodes)
[2017.03.29-21.13.53:500][657]LogStats: FPlatformStackWalk::StackWalkAndDump -  0.418 s
[2017.03.29-21.13.53:500][657]LogOutputDevice:Error: === Handled ensure: ===
[2017.03.29-21.13.53:500][657]LogOutputDevice:Error: 
[2017.03.29-21.13.53:500][657]LogOutputDevice:Error: Ensure condition failed: bValidRootIndex [File:D:\Build\++UE4+Release-4.15+Compile\Sync\Engine\Source\Runtime\Engine\Private\Animation\AnimBlueprintGeneratedClass.cpp] [Line: 285]
[2017.03.29-21.13.53:500][657]LogOutputDevice:Error: 
[2017.03.29-21.13.53:500][657]LogOutputDevice:Error: Stack: 
[2017.03.29-21.13.53:500][657]LogOutputDevice:Error: UE4Editor-Core.dll!0x000000002C7E95E6
[2017.03.29-21.13.53:500][657]LogOutputDevice:Error: UE4Editor-Core.dll!0x000000002C599B82
[2017.03.29-21.13.53:500][657]LogOutputDevice:Error: UE4Editor-Core.dll!0x000000002C5AB666
[2017.03.29-21.13.53:500][657]LogOutputDevice:Error: UE4Editor-Engine.dll!0x0000000027DCE381
[2017.03.29-21.13.53:500][657]LogOutputDevice:Error: UE4Editor-CoreUObject.dll!0x000000002C03085C
[2017.03.29-21.13.53:500][657]LogOutputDevice:Error: UE4Editor-Engine.dll!0x0000000027FCD656
[2017.03.29-21.13.53:500][657]LogOutputDevice:Error: UE4Editor-CoreUObject.dll!0x000000002C08DEDE
[2017.03.29-21.13.53:500][657]LogOutputDevice:Error: UE4Editor-CoreUObject.dll!0x000000002C06820E
[2017.03.29-21.13.53:500][657]LogOutputDevice:Error: UE4Editor-CoreUObject.dll!0x000000002C082791
[2017.03.29-21.13.53:500][657]LogOutputDevice:Error: UE4Editor-CoreUObject.dll!0x000000002C067289
[2017.03.29-21.13.53:500][657]LogOutputDevice:Error: UE4Editor-CoreUObject.dll!0x000000002C06864B
[2017.03.29-21.13.53:500][657]LogOutputDevice:Error: UE4Editor-CoreUObject.dll!0x000000002C084D36
[2017.03.29-21.13.53:500][657]LogOutputDevice:Error: UE4Editor-CoreUObject.dll!0x000000002C164922
[2017.03.29-21.13.53:500][657]LogOutputDevice:Error: UE4Editor-CoreUObject.dll!0x000000002C163ED7
[2017.03.29-21.13.53:500][657]LogOutputDevice:Error: UE4Editor-CoreUObject.dll!0x000000002C0B0834
[2017.03.29-21.13.53:500][657]LogOutputDevice:Error: UE4Editor-CoreUObject.dll!0x000000002C0AF565
[2017.03.29-21.13.53:501][657]LogOutputDevice:Error: UE4Editor-CoreUObject.dll!0x000000002C0B0A85
[2017.03.29-21.13.53:501][657]LogOutputDevice:Error: UE4Editor-CoreUObject.dll!0x000000002C0AF565
[2017.03.29-21.13.53:501][657]LogOutputDevice:Error: UE4Editor-CoreUObject.dll!0x000000002C0693C6
[2017.03.29-21.13.53:501][657]LogOutputDevice:Error: UE4Editor-CoreUObject.dll!0x000000002BFC2D0F
[2017.03.29-21.13.53:501][657]LogOutputDevice:Error: UE4Editor-CoreUObject.dll!0x000000002BFC1AB5
[2017.03.29-21.13.53:501][657]LogOutputDevice:Error: UE4Editor-CoreUObject.dll!0x000000002C08E14F
[2017.03.29-21.13.53:501][657]LogOutputDevice:Error: UE4Editor-CoreUObject.dll!0x000000002C06820E
[2017.03.29-21.13.53:501][657]LogOutputDevice:Error: UE4Editor-CoreUObject.dll!0x000000002C082791
[2017.03.29-21.13.53:501][657]LogOutputDevice:Error: UE4Editor-CoreUObject.dll!0x000000002C067289
[2017.03.29-21.13.53:501][657]LogOutputDevice:Error: UE4Editor-CoreUObject.dll!0x000000002C06864B
[2017.03.29-21.13.53:501][657]LogOutputDevice:Error: UE4Editor-CoreUObject.dll!0x000000002C084D36
[2017.03.29-21.13.53:501][657]LogOutputDevice:Error: UE4Editor-CoreUObject.dll!0x000000002C164922
[2017.03.29-21.13.53:501][657]LogOutputDevice:Error: UE4Editor-CoreUObject.dll!0x000000002C163ED7
[2017.03.29-21.13.53:501][657]LogOutputDevice:Error: UE4Editor-CoreUObject.dll!0x000000002C0B0834
[2017.03.29-21.13.53:501][657]LogOutputDevice:Error: UE4Editor-CoreUObject.dll!0x000000002C0AF565
[2017.03.29-21.13.53:501][657]LogOutputDevice:Error: UE4Editor-CoreUObject.dll!0x000000002C0B0A85
[2017.03.29-21.13.53:501][657]LogOutputDevice:Error: UE4Editor-CoreUObject.dll!0x000000002C0AF565
[2017.03.29-21.13.53:501][657]LogOutputDevice:Error: UE4Editor-CoreUObject.dll!0x000000002C0AF3A8
[2017.03.29-21.13.53:501][657]LogOutputDevice:Error: UE4Editor-CoreUObject.dll!0x000000002C071E6A
[2017.03.29-21.13.53:501][657]LogOutputDevice:Error: UE4Editor-CoreUObject.dll!0x000000002C0AE5C5
[2017.03.29-21.13.53:501][657]LogOutputDevice:Error: UE4Editor-CoreUObject.dll!0x000000002C06A6EB
[2017.03.29-21.13.53:501][657]LogOutputDevice:Error: UE4Editor-CoreUObject.dll!0x000000002C0806E4
[2017.03.29-21.13.53:501][657]LogOutputDevice:Error: UE4Editor-CoreUObject.dll!0x000000002C1646DC
[2017.03.29-21.13.53:501][657]LogOutputDevice:Error: UE4Editor-CoreUObject.dll!0x000000002C163ED7
[2017.03.29-21.13.53:501][657]LogOutputDevice:Error: UE4Editor-CoreUObject.dll!0x000000002C0B0834
[2017.03.29-21.13.53:501][657]LogOutputDevice:Error: UE4Editor-CoreUObject.dll!0x000000002C0AF565
[2017.03.29-21.13.53:501][657]LogOutputDevice:Error: UE4Editor-CoreUObject.dll!0x000000002C0B0A85
[2017.03.29-21.13.53:501][657]LogOutputDevice:Error: UE4Editor-CoreUObject.dll!0x000000002C0AF565
[2017.03.29-21.13.53:501][657]LogOutputDevice:Error: UE4Editor-CoreUObject.dll!0x000000002C0AF3A8
[2017.03.29-21.13.53:501][657]LogOutputDevice:Error: UE4Editor-CoreUObject.dll!0x000000002C071E6A
[2017.03.29-21.13.53:501][657]LogOutputDevice:Error: UE4Editor-CoreUObject.dll!0x000000002C0AE5C5
[2017.03.29-21.13.53:501][657]LogOutputDevice:Error: UE4Editor-CoreUObject.dll!0x000000002C06A6EB
[2017.03.29-21.13.53:501][657]LogOutputDevice:Error: UE4Editor-CoreUObject.dll!0x000000002C0806E4
[2017.03.29-21.13.53:501][657]LogOutputDevice:Error: UE4Editor-CoreUObject.dll!0x000000002C1646DC
[2017.03.29-21.13.53:501][657]LogOutputDevice:Error: UE4Editor-CoreUObject.dll!0x000000002C163E67
[2017.03.29-21.13.53:501][657]LogOutputDevice:Error: UE4Editor-CoreUObject.dll!0x000000002C17BC57
[2017.03.29-21.13.53:501][657]LogOutputDevice:Error: UE4Editor-CoreUObject.dll!0x000000002C186A41
[2017.03.29-21.13.53:501][657]LogOutputDevice:Error: UE4Editor-CoreUObject.dll!0x000000002C1861E6
[2017.03.29-21.13.53:501][657]LogOutputDevice:Error: UE4Editor-ContentBrowser.dll!0x00000000425A61A7
[2017.03.29-21.13.53:501][657]LogOutputDevice:Error: UE4Editor-ContentBrowser.dll!0x00000000426E71C4
[2017.03.29-21.13.53:501][657]LogOutputDevice:Error: UE4Editor-ContentBrowser.dll!0x000000004269AA27
[2017.03.29-21.13.53:501][657]LogOutputDevice:Error: UE4Editor-ContentBrowser.dll!0x00000000426A0947
[2017.03.29-21.13.53:501][657]LogOutputDevice:Error: UE4Editor-ContentBrowser.dll!0x000000004269D201
[2017.03.29-21.13.53:501][657]LogOutputDevice:Error: UE4Editor-ContentBrowser.dll!0x00000000426F1189
[2017.03.29-21.13.53:501][657]LogOutputDevice:Error: UE4Editor-ContentBrowser.dll!0x0000000042699031
[2017.03.29-21.13.53:501][657]LogOutputDevice:Error: UE4Editor-ContentBrowser.dll!0x000000004269F7DF
[2017.03.29-21.13.53:501][657]LogOutputDevice:Error: UE4Editor-ContentBrowser.dll!0x000000004269D34A
[2017.03.29-21.13.53:501][657]LogOutputDevice:Error: UE4Editor-ContentBrowser.dll!0x0000000042700880
[2017.03.29-21.13.53:501][657]LogOutputDevice:Error: UE4Editor-ContentBrowser.dll!0x00000000426F13EA
[2017.03.29-21.13.53:501][657]LogOutputDevice:Error: UE4Editor-Slate.dll!0x000000002B794A7E
[2017.03.29-21.13.53:501][657]LogOutputDevice:Error: UE4Editor-Slate.dll!0x000000002B76444E
[2017.03.29-21.13.53:501][657]LogOutputDevice:Error: UE4Editor-Slate.dll!0x000000002B8058E4
[2017.03.29-21.13.53:501][657]LogOutputDevice:Error: UE4Editor-Slate.dll!0x000000002B7F0435
[2017.03.29-21.13.53:501][657]LogOutputDevice:Error: UE4Editor-Slate.dll!0x000000002B7DF7B9
[2017.03.29-21.13.53:501][657]LogOutputDevice:Error: UE4Editor-Core.dll!0x000000002C7DCDA7
[2017.03.29-21.13.53:501][657]LogOutputDevice:Error: UE4Editor-Core.dll!0x000000002C7C67C1
[2017.03.29-21.13.53:501][657]LogOutputDevice:Error: UE4Editor-Core.dll!0x000000002C7DEA1C
[2017.03.29-21.13.53:501][657]LogOutputDevice:Error: UE4Editor-Core.dll!0x000000002C7C26E9
[2017.03.29-21.13.53:501][657]LogOutputDevice:Error: USER32.dll!0x00000000833A1C24
[2017.03.29-21.13.53:501][657]LogOutputDevice:Error: USER32.dll!0x00000000833A156C
[2017.03.29-21.13.53:501][657]LogOutputDevice:Error: UE4Editor-Core.dll!0x000000002C7DF326
[2017.03.29-21.13.53:501][657]LogOutputDevice:Error: UE4Editor.exe!0x0000000002D5D790
[2017.03.29-21.13.53:501][657]LogOutputDevice:Error: UE4Editor.exe!0x0000000002D4EB40
[2017.03.29-21.13.53:501][657]LogOutputDevice:Error: UE4Editor.exe!0x0000000002D4EBBA
[2017.03.29-21.13.53:501][657]LogOutputDevice:Error: UE4Editor.exe!0x0000000002D60A29
[2017.03.29-21.13.53:501][657]LogOutputDevice:Error: UE4Editor.exe!0x0000000002D622B6
[2017.03.29-21.13.53:501][657]LogOutputDevice:Error: KERNEL32.DLL!0x0000000085B28364
[2017.03.29-21.13.53:501][657]LogOutputDevice:Error: ntdll.dll!0x0000000085C970D1
[2017.03.29-21.13.53:501][657]LogOutputDevice:Error: 
[2017.03.29-21.13.53:502][657]LogStats:                SubmitErrorReport -  0.000 s
