Log file open, 03/29/17 16:07:09
LogInit:Display: Running engine for game: JosiahCarter
LogPlatformFile: Not using cached read wrapper
LogInit:Display: RandInit(-98525602) SRandInit(-98525602).
LogTaskGraph: Started task graph with 5 named threads and 8 total threads with 1 sets of task threads.
LogStats: Stats thread started at 0.133322
LogInit: Using libcurl 7.47.1
LogInit:  - built for x86_64-pc-win32
LogInit:  - supports SSL with OpenSSL/1.0.2g
LogInit:  - supports HTTP deflate (compression) using libz 1.2.8
LogInit:  - other features:
LogInit:      CURL_VERSION_SSL
LogInit:      CURL_VERSION_LIBZ
LogInit:      CURL_VERSION_IPV6
LogInit:      CURL_VERSION_ASYNCHDNS
LogInit:      CURL_VERSION_LARGEFILE
LogInit:      CURL_VERSION_IDN
LogInit:  CurlRequestOptions (configurable via config and command line):
LogInit:  - bVerifyPeer = false  - Libcurl will NOT verify peer certificate
LogInit:  - bUseHttpProxy = false  - Libcurl will NOT use HTTP proxy
LogInit:  - bDontReuseConnections = false  - Libcurl will reuse connections
LogInit:  - CertBundlePath = nullptr  - Libcurl will use whatever was configured at build time.
LogInit: Build: ++UE4+Release-4.15-CL-3348071
LogInit: Engine Version: 4.15.1-3348071+++UE4+Release-4.15
LogInit: Compatible Engine Version: 4.15.0-3299760+++UE4+Release-4.15
LogInit: Net CL: 3299760
LogDevObjectVersion: Number of dev versions registered: 14
LogDevObjectVersion:   Dev-Blueprints (B0D832E4-1F89-4F0D-ACCF-7EB736FD4AA2): 8
LogDevObjectVersion:   Dev-Build (E1C64328-A22C-4D53-A36C-8E866417BD8C): 0
LogDevObjectVersion:   Dev-Core (375EC13C-06E4-48FB-B500-84F0262A717E): 2
LogDevObjectVersion:   Dev-Editor (E4B068ED-F494-42E9-A231-DA0B2E46BB41): 14
LogDevObjectVersion:   Dev-Framework (CFFC743F-43B0-4480-9391-14DF171D2073): 22
LogDevObjectVersion:   Dev-Mobile (B02B49B5-BB20-44E9-A304-32B752E40360): 0
LogDevObjectVersion:   Dev-Networking (A4E4105C-59A1-49B5-A7C5-40C4547EDFEE): 0
LogDevObjectVersion:   Dev-Online (39C831C9-5AE6-47DC-9A44-9C173E1C8E7C): 0
LogDevObjectVersion:   Dev-Physics (78F01B33-EBEA-4F98-B9B4-84EACCB95AA2): 0
LogDevObjectVersion:   Dev-Platform (6631380F-2D4D-43E0-8009-CF276956A95A): 0
LogDevObjectVersion:   Dev-Rendering (12F88B9F-8875-4AFC-A67C-D90C383ABD29): 12
LogDevObjectVersion:   Dev-Sequencer (7B5AE74C-D270-4C10-A958-57980B212A5A): 3
LogDevObjectVersion:   Dev-VR (D7296918-1DD6-4BDD-9DE2-64A83CC13884): 0
LogDevObjectVersion:   Dev-LoadTimes (C2A15278-BFE7-4AFE-6C17-90FF531DF755): 1
LogInit: Compiled (64-bit): Mar 15 2017 16:52:47
LogInit: Compiled with Visual C++: 19.00.23026.00
LogInit: Build Configuration: Development
LogInit: Branch Name: ++UE4+Release-4.15
LogInit: Command line:  
LogInit: Base directory: C:/Program Files/Epic Games/UE_4.15/Engine/Binaries/Win64/
LogInit: Installed Engine Build: 1
LogInit: Presizing for max 8388607 objects, including 0 objects not considered by GC, pre-allocating 0 bytes for permanent pool.
LogInit: Object subsystem initialized
[2017.03.29-20.07.10:626][  0]LogConsoleManager:Display: Setting the console variable 'r.RHICmdBypass' with 'SetByProjectSetting' was ignored as it is lower priority than the previous 'SetBySystemSettingsIni'. Value remains '1'
[2017.03.29-20.07.10:646][  0]LogInit: Selected Device Profile: [Windows]
[2017.03.29-20.07.10:646][  0]LogInit: Applying CVar settings loaded from the selected device profile: [Windows]
[2017.03.29-20.07.10:660][  0]LogInit: Computer: CRODAWIN10
[2017.03.29-20.07.10:660][  0]LogInit: User: croda
[2017.03.29-20.07.10:660][  0]LogInit: CPU Page size=65536, Cores=4
[2017.03.29-20.07.10:660][  0]LogInit: High frequency timer resolution =2.630637 MHz
[2017.03.29-20.07.10:661][  0]LogMemory: Memory total: Physical=15.9GB (16GB approx)
[2017.03.29-20.07.10:661][  0]LogMemory: Platform Memory Stats for Windows
[2017.03.29-20.07.10:661][  0]LogMemory: Process Physical Memory: 267.87 MB used, 267.87 MB peak
[2017.03.29-20.07.10:661][  0]LogMemory: Process Virtual Memory: 262.66 MB used, 262.66 MB peak
[2017.03.29-20.07.10:661][  0]LogMemory: Physical Memory: 6281.06 MB used,  10008.06 MB free, 16289.12 MB total
[2017.03.29-20.07.10:661][  0]LogMemory: Virtual Memory: 645.59 MB used,  10008.06 MB free, 134217728.00 MB total
[2017.03.29-20.07.10:910][  0]LogTextLocalizationManager: No specific translations for ('en-US') exist, so ('en') translations will be used.
[2017.03.29-20.07.12:617][  0]LogD3D11RHI: D3D11 adapters:
[2017.03.29-20.07.12:663][  0]LogD3D11RHI:    0. 'NVIDIA Quadro K5100M' (Feature Level 11_0)
[2017.03.29-20.07.12:663][  0]LogD3D11RHI:       8153/0/8144 MB DedicatedVideo/DedicatedSystem/SharedSystem, Outputs:3, VendorId:0x10de
[2017.03.29-20.07.12:671][  0]LogD3D11RHI:    1. 'Intel(R) HD Graphics 4600' (Feature Level 11_0)
[2017.03.29-20.07.12:671][  0]LogD3D11RHI:       112/0/2048 MB DedicatedVideo/DedicatedSystem/SharedSystem, Outputs:0, VendorId:0x8086
[2017.03.29-20.07.12:673][  0]LogD3D11RHI:    2. 'Microsoft Basic Render Driver' (Feature Level 11_0)
[2017.03.29-20.07.12:673][  0]LogD3D11RHI:       0/0/8144 MB DedicatedVideo/DedicatedSystem/SharedSystem, Outputs:0, VendorId:0x1414
[2017.03.29-20.07.12:673][  0]LogD3D11RHI: Chosen D3D11 Adapter: 0
[2017.03.29-20.07.12:680][  0]LogD3D11RHI: Creating new Direct3DDevice
[2017.03.29-20.07.12:680][  0]LogD3D11RHI:     GPU DeviceId: 0x11b8 (for the marketing name, search the web for "GPU Device Id")
[2017.03.29-20.07.12:680][  0]LogWindows: EnumDisplayDevices:
[2017.03.29-20.07.12:680][  0]LogWindows:    0. 'Intel(R) HD Graphics 4600' (P:1 D:1)
[2017.03.29-20.07.12:681][  0]LogWindows:    1. 'Intel(R) HD Graphics 4600' (P:0 D:0)
[2017.03.29-20.07.12:681][  0]LogWindows:    2. 'Intel(R) HD Graphics 4600' (P:0 D:0)
[2017.03.29-20.07.12:681][  0]LogWindows:    3. 'NVIDIA Quadro K5100M' (P:0 D:1)
[2017.03.29-20.07.12:682][  0]LogWindows:    4. 'NVIDIA Quadro K5100M' (P:0 D:1)
[2017.03.29-20.07.12:682][  0]LogWindows:    5. 'NVIDIA Quadro K5100M' (P:0 D:0)
[2017.03.29-20.07.12:682][  0]LogWindows:    6. 'NVIDIA Quadro K5100M' (P:0 D:0)
[2017.03.29-20.07.12:682][  0]LogWindows: DebugString: PrimaryIsNotTheChoosenAdapter PrimaryIsNotTheChoosenAdapter PrimaryIsNotTheChoosenAdapter FoundDriverCount:4 
[2017.03.29-20.07.12:682][  0]LogD3D11RHI:     Adapter Name: NVIDIA Quadro K5100M
[2017.03.29-20.07.12:682][  0]LogD3D11RHI:   Driver Version: 376.54 (internal:21.21.13.7654, unified:376.54)
[2017.03.29-20.07.12:682][  0]LogD3D11RHI:      Driver Date: 12-29-2016
[2017.03.29-20.07.12:682][  0]LogRHI: Texture pool is 1361 MB (70% of 1945 MB)
[2017.03.29-20.07.12:704][  0]LogD3D11RHI:Warning: Timestamp queries are currently disabled on this hardware due to instability. Realtime GPU stats will not be available. You can override this behaviour by setting r.NVIDIATimestampWorkaround to 0
[2017.03.29-20.07.12:707][  0]LogD3D11RHI: Async texture creation enabled
[2017.03.29-20.07.12:733][  0]LogD3D11RHI: GPU Timing Frequency: 1000.000000 (Debug: 2 2)
[2017.03.29-20.07.12:850][  0]LogShaderCompilers: Guid format shader working directory is 19 characters bigger than the processId version (D:/VRProjects/JosiahCarter/Intermediate/Shaders/WorkingDirectory/10276/).
[2017.03.29-20.07.12:852][  0]LogShaderCompilers: Cleaned the shader compiler working directory 'C:/Users/croda/AppData/Local/Temp/UnrealShaderWorkingDir/A65393FC4F8017B9CC14999A9C5300BE/'.
[2017.03.29-20.07.12:852][  0]LogShaderCompilers:Display: Using Local Shader Compiler.
[2017.03.29-20.07.15:326][  0]LogTemp:Display: Loaded TP AllDesktopTargetPlatform
[2017.03.29-20.07.15:405][  0]LogTemp:Display: Loaded TP MacClientTargetPlatform
[2017.03.29-20.07.15:482][  0]LogTemp:Display: Loaded TP MacNoEditorTargetPlatform
[2017.03.29-20.07.15:557][  0]LogTemp:Display: Loaded TP MacServerTargetPlatform
[2017.03.29-20.07.15:637][  0]LogTemp:Display: Loaded TP MacTargetPlatform
[2017.03.29-20.07.15:715][  0]LogTemp:Display: Loaded TP WindowsClientTargetPlatform
[2017.03.29-20.07.15:791][  0]LogTemp:Display: Loaded TP WindowsNoEditorTargetPlatform
[2017.03.29-20.07.15:869][  0]LogTemp:Display: Loaded TP WindowsServerTargetPlatform
[2017.03.29-20.07.15:936][  0]LogTemp:Display: Loaded TP WindowsTargetPlatform
[2017.03.29-20.07.16:017][  0]LogTemp:Display: Loaded TP AndroidTargetPlatform
[2017.03.29-20.07.16:098][  0]LogTemp:Display: Loaded TP Android_ASTCTargetPlatform
[2017.03.29-20.07.16:177][  0]LogTemp:Display: Loaded TP Android_ATCTargetPlatform
[2017.03.29-20.07.16:265][  0]LogTemp:Display: Loaded TP Android_DXTTargetPlatform
[2017.03.29-20.07.16:344][  0]LogTemp:Display: Loaded TP Android_ETC1TargetPlatform
[2017.03.29-20.07.16:420][  0]LogTemp:Display: Loaded TP Android_ETC2TargetPlatform
[2017.03.29-20.07.16:572][  0]LogTemp:Display: Loaded TP Android_MultiTargetPlatform
[2017.03.29-20.07.16:572][  0]LogTemp:Display: Loaded TP Android_PVRTCTargetPlatform
[2017.03.29-20.07.16:626][  0]LogTemp:Display: Loaded TP HTML5TargetPlatform
[2017.03.29-20.07.16:761][  0]LogTemp:Display: Loaded TP IOSTargetPlatform
[2017.03.29-20.07.16:805][  0]LogTemp:Display: Loaded TP TVOSTargetPlatform
[2017.03.29-20.07.16:879][  0]LogTemp:Display: Loaded TP LinuxClientTargetPlatform
[2017.03.29-20.07.16:966][  0]LogTemp:Display: Loaded TP LinuxNoEditorTargetPlatform
[2017.03.29-20.07.17:043][  0]LogTemp:Display: Loaded TP LinuxServerTargetPlatform
[2017.03.29-20.07.17:123][  0]LogTemp:Display: Loaded TP LinuxTargetPlatform
[2017.03.29-20.07.17:123][  0]LogTargetPlatformManager:Display: Building Assets For Windows
[2017.03.29-20.07.17:805][  0]LogDerivedDataCache:Display: Max Cache Size: 512 MB
[2017.03.29-20.07.18:077][  0]LogDerivedDataCache: Loaded boot cache 0.27s 54MB C:/Users/croda/AppData/Local/UnrealEngine/4.15/DerivedDataCache/Boot.ddc.
[2017.03.29-20.07.18:077][  0]LogDerivedDataCache:Display: Loaded Boot cache: C:/Users/croda/AppData/Local/UnrealEngine/4.15/DerivedDataCache/Boot.ddc
[2017.03.29-20.07.18:077][  0]LogDerivedDataCache: FDerivedDataBackendGraph:  Pak pak cache file D:/VRProjects/JosiahCarter/DerivedDataCache/DDC.ddp not found, will not use a pak cache.
[2017.03.29-20.07.18:077][  0]LogDerivedDataCache: Unable to find inner node Pak for hierarchical cache Hierarchy.
[2017.03.29-20.07.18:077][  0]LogDerivedDataCache: FDerivedDataBackendGraph:  CompressedPak pak cache file D:/VRProjects/JosiahCarter/DerivedDataCache/Compressed.ddp not found, will not use a pak cache.
[2017.03.29-20.07.18:077][  0]LogDerivedDataCache: Unable to find inner node CompressedPak for hierarchical cache Hierarchy.
[2017.03.29-20.07.18:108][  0]LogDerivedDataCache:Display: Pak cache opened for reading ../../../Engine/DerivedDataCache/Compressed.ddp.
[2017.03.29-20.07.18:122][  0]LogDerivedDataCache: Using Local data cache path C:/Users/croda/AppData/Local/UnrealEngine/Common/DerivedDataCache: Writable
[2017.03.29-20.07.18:139][  0]LogSlate: Using Freetype 2.6.0
[2017.03.29-20.07.18:145][  0]LogSlate: SlateFontCache - WITH_FREETYPE: 1, WITH_HARFBUZZ: 1
[2017.03.29-20.07.18:145][  0]LogSlate: SlateFontCache - WITH_FREETYPE: 1, WITH_HARFBUZZ: 1
[2017.03.29-20.07.19:970][  0]LogInit: Selected Device Profile: [Windows]
[2017.03.29-20.07.19:977][  0]LogContentStreaming: Texture pool size is 0.00 MB
[2017.03.29-20.07.20:285][  0]LogMeshUtilities: Using QuadricMeshReduction for automatic static mesh reduction
[2017.03.29-20.07.20:348][  0]LogSimplygon: Simplygon DLL not present - disabling.
[2017.03.29-20.07.20:413][  0]LogMeshUtilities: Using SimplygonSwarm for distributed automatic mesh merging
[2017.03.29-20.07.20:413][  0]LogMeshUtilities: No automatic skeletal mesh reduction module available
[2017.03.29-20.07.20:413][  0]LogMeshUtilities: No automatic mesh merging module available
[2017.03.29-20.07.21:585][  0]LogNetVersion: GetLocalNetworkVersion: CL: 3299760, ProjectName: josiahcarter, ProjectVersion: , EngineNetworkVersion: 2, GameNetworkVersion: 0, NetworkChecksum: 64830108
[2017.03.29-20.07.21:642][  0]LogAssetRegistry: FAssetRegistry took 0.0224 seconds to start up
[2017.03.29-20.07.21:758][  0]LogPackageLocalizationCache: Processed 3 localized package path(s) for 2 prioritized culture(s) in 0.087523 seconds
[2017.03.29-20.07.21:765][  0]LogUObjectArray: 32493 objects as part of root set at end of initial load.
[2017.03.29-20.07.21:765][  0]LogUObjectAllocator: 7077024 out of 0 bytes used by permanent object pool.
[2017.03.29-20.07.21:765][  0]LogUObjectArray: CloseDisregardForGC: 0/0 objects in disregard for GC pool
[2017.03.29-20.07.21:850][  0]LogInit: WinSock: version 1.1 (2.2), MaxSocks=32767, MaxUdp=65467
[2017.03.29-20.07.25:585][  0]LogTcpMessaging: Initializing TcpMessaging bridge
[2017.03.29-20.07.25:635][  0]LogUdpMessaging: Initializing bridge on interface 0.0.0.0:0 to multicast group 230.0.0.1:6666.
[2017.03.29-20.07.26:335][  0]LogMaterial: Uniform references updated for custom material expression Custom.
[2017.03.29-20.07.26:961][  0]SourceControl: Info Source control is disabled
[2017.03.29-20.07.26:964][  0]SourceControl: Info Source control is disabled
[2017.03.29-20.07.27:030][  0]SourceControl: Info Source control is disabled
[2017.03.29-20.07.27:092][  0]SourceControl: Info Source control is disabled
[2017.03.29-20.07.28:837][  0]LogEngine: Initializing Engine...
[2017.03.29-20.07.28:839][  0]LogHMD: Failed to initialize OpenVR with code 101
[2017.03.29-20.07.29:314][  0]LogAIModule: Creating AISystem for world Untitled
[2017.03.29-20.07.29:334][  0]LogInit: XAudio2 using 'Headphone (Realtek High Definition Audio)' : 2 channels at 48 kHz using 32 bits per sample (channel mask 0x3)
[2017.03.29-20.07.29:504][  0]LogInit: FAudioDevice initialized.
[2017.03.29-20.07.29:726][  0]LogDerivedDataCache: Saved boot cache 0.22s 61MB C:/Users/croda/AppData/Local/UnrealEngine/4.15/DerivedDataCache/Boot.ddc.
[2017.03.29-20.07.29:731][  0]LogInit: Texture streaming: Enabled
[2017.03.29-20.07.29:847][  0]LogEngineSessionManager: EngineSessionManager initialized
[2017.03.29-20.07.29:980][  0]LogInit: Transaction tracking system initialized
[2017.03.29-20.07.30:488][  0]BlueprintLog: New page: Editor Load
[2017.03.29-20.07.31:732][  0]LocalizationService: Info Localization service is disabled
[2017.03.29-20.07.32:667][  0]LogConsoleResponse:Display: 
[2017.03.29-20.07.32:943][  0]LogCook:Display: Max memory allowance for cook 16384mb min free memory 0mb
[2017.03.29-20.07.32:944][  0]LogCook:Display: Mobile HDR setting 1
[2017.03.29-20.07.33:584][  0]LogFileCache: Scanning file cache for directory 'D:/VRProjects/JosiahCarter/Content/' took 0.02s
[2017.03.29-20.07.34:433][  0]SourceControl: Info Source control is disabled
[2017.03.29-20.07.34:433][  0]Cmd: MAP LOAD FILE="D:/VRProjects/JosiahCarter/Content/VirtualRealityBP/Maps/StartupMap.umap" TEMPLATE=0 SHOWPROGRESS=1 FEATURELEVEL=3
[2017.03.29-20.07.34:435][  0]LightingResults: New page: Lighting Build
[2017.03.29-20.07.34:494][  0]MapCheck: New page: Map Check
[2017.03.29-20.07.34:494][  0]LightingResults: New page: Lighting Build
[2017.03.29-20.07.34:730][  0]LogMaterial: Missing cached shader map for material M_BaseMaterial, compiling. 
[2017.03.29-20.07.34:732][  0]LogTemp:Display: Added material ShaderMap 0x000001F5CF808B80 with Material 0x000001F5CF7DA380 to ShaderMapsBeingCompiled
[2017.03.29-20.07.34:800][  0]LogTemp:Display: Kicking off shader compilation for M_BaseMaterial, GameThreadShaderMap 0x000001F5CF808B80
[2017.03.29-20.07.34:840][  0]LogAIModule: Creating AISystem for world StartupMap
[2017.03.29-20.07.34:885][  0]LogEditorServer: Finished looking for orphan Actors (0.000 secs)
[2017.03.29-20.07.34:887][  0]Cmd: MAP CHECKDEP NOCLEARLOG
[2017.03.29-20.07.35:065][  0]MapCheck: Info Map check complete: 0 Error(s), 0 Warning(s), took 177.848ms to complete.
[2017.03.29-20.07.35:065][  0]LogFileHelpers: Loading map 'StartupMap' took 0.632
[2017.03.29-20.07.35:437][  0]LogCollectionManager: Loaded 0 collections in 0.003039 seconds
[2017.03.29-20.07.35:623][  0]LogFileCache: Scanning file cache for directory 'D:/VRProjects/JosiahCarter/Saved/Collections/' took 0.01s
[2017.03.29-20.07.35:624][  0]LogFileCache: Scanning file cache for directory 'D:/VRProjects/JosiahCarter/Content/Developers/croda/Collections/' took 0.01s
[2017.03.29-20.07.35:624][  0]LogFileCache: Scanning file cache for directory 'D:/VRProjects/JosiahCarter/Content/Collections/' took 0.01s
[2017.03.29-20.07.35:624][  0]LogCollectionManager: Rebuilt the GUID cache for 0 collections in 0.000006 seconds
[2017.03.29-20.07.35:641][  0]LogContentBrowser: Native class hierarchy populated in 0.0156 seconds. Added 2245 classes and 453 folders.
[2017.03.29-20.07.35:650][  0]LogStats: UGameplayTagsManager::ConstructGameplayTagTree: Construct from data asset -  0.000 s
[2017.03.29-20.07.35:650][  0]LogStats: UGameplayTagsManager::ConstructGameplayTagTree: GameplayTagTreeChangedEvent.Broadcast -  0.000 s
[2017.03.29-20.07.35:810][  0]LogContentBrowser: Native class hierarchy updated for 'WidgetCarousel' in 0.0024 seconds. Added 0 classes and 0 folders.
[2017.03.29-20.07.36:113][  0]LogContentBrowser: Native class hierarchy updated for 'AddContentDialog' in 0.0010 seconds. Added 0 classes and 0 folders.
[2017.03.29-20.07.36:236][  0]LogContentBrowser: Native class hierarchy updated for 'SceneOutliner' in 0.0010 seconds. Added 1 classes and 2 folders.
[2017.03.29-20.07.36:492][  0]LogCrashTracker: Crashtracker disabled due to settings.
[2017.03.29-20.07.36:506][  0]LogUObjectGlobals:Warning: Failed to find object 'Class None.'
[2017.03.29-20.07.36:672][  0]LogContentBrowser: Native class hierarchy updated for 'HierarchicalLODOutliner' in 0.0010 seconds. Added 1 classes and 2 folders.
[2017.03.29-20.07.36:675][  0]LogLoad: (Engine Initialization) Total time: 29.31 seconds
[2017.03.29-20.07.36:676][  0]LogLoad: (Engine Initialization) Total Blueprint compile time: 0.07 seconds
[2017.03.29-20.07.36:676][  0]LogExternalProfiler: Found external profiler: VSPerf
[2017.03.29-20.07.36:676][  0]LogExternalProfiler: Using external profiler: VSPerf
[2017.03.29-20.07.37:016][  0]LogOcInput: OculusInput pre-init called
[2017.03.29-20.07.37:042][  0]LogContentStreaming: Texture pool size now 1000 MB
[2017.03.29-20.07.37:048][  0]LogSlate: Took 0.002706 seconds to synchronously load lazily loaded font '../../../Engine/Content/Slate/Fonts/Roboto-Regular.ttf' (155K)
[2017.03.29-20.07.37:058][  0]LogSlate: Took 0.002808 seconds to synchronously load lazily loaded font '../../../Engine/Content/Slate/Fonts/Roboto-Bold.ttf' (160K)
[2017.03.29-20.07.37:072][  0]LogSlate: Took 0.002924 seconds to synchronously load lazily loaded font '../../../Engine/Content/Editor/Slate/Fonts/FontAwesome.ttf' (139K)
[2017.03.29-20.07.37:285][  0]LogSlate: Took 0.002607 seconds to synchronously load lazily loaded font '../../../Engine/Content/Slate/Fonts/Roboto-Light.ttf' (159K)
[2017.03.29-20.07.37:413][  0]LogRenderer: Reallocating scene render targets to support 948x612 NumSamples 1 (Frame:2).
[2017.03.29-20.07.38:516][  4]LogAssetRegistry: Asset discovery search completed in 16.8963 seconds
[2017.03.29-20.07.38:516][  4]LogCollectionManager: Rebuilt the object cache for 0 collections in 0.000030 seconds (found 0 objects)
[2017.03.29-20.07.38:516][  4]LogCollectionManager: Fixed up redirectors for 0 collections in 0.000071 seconds (updated 0 objects)
[2017.03.29-20.07.40:848][ 11]LogTemp:Display: Finished compile of shader map 0x000001F5CF808B80
[2017.03.29-20.07.40:848][ 11]LogTemp:Display: Shader map M_BaseMaterial complete, GameThreadShaderMap 0x000001F5CF808B80, marking material M_BaseMaterial as finished
[2017.03.29-20.07.40:848][ 11]LogTemp:Display: Marking material as finished 0x000001F5CF7DA380
[2017.03.29-20.09.58:860][425]LogSlate: Took 0.001120 seconds to synchronously load lazily loaded font '../../../Engine/Content/Slate/Fonts/Roboto-Light.ttf' (159K)
[2017.03.29-20.10.00:137][425]LogClass:Warning: Enum '/Game/VirtualRealityBP/Blueprints/GripEnum.GripEnum' was upgraded to use FText to store its display name data. Please re-save this asset to avoid issues with localization and determinstic cooking.
[2017.03.29-20.10.00:295][425]LogSlate: Took 0.000834 seconds to synchronously load lazily loaded font '../../../Engine/Content/Slate/Fonts/Roboto-Regular.ttf' (155K)
[2017.03.29-20.10.00:783][425]LogAIModule: Creating AISystem for world MotionControllerMap
[2017.03.29-20.10.00:833][425]Cmd: MAP LOAD FILE="D:/VRProjects/JosiahCarter/Content/VirtualRealityBP/Maps/MotionControllerMap.umap" TEMPLATE=0 SHOWPROGRESS=1 FEATURELEVEL=3
[2017.03.29-20.10.00:833][425]LightingResults: New page: Lighting Build
[2017.03.29-20.10.00:835][425]LoadErrors: New page: Loading map: MotionControllerMap.umap
[2017.03.29-20.10.00:836][425]MapCheck: New page: Map Check
[2017.03.29-20.10.00:836][425]LightingResults: New page: Lighting Build
[2017.03.29-20.10.00:950][425]LogEditorServer: Finished looking for orphan Actors (0.000 secs)
[2017.03.29-20.10.00:966][425]Cmd: MAP CHECKDEP NOCLEARLOG
[2017.03.29-20.10.01:146][425]MapCheck: Info Map check complete: 0 Error(s), 0 Warning(s), took 179.855ms to complete.
[2017.03.29-20.10.01:148][425]LogFileHelpers: Loading map 'MotionControllerMap' took 0.316
[2017.03.29-20.36.34:824][133]LogLinker:Warning: Can't find file '/Script/PerceptionNeuronRuntime'
[2017.03.29-20.36.34:824][133]LoadErrors: Info Failed to load /Script/PerceptionNeuronRuntime.AnimationNode_NewPoseCalc Referenced by AnimGraphNode_NewPoseCalc_87A458DD4E0FC052F5BB879E60D3137B
[2017.03.29-20.36.34:824][133]LogLinker:Warning: Can't find file for asset '/Script/PerceptionNeuronRuntime' while loading D:/VRProjects/JosiahCarter/Content/Characters/JosiahCarter/Mesh/JosiahFinal_AnimBP.uasset.
[2017.03.29-20.36.34:824][133]LoadErrors:Error: Error /Game/Characters/JosiahCarter/Mesh/JosiahFinal_AnimBP : Can't find file for asset. /Script/PerceptionNeuronRuntime
[2017.03.29-20.36.34:824][133]LogProperty:Error: UStructProperty::Serialize Loading: Property 'StructProperty /Game/Characters/JosiahCarter/Mesh/JosiahFinal_AnimBP.JosiahFinal_AnimBP_C:AnimGraphNode_NewPoseCalc_87A458DD4E0FC052F5BB879E60D3137B'. Unknown structure.
[2017.03.29-20.36.34:826][133]LogAnimation:Warning: Invalid animation root node index 33 on '/Game/Characters/JosiahCarter/Mesh/JosiahFinal_AnimBP.JosiahFinal_AnimBP_C' (only 33 nodes)
[2017.03.29-20.36.35:179][133]LogStats: FPlatformStackWalk::StackWalkAndDump -  0.353 s
[2017.03.29-20.36.35:179][133]LogOutputDevice:Error: === Handled ensure: ===
[2017.03.29-20.36.35:179][133]LogOutputDevice:Error: 
[2017.03.29-20.36.35:179][133]LogOutputDevice:Error: Ensure condition failed: bValidRootIndex [File:D:\Build\++UE4+Release-4.15+Compile\Sync\Engine\Source\Runtime\Engine\Private\Animation\AnimBlueprintGeneratedClass.cpp] [Line: 285]
[2017.03.29-20.36.35:179][133]LogOutputDevice:Error: 
[2017.03.29-20.36.35:179][133]LogOutputDevice:Error: Stack: 
[2017.03.29-20.36.35:179][133]LogOutputDevice:Error: UE4Editor-Core.dll!0x000000004BAA95E6
[2017.03.29-20.36.35:179][133]LogOutputDevice:Error: UE4Editor-Core.dll!0x000000004B859B82
[2017.03.29-20.36.35:179][133]LogOutputDevice:Error: UE4Editor-Core.dll!0x000000004B86B666
[2017.03.29-20.36.35:179][133]LogOutputDevice:Error: UE4Editor-Engine.dll!0x00000000433BE381
[2017.03.29-20.36.35:179][133]LogOutputDevice:Error: UE4Editor-CoreUObject.dll!0x000000004C85085C
[2017.03.29-20.36.35:179][133]LogOutputDevice:Error: UE4Editor-Engine.dll!0x00000000435BD656
[2017.03.29-20.36.35:179][133]LogOutputDevice:Error: UE4Editor-CoreUObject.dll!0x000000004C8ADEDE
[2017.03.29-20.36.35:179][133]LogOutputDevice:Error: UE4Editor-CoreUObject.dll!0x000000004C88820E
[2017.03.29-20.36.35:179][133]LogOutputDevice:Error: UE4Editor-CoreUObject.dll!0x000000004C8A2791
[2017.03.29-20.36.35:179][133]LogOutputDevice:Error: UE4Editor-CoreUObject.dll!0x000000004C887289
[2017.03.29-20.36.35:179][133]LogOutputDevice:Error: UE4Editor-CoreUObject.dll!0x000000004C88864B
[2017.03.29-20.36.35:179][133]LogOutputDevice:Error: UE4Editor-CoreUObject.dll!0x000000004C8A4D36
[2017.03.29-20.36.35:179][133]LogOutputDevice:Error: UE4Editor-CoreUObject.dll!0x000000004C984922
[2017.03.29-20.36.35:179][133]LogOutputDevice:Error: UE4Editor-CoreUObject.dll!0x000000004C983ED7
[2017.03.29-20.36.35:179][133]LogOutputDevice:Error: UE4Editor-CoreUObject.dll!0x000000004C8D0834
[2017.03.29-20.36.35:179][133]LogOutputDevice:Error: UE4Editor-CoreUObject.dll!0x000000004C8CF565
[2017.03.29-20.36.35:179][133]LogOutputDevice:Error: UE4Editor-CoreUObject.dll!0x000000004C8D0A85
[2017.03.29-20.36.35:179][133]LogOutputDevice:Error: UE4Editor-CoreUObject.dll!0x000000004C8CF565
[2017.03.29-20.36.35:179][133]LogOutputDevice:Error: UE4Editor-CoreUObject.dll!0x000000004C8893C6
[2017.03.29-20.36.35:179][133]LogOutputDevice:Error: UE4Editor-CoreUObject.dll!0x000000004C7E2D0F
[2017.03.29-20.36.35:179][133]LogOutputDevice:Error: UE4Editor-CoreUObject.dll!0x000000004C7E1AB5
[2017.03.29-20.36.35:179][133]LogOutputDevice:Error: UE4Editor-CoreUObject.dll!0x000000004C8AE14F
[2017.03.29-20.36.35:179][133]LogOutputDevice:Error: UE4Editor-CoreUObject.dll!0x000000004C88820E
[2017.03.29-20.36.35:179][133]LogOutputDevice:Error: UE4Editor-CoreUObject.dll!0x000000004C8A2791
[2017.03.29-20.36.35:179][133]LogOutputDevice:Error: UE4Editor-CoreUObject.dll!0x000000004C887289
[2017.03.29-20.36.35:179][133]LogOutputDevice:Error: UE4Editor-CoreUObject.dll!0x000000004C88864B
[2017.03.29-20.36.35:179][133]LogOutputDevice:Error: UE4Editor-CoreUObject.dll!0x000000004C8A4D36
[2017.03.29-20.36.35:179][133]LogOutputDevice:Error: UE4Editor-CoreUObject.dll!0x000000004C984922
[2017.03.29-20.36.35:179][133]LogOutputDevice:Error: UE4Editor-CoreUObject.dll!0x000000004C983ED7
[2017.03.29-20.36.35:179][133]LogOutputDevice:Error: UE4Editor-CoreUObject.dll!0x000000004C8D0834
[2017.03.29-20.36.35:179][133]LogOutputDevice:Error: UE4Editor-CoreUObject.dll!0x000000004C8CF565
[2017.03.29-20.36.35:179][133]LogOutputDevice:Error: UE4Editor-CoreUObject.dll!0x000000004C8D0A85
[2017.03.29-20.36.35:179][133]LogOutputDevice:Error: UE4Editor-CoreUObject.dll!0x000000004C8CF565
[2017.03.29-20.36.35:179][133]LogOutputDevice:Error: UE4Editor-CoreUObject.dll!0x000000004C8CF3A8
[2017.03.29-20.36.35:180][133]LogOutputDevice:Error: UE4Editor-CoreUObject.dll!0x000000004C891E6A
[2017.03.29-20.36.35:180][133]LogOutputDevice:Error: UE4Editor-CoreUObject.dll!0x000000004C8CE5C5
[2017.03.29-20.36.35:180][133]LogOutputDevice:Error: UE4Editor-CoreUObject.dll!0x000000004C88A6EB
[2017.03.29-20.36.35:180][133]LogOutputDevice:Error: UE4Editor-CoreUObject.dll!0x000000004C8A06E4
[2017.03.29-20.36.35:180][133]LogOutputDevice:Error: UE4Editor-CoreUObject.dll!0x000000004C9846DC
[2017.03.29-20.36.35:180][133]LogOutputDevice:Error: UE4Editor-CoreUObject.dll!0x000000004C983ED7
[2017.03.29-20.36.35:180][133]LogOutputDevice:Error: UE4Editor-CoreUObject.dll!0x000000004C8D0834
[2017.03.29-20.36.35:180][133]LogOutputDevice:Error: UE4Editor-CoreUObject.dll!0x000000004C8CF565
[2017.03.29-20.36.35:180][133]LogOutputDevice:Error: UE4Editor-CoreUObject.dll!0x000000004C8D0A85
[2017.03.29-20.36.35:180][133]LogOutputDevice:Error: UE4Editor-CoreUObject.dll!0x000000004C8CF565
[2017.03.29-20.36.35:180][133]LogOutputDevice:Error: UE4Editor-CoreUObject.dll!0x000000004C8CF3A8
[2017.03.29-20.36.35:180][133]LogOutputDevice:Error: UE4Editor-CoreUObject.dll!0x000000004C891E6A
[2017.03.29-20.36.35:180][133]LogOutputDevice:Error: UE4Editor-CoreUObject.dll!0x000000004C8CE5C5
[2017.03.29-20.36.35:180][133]LogOutputDevice:Error: UE4Editor-CoreUObject.dll!0x000000004C88A6EB
[2017.03.29-20.36.35:180][133]LogOutputDevice:Error: UE4Editor-CoreUObject.dll!0x000000004C8A06E4
[2017.03.29-20.36.35:180][133]LogOutputDevice:Error: UE4Editor-CoreUObject.dll!0x000000004C9846DC
[2017.03.29-20.36.35:180][133]LogOutputDevice:Error: UE4Editor-CoreUObject.dll!0x000000004C983E67
[2017.03.29-20.36.35:180][133]LogOutputDevice:Error: UE4Editor-CoreUObject.dll!0x000000004C99BC57
[2017.03.29-20.36.35:180][133]LogOutputDevice:Error: UE4Editor-CoreUObject.dll!0x000000004C9A6A41
[2017.03.29-20.36.35:180][133]LogOutputDevice:Error: UE4Editor-CoreUObject.dll!0x000000004C9A61E6
[2017.03.29-20.36.35:180][133]LogOutputDevice:Error: UE4Editor-UnrealEd.dll!0x00000000413C88A7
[2017.03.29-20.36.35:180][133]LogOutputDevice:Error: UE4Editor-UnrealEd.dll!0x0000000041650427
[2017.03.29-20.36.35:180][133]LogOutputDevice:Error: UE4Editor-UnrealEd.dll!0x000000004165850C
[2017.03.29-20.36.35:180][133]LogOutputDevice:Error: UE4Editor-ContentBrowser.dll!0x00000000339DADCF
[2017.03.29-20.36.35:180][133]LogOutputDevice:Error: UE4Editor-ContentBrowser.dll!0x00000000338E7EE2
[2017.03.29-20.36.35:180][133]LogOutputDevice:Error: UE4Editor-ContentBrowser.dll!0x00000000338EC2A4
[2017.03.29-20.36.35:180][133]LogOutputDevice:Error: UE4Editor-ContentBrowser.dll!0x000000003398986D
[2017.03.29-20.36.35:180][133]LogOutputDevice:Error: UE4Editor-ContentBrowser.dll!0x0000000033984355
[2017.03.29-20.36.35:180][133]LogOutputDevice:Error: UE4Editor-ContentBrowser.dll!0x00000000339D937C
[2017.03.29-20.36.35:180][133]LogOutputDevice:Error: UE4Editor-Slate.dll!0x0000000042B739CE
[2017.03.29-20.36.35:180][133]LogOutputDevice:Error: UE4Editor-Slate.dll!0x0000000042B4461E
[2017.03.29-20.36.35:180][133]LogOutputDevice:Error: UE4Editor-Slate.dll!0x0000000042BE5FA3
[2017.03.29-20.36.35:180][133]LogOutputDevice:Error: UE4Editor-Slate.dll!0x0000000042BD1A9B
[2017.03.29-20.36.35:180][133]LogOutputDevice:Error: UE4Editor-Slate.dll!0x0000000042BBFFCC
[2017.03.29-20.36.35:180][133]LogOutputDevice:Error: UE4Editor-Core.dll!0x000000004BA9CC53
[2017.03.29-20.36.35:180][133]LogOutputDevice:Error: UE4Editor-Core.dll!0x000000004BA867C1
[2017.03.29-20.36.35:180][133]LogOutputDevice:Error: UE4Editor-Core.dll!0x000000004BA9EA1C
[2017.03.29-20.36.35:180][133]LogOutputDevice:Error: UE4Editor-Core.dll!0x000000004BA826E9
[2017.03.29-20.36.35:180][133]LogOutputDevice:Error: USER32.dll!0x00000000833A1C24
[2017.03.29-20.36.35:180][133]LogOutputDevice:Error: USER32.dll!0x00000000833A156C
[2017.03.29-20.36.35:180][133]LogOutputDevice:Error: UE4Editor-Core.dll!0x000000004BA9F326
[2017.03.29-20.36.35:180][133]LogOutputDevice:Error: UE4Editor.exe!0x0000000002D5D790
[2017.03.29-20.36.35:180][133]LogOutputDevice:Error: UE4Editor.exe!0x0000000002D4EB40
[2017.03.29-20.36.35:180][133]LogOutputDevice:Error: UE4Editor.exe!0x0000000002D4EBBA
[2017.03.29-20.36.35:180][133]LogOutputDevice:Error: UE4Editor.exe!0x0000000002D60A29
[2017.03.29-20.36.35:180][133]LogOutputDevice:Error: UE4Editor.exe!0x0000000002D622B6
[2017.03.29-20.36.35:180][133]LogOutputDevice:Error: KERNEL32.DLL!0x0000000085B28364
[2017.03.29-20.36.35:180][133]LogOutputDevice:Error: ntdll.dll!0x0000000085C970D1
[2017.03.29-20.36.35:180][133]LogOutputDevice:Error: 
[2017.03.29-20.36.35:190][133]LogStats:                SubmitErrorReport -  0.000 s
