Log file open, 04/06/17 14:58:14
LogInit:Display: Running engine for game: JosiahCarter
LogPlatformFile: Not using cached read wrapper
LogInit:Display: RandInit(-180485292) SRandInit(-180485292).
LogTaskGraph: Started task graph with 5 named threads and 8 total threads with 1 sets of task threads.
LogStats: Stats thread started at 0.242359
LogInit: Using libcurl 7.47.1
LogInit:  - built for x86_64-pc-win32
LogInit:  - supports SSL with OpenSSL/1.0.2g
LogInit:  - supports HTTP deflate (compression) using libz 1.2.8
LogInit:  - other features:
LogInit:      CURL_VERSION_SSL
LogInit:      CURL_VERSION_LIBZ
LogInit:      CURL_VERSION_IPV6
LogInit:      CURL_VERSION_ASYNCHDNS
LogInit:      CURL_VERSION_LARGEFILE
LogInit:      CURL_VERSION_IDN
LogInit:  CurlRequestOptions (configurable via config and command line):
LogInit:  - bVerifyPeer = false  - Libcurl will NOT verify peer certificate
LogInit:  - bUseHttpProxy = false  - Libcurl will NOT use HTTP proxy
LogInit:  - bDontReuseConnections = false  - Libcurl will reuse connections
LogInit:  - CertBundlePath = nullptr  - Libcurl will use whatever was configured at build time.
LogInit: Build: ++UE4+Release-4.15-CL-3348071
LogInit: Engine Version: 4.15.1-3348071+++UE4+Release-4.15
LogInit: Compatible Engine Version: 4.15.0-3299760+++UE4+Release-4.15
LogInit: Net CL: 3299760
LogDevObjectVersion: Number of dev versions registered: 14
LogDevObjectVersion:   Dev-Blueprints (B0D832E4-1F89-4F0D-ACCF-7EB736FD4AA2): 8
LogDevObjectVersion:   Dev-Build (E1C64328-A22C-4D53-A36C-8E866417BD8C): 0
LogDevObjectVersion:   Dev-Core (375EC13C-06E4-48FB-B500-84F0262A717E): 2
LogDevObjectVersion:   Dev-Editor (E4B068ED-F494-42E9-A231-DA0B2E46BB41): 14
LogDevObjectVersion:   Dev-Framework (CFFC743F-43B0-4480-9391-14DF171D2073): 22
LogDevObjectVersion:   Dev-Mobile (B02B49B5-BB20-44E9-A304-32B752E40360): 0
LogDevObjectVersion:   Dev-Networking (A4E4105C-59A1-49B5-A7C5-40C4547EDFEE): 0
LogDevObjectVersion:   Dev-Online (39C831C9-5AE6-47DC-9A44-9C173E1C8E7C): 0
LogDevObjectVersion:   Dev-Physics (78F01B33-EBEA-4F98-B9B4-84EACCB95AA2): 0
LogDevObjectVersion:   Dev-Platform (6631380F-2D4D-43E0-8009-CF276956A95A): 0
LogDevObjectVersion:   Dev-Rendering (12F88B9F-8875-4AFC-A67C-D90C383ABD29): 12
LogDevObjectVersion:   Dev-Sequencer (7B5AE74C-D270-4C10-A958-57980B212A5A): 3
LogDevObjectVersion:   Dev-VR (D7296918-1DD6-4BDD-9DE2-64A83CC13884): 0
LogDevObjectVersion:   Dev-LoadTimes (C2A15278-BFE7-4AFE-6C17-90FF531DF755): 1
LogInit: Compiled (64-bit): Mar 15 2017 16:52:47
LogInit: Compiled with Visual C++: 19.00.23026.00
LogInit: Build Configuration: Development
LogInit: Branch Name: ++UE4+Release-4.15
LogInit: Command line:  
LogInit: Base directory: C:/Program Files/Epic Games/UE_4.15/Engine/Binaries/Win64/
LogInit: Installed Engine Build: 1
LogInit: Presizing for max 8388607 objects, including 0 objects not considered by GC, pre-allocating 0 bytes for permanent pool.
LogInit: Object subsystem initialized
[2017.04.06-18.58.15:930][  0]LogConsoleManager:Display: Setting the console variable 'r.RHICmdBypass' with 'SetByProjectSetting' was ignored as it is lower priority than the previous 'SetBySystemSettingsIni'. Value remains '1'
[2017.04.06-18.58.15:942][  0]LogInit: Selected Device Profile: [Windows]
[2017.04.06-18.58.15:942][  0]LogInit: Applying CVar settings loaded from the selected device profile: [Windows]
[2017.04.06-18.58.15:955][  0]LogInit: Computer: CRODAWIN10
[2017.04.06-18.58.15:955][  0]LogInit: User: croda
[2017.04.06-18.58.15:955][  0]LogInit: CPU Page size=65536, Cores=4
[2017.04.06-18.58.15:955][  0]LogInit: High frequency timer resolution =2.630639 MHz
[2017.04.06-18.58.15:956][  0]LogMemory: Memory total: Physical=15.9GB (16GB approx)
[2017.04.06-18.58.15:956][  0]LogMemory: Platform Memory Stats for Windows
[2017.04.06-18.58.15:956][  0]LogMemory: Process Physical Memory: 266.06 MB used, 266.06 MB peak
[2017.04.06-18.58.15:956][  0]LogMemory: Process Virtual Memory: 262.61 MB used, 262.61 MB peak
[2017.04.06-18.58.15:956][  0]LogMemory: Physical Memory: 7050.57 MB used,  9238.54 MB free, 16289.12 MB total
[2017.04.06-18.58.15:956][  0]LogMemory: Virtual Memory: 645.59 MB used,  9238.54 MB free, 134217728.00 MB total
[2017.04.06-18.58.16:180][  0]LogTextLocalizationManager: No specific translations for ('en-US') exist, so ('en') translations will be used.
[2017.04.06-18.58.17:877][  0]LogD3D11RHI: D3D11 adapters:
[2017.04.06-18.58.17:921][  0]LogD3D11RHI:    0. 'NVIDIA Quadro K5100M' (Feature Level 11_0)
[2017.04.06-18.58.17:921][  0]LogD3D11RHI:       8153/0/8144 MB DedicatedVideo/DedicatedSystem/SharedSystem, Outputs:3, VendorId:0x10de
[2017.04.06-18.58.17:927][  0]LogD3D11RHI:    1. 'Intel(R) HD Graphics 4600' (Feature Level 11_0)
[2017.04.06-18.58.17:927][  0]LogD3D11RHI:       112/0/2048 MB DedicatedVideo/DedicatedSystem/SharedSystem, Outputs:0, VendorId:0x8086
[2017.04.06-18.58.17:928][  0]LogD3D11RHI:    2. 'Microsoft Basic Render Driver' (Feature Level 11_0)
[2017.04.06-18.58.17:928][  0]LogD3D11RHI:       0/0/8144 MB DedicatedVideo/DedicatedSystem/SharedSystem, Outputs:0, VendorId:0x1414
[2017.04.06-18.58.17:928][  0]LogD3D11RHI: Chosen D3D11 Adapter: 0
[2017.04.06-18.58.17:936][  0]LogD3D11RHI: Creating new Direct3DDevice
[2017.04.06-18.58.17:936][  0]LogD3D11RHI:     GPU DeviceId: 0x11b8 (for the marketing name, search the web for "GPU Device Id")
[2017.04.06-18.58.17:936][  0]LogWindows: EnumDisplayDevices:
[2017.04.06-18.58.17:936][  0]LogWindows:    0. 'Intel(R) HD Graphics 4600' (P:1 D:1)
[2017.04.06-18.58.17:936][  0]LogWindows:    1. 'Intel(R) HD Graphics 4600' (P:0 D:0)
[2017.04.06-18.58.17:937][  0]LogWindows:    2. 'Intel(R) HD Graphics 4600' (P:0 D:0)
[2017.04.06-18.58.17:937][  0]LogWindows:    3. 'NVIDIA Quadro K5100M' (P:0 D:1)
[2017.04.06-18.58.17:937][  0]LogWindows:    4. 'NVIDIA Quadro K5100M' (P:0 D:1)
[2017.04.06-18.58.17:937][  0]LogWindows:    5. 'NVIDIA Quadro K5100M' (P:0 D:0)
[2017.04.06-18.58.17:938][  0]LogWindows:    6. 'NVIDIA Quadro K5100M' (P:0 D:0)
[2017.04.06-18.58.17:938][  0]LogWindows: DebugString: PrimaryIsNotTheChoosenAdapter PrimaryIsNotTheChoosenAdapter PrimaryIsNotTheChoosenAdapter FoundDriverCount:4 
[2017.04.06-18.58.17:938][  0]LogD3D11RHI:     Adapter Name: NVIDIA Quadro K5100M
[2017.04.06-18.58.17:938][  0]LogD3D11RHI:   Driver Version: 376.54 (internal:21.21.13.7654, unified:376.54)
[2017.04.06-18.58.17:938][  0]LogD3D11RHI:      Driver Date: 12-29-2016
[2017.04.06-18.58.17:938][  0]LogRHI: Texture pool is 1361 MB (70% of 1945 MB)
[2017.04.06-18.58.17:963][  0]LogD3D11RHI:Warning: Timestamp queries are currently disabled on this hardware due to instability. Realtime GPU stats will not be available. You can override this behaviour by setting r.NVIDIATimestampWorkaround to 0
[2017.04.06-18.58.17:965][  0]LogD3D11RHI: Async texture creation enabled
[2017.04.06-18.58.17:983][  0]LogD3D11RHI: GPU Timing Frequency: 1000.000000 (Debug: 2 2)
[2017.04.06-18.58.18:097][  0]LogShaderCompilers: Guid format shader working directory is 19 characters bigger than the processId version (D:/VRProjects/JosiahCarter/Intermediate/Shaders/WorkingDirectory/15520/).
[2017.04.06-18.58.18:097][  0]LogShaderCompilers: Cleaned the shader compiler working directory 'C:/Users/croda/AppData/Local/Temp/UnrealShaderWorkingDir/8DE62A214E21ED165368F981DFEF5634/'.
[2017.04.06-18.58.18:097][  0]LogShaderCompilers:Display: Using Local Shader Compiler.
[2017.04.06-18.58.20:497][  0]LogTemp:Display: Loaded TP AllDesktopTargetPlatform
[2017.04.06-18.58.20:573][  0]LogTemp:Display: Loaded TP MacClientTargetPlatform
[2017.04.06-18.58.20:651][  0]LogTemp:Display: Loaded TP MacNoEditorTargetPlatform
[2017.04.06-18.58.20:722][  0]LogTemp:Display: Loaded TP MacServerTargetPlatform
[2017.04.06-18.58.20:796][  0]LogTemp:Display: Loaded TP MacTargetPlatform
[2017.04.06-18.58.20:867][  0]LogTemp:Display: Loaded TP WindowsClientTargetPlatform
[2017.04.06-18.58.20:945][  0]LogTemp:Display: Loaded TP WindowsNoEditorTargetPlatform
[2017.04.06-18.58.21:020][  0]LogTemp:Display: Loaded TP WindowsServerTargetPlatform
[2017.04.06-18.58.21:079][  0]LogTemp:Display: Loaded TP WindowsTargetPlatform
[2017.04.06-18.58.21:157][  0]LogTemp:Display: Loaded TP AndroidTargetPlatform
[2017.04.06-18.58.21:226][  0]LogTemp:Display: Loaded TP Android_ASTCTargetPlatform
[2017.04.06-18.58.21:297][  0]LogTemp:Display: Loaded TP Android_ATCTargetPlatform
[2017.04.06-18.58.21:369][  0]LogTemp:Display: Loaded TP Android_DXTTargetPlatform
[2017.04.06-18.58.21:444][  0]LogTemp:Display: Loaded TP Android_ETC1TargetPlatform
[2017.04.06-18.58.21:510][  0]LogTemp:Display: Loaded TP Android_ETC2TargetPlatform
[2017.04.06-18.58.21:673][  0]LogTemp:Display: Loaded TP Android_MultiTargetPlatform
[2017.04.06-18.58.21:673][  0]LogTemp:Display: Loaded TP Android_PVRTCTargetPlatform
[2017.04.06-18.58.21:731][  0]LogTemp:Display: Loaded TP HTML5TargetPlatform
[2017.04.06-18.58.21:862][  0]LogTemp:Display: Loaded TP IOSTargetPlatform
[2017.04.06-18.58.21:915][  0]LogTemp:Display: Loaded TP TVOSTargetPlatform
[2017.04.06-18.58.21:987][  0]LogTemp:Display: Loaded TP LinuxClientTargetPlatform
[2017.04.06-18.58.22:056][  0]LogTemp:Display: Loaded TP LinuxNoEditorTargetPlatform
[2017.04.06-18.58.22:129][  0]LogTemp:Display: Loaded TP LinuxServerTargetPlatform
[2017.04.06-18.58.22:206][  0]LogTemp:Display: Loaded TP LinuxTargetPlatform
[2017.04.06-18.58.22:206][  0]LogTargetPlatformManager:Display: Building Assets For Windows
[2017.04.06-18.58.22:900][  0]LogDerivedDataCache:Display: Max Cache Size: 512 MB
[2017.04.06-18.58.23:136][  0]LogDerivedDataCache: Loaded boot cache 0.24s 51MB C:/Users/croda/AppData/Local/UnrealEngine/4.15/DerivedDataCache/Boot.ddc.
[2017.04.06-18.58.23:136][  0]LogDerivedDataCache:Display: Loaded Boot cache: C:/Users/croda/AppData/Local/UnrealEngine/4.15/DerivedDataCache/Boot.ddc
[2017.04.06-18.58.23:136][  0]LogDerivedDataCache: FDerivedDataBackendGraph:  Pak pak cache file D:/VRProjects/JosiahCarter/DerivedDataCache/DDC.ddp not found, will not use a pak cache.
[2017.04.06-18.58.23:136][  0]LogDerivedDataCache: Unable to find inner node Pak for hierarchical cache Hierarchy.
[2017.04.06-18.58.23:136][  0]LogDerivedDataCache: FDerivedDataBackendGraph:  CompressedPak pak cache file D:/VRProjects/JosiahCarter/DerivedDataCache/Compressed.ddp not found, will not use a pak cache.
[2017.04.06-18.58.23:136][  0]LogDerivedDataCache: Unable to find inner node CompressedPak for hierarchical cache Hierarchy.
[2017.04.06-18.58.23:166][  0]LogDerivedDataCache:Display: Pak cache opened for reading ../../../Engine/DerivedDataCache/Compressed.ddp.
[2017.04.06-18.58.23:179][  0]LogDerivedDataCache: Using Local data cache path C:/Users/croda/AppData/Local/UnrealEngine/Common/DerivedDataCache: Writable
[2017.04.06-18.58.23:192][  0]LogSlate: Using Freetype 2.6.0
[2017.04.06-18.58.23:198][  0]LogSlate: SlateFontCache - WITH_FREETYPE: 1, WITH_HARFBUZZ: 1
[2017.04.06-18.58.23:198][  0]LogSlate: SlateFontCache - WITH_FREETYPE: 1, WITH_HARFBUZZ: 1
[2017.04.06-18.58.24:787][  0]LogInit: Selected Device Profile: [Windows]
[2017.04.06-18.58.24:791][  0]LogContentStreaming: Texture pool size is 0.00 MB
[2017.04.06-18.58.25:069][  0]LogMeshUtilities: Using QuadricMeshReduction for automatic static mesh reduction
[2017.04.06-18.58.25:126][  0]LogSimplygon: Simplygon DLL not present - disabling.
[2017.04.06-18.58.25:192][  0]LogMeshUtilities: Using SimplygonSwarm for distributed automatic mesh merging
[2017.04.06-18.58.25:192][  0]LogMeshUtilities: No automatic skeletal mesh reduction module available
[2017.04.06-18.58.25:192][  0]LogMeshUtilities: No automatic mesh merging module available
[2017.04.06-18.58.26:221][  0]LogNetVersion: GetLocalNetworkVersion: CL: 3299760, ProjectName: josiahcarter, ProjectVersion: , EngineNetworkVersion: 2, GameNetworkVersion: 0, NetworkChecksum: 64830108
[2017.04.06-18.58.26:275][  0]LogAssetRegistry: FAssetRegistry took 0.0225 seconds to start up
[2017.04.06-18.58.26:347][  0]LogPackageLocalizationCache: Processed 4 localized package path(s) for 2 prioritized culture(s) in 0.044430 seconds
[2017.04.06-18.58.26:354][  0]LogUObjectArray: 32493 objects as part of root set at end of initial load.
[2017.04.06-18.58.26:355][  0]LogUObjectAllocator: 7077032 out of 0 bytes used by permanent object pool.
[2017.04.06-18.58.26:355][  0]LogUObjectArray: CloseDisregardForGC: 0/0 objects in disregard for GC pool
[2017.04.06-18.58.26:447][  0]LogInit: WinSock: version 1.1 (2.2), MaxSocks=32767, MaxUdp=65467
[2017.04.06-18.58.29:872][  0]LogSubstanceCoreModule: Substance [CPU] Engine Loaded, Max Texture Size = 2048
[2017.04.06-18.58.29:914][  0]LogTcpMessaging: Initializing TcpMessaging bridge
[2017.04.06-18.58.29:957][  0]LogUdpMessaging: Initializing bridge on interface 0.0.0.0:0 to multicast group 230.0.0.1:6666.
[2017.04.06-18.58.30:611][  0]LogMaterial: Uniform references updated for custom material expression Custom.
[2017.04.06-18.58.31:207][  0]SourceControl: Info Source control is disabled
[2017.04.06-18.58.31:208][  0]SourceControl: Info Source control is disabled
[2017.04.06-18.58.31:270][  0]SourceControl: Info Source control is disabled
[2017.04.06-18.58.31:328][  0]SourceControl: Info Source control is disabled
[2017.04.06-18.58.32:505][  0]LogHoudiniEngine: Starting the Houdini Engine module.
[2017.04.06-18.58.32:510][  0]LogHoudiniEngine: Loaded libHAPIL.dll from Registry path C:\Program Files\Side Effects Software\Houdini 16.0.557/bin
[2017.04.06-18.58.32:513][  0]LogLinker:Warning: Asset '../../../Engine/Plugins/Runtime/HoudiniEngine/Content/houdini_logo.uasset' has been saved with empty engine version. The asset will be loaded but may be incompatible.
[2017.04.06-18.58.32:517][  0]LogLinker:Warning: Asset '../../../Engine/Plugins/Runtime/HoudiniEngine/Content/houdini_default_material.uasset' has been saved with empty engine version. The asset will be loaded but may be incompatible.
[2017.04.06-18.58.32:524][  0]LogLinker:Warning: Asset '../../../Engine/Plugins/Runtime/HoudiniEngine/Content/houdini_bgeo_import.uasset' has been saved with empty engine version. The asset will be loaded but may be incompatible.
[2017.04.06-18.58.35:769][  0]LogHoudiniEngine: Successfully intialized the Houdini Engine API module.
[2017.04.06-18.58.36:548][  0]LogEngine: Initializing Engine...
[2017.04.06-18.58.36:550][  0]LogHMD: Failed to initialize OpenVR with code 101
[2017.04.06-18.58.36:943][  0]LogAIModule: Creating AISystem for world Untitled
[2017.04.06-18.58.36:960][  0]LogInit: XAudio2 using 'Headphone (Realtek High Definition Audio)' : 2 channels at 48 kHz using 32 bits per sample (channel mask 0x3)
[2017.04.06-18.58.36:988][  0]LogInit: FAudioDevice initialized.
[2017.04.06-18.58.37:161][  0]LogDerivedDataCache: Saved boot cache 0.17s 51MB C:/Users/croda/AppData/Local/UnrealEngine/4.15/DerivedDataCache/Boot.ddc.
[2017.04.06-18.58.37:171][  0]LogInit: Texture streaming: Enabled
[2017.04.06-18.58.37:287][  0]LogEngineSessionManager: EngineSessionManager initialized
[2017.04.06-18.58.37:436][  0]LogInit: Transaction tracking system initialized
[2017.04.06-18.58.38:019][  0]BlueprintLog: New page: Editor Load
[2017.04.06-18.58.39:387][  0]LocalizationService: Info Localization service is disabled
[2017.04.06-18.58.40:401][  0]LogConsoleResponse:Display: 
[2017.04.06-18.58.40:657][  0]LogCook:Display: Max memory allowance for cook 16384mb min free memory 0mb
[2017.04.06-18.58.40:657][  0]LogCook:Display: Mobile HDR setting 1
[2017.04.06-18.58.41:434][  0]LogFileCache: Scanning file cache for directory 'D:/VRProjects/JosiahCarter/Content/' took 0.02s
[2017.04.06-18.58.41:610][  0]LogHoudiniEngineEditor: Starting the Houdini Engine Editor module.
[2017.04.06-18.58.42:217][  0]SourceControl: Info Source control is disabled
[2017.04.06-18.58.42:217][  0]Cmd: MAP LOAD FILE="D:/VRProjects/JosiahCarter/Content/VirtualRealityBP/Maps/StartupMap.umap" TEMPLATE=0 SHOWPROGRESS=1 FEATURELEVEL=3
[2017.04.06-18.58.42:222][  0]LightingResults: New page: Lighting Build
[2017.04.06-18.58.42:281][  0]MapCheck: New page: Map Check
[2017.04.06-18.58.42:281][  0]LightingResults: New page: Lighting Build
[2017.04.06-18.58.42:481][  0]LogAIModule: Creating AISystem for world StartupMap
[2017.04.06-18.58.42:518][  0]LogEditorServer: Finished looking for orphan Actors (0.000 secs)
[2017.04.06-18.58.42:519][  0]Cmd: MAP CHECKDEP NOCLEARLOG
[2017.04.06-18.58.42:659][  0]MapCheck: Info Map check complete: 0 Error(s), 0 Warning(s), took 139.558ms to complete.
[2017.04.06-18.58.42:659][  0]LogFileHelpers: Loading map 'StartupMap' took 0.442
[2017.04.06-18.58.42:744][  0]LogWindowsTextInputMethodSystem:Display: IME system now deactivated.
[2017.04.06-18.58.42:946][  0]LogCollectionManager: Loaded 0 collections in 0.001617 seconds
[2017.04.06-18.58.43:085][  0]LogFileCache: Scanning file cache for directory 'D:/VRProjects/JosiahCarter/Saved/Collections/' took 0.01s
[2017.04.06-18.58.43:085][  0]LogFileCache: Scanning file cache for directory 'D:/VRProjects/JosiahCarter/Content/Developers/croda/Collections/' took 0.01s
[2017.04.06-18.58.43:085][  0]LogFileCache: Scanning file cache for directory 'D:/VRProjects/JosiahCarter/Content/Collections/' took 0.01s
[2017.04.06-18.58.43:085][  0]LogCollectionManager: Rebuilt the GUID cache for 0 collections in 0.000005 seconds
[2017.04.06-18.58.43:099][  0]LogContentBrowser: Native class hierarchy populated in 0.0126 seconds. Added 2294 classes and 465 folders.
[2017.04.06-18.58.43:103][  0]LogStats: UGameplayTagsManager::ConstructGameplayTagTree: Construct from data asset -  0.000 s
[2017.04.06-18.58.43:103][  0]LogStats: UGameplayTagsManager::ConstructGameplayTagTree: GameplayTagTreeChangedEvent.Broadcast -  0.000 s
[2017.04.06-18.58.43:211][  0]LogContentBrowser: Native class hierarchy updated for 'WidgetCarousel' in 0.0006 seconds. Added 0 classes and 0 folders.
[2017.04.06-18.58.43:393][  0]LogContentBrowser: Native class hierarchy updated for 'AddContentDialog' in 0.0007 seconds. Added 0 classes and 0 folders.
[2017.04.06-18.58.43:475][  0]LogContentBrowser: Native class hierarchy updated for 'SceneOutliner' in 0.0006 seconds. Added 1 classes and 2 folders.
[2017.04.06-18.58.43:634][  0]LogCrashTracker: Crashtracker disabled due to settings.
[2017.04.06-18.58.43:646][  0]LogUObjectGlobals:Warning: Failed to find object 'Class None.'
[2017.04.06-18.58.43:738][  0]LogContentBrowser: Native class hierarchy updated for 'HierarchicalLODOutliner' in 0.0010 seconds. Added 1 classes and 2 folders.
[2017.04.06-18.58.43:739][  0]LogLoad: (Engine Initialization) Total time: 31.83 seconds
[2017.04.06-18.58.43:739][  0]LogLoad: (Engine Initialization) Total Blueprint compile time: 0.07 seconds
[2017.04.06-18.58.43:739][  0]LogExternalProfiler: Found external profiler: VSPerf
[2017.04.06-18.58.43:739][  0]LogExternalProfiler: Using external profiler: VSPerf
[2017.04.06-18.58.43:758][  0]LogOcInput: OculusInput pre-init called
[2017.04.06-18.58.43:782][  0]LogContentStreaming: Texture pool size now 1000 MB
[2017.04.06-18.58.43:785][  0]LogSlate: Took 0.001882 seconds to synchronously load lazily loaded font '../../../Engine/Content/Slate/Fonts/Roboto-Regular.ttf' (155K)
[2017.04.06-18.58.43:793][  0]LogSlate: Took 0.002655 seconds to synchronously load lazily loaded font '../../../Engine/Content/Slate/Fonts/Roboto-Bold.ttf' (160K)
[2017.04.06-18.58.43:806][  0]LogSlate: Took 0.002429 seconds to synchronously load lazily loaded font '../../../Engine/Content/Editor/Slate/Fonts/FontAwesome.ttf' (139K)
[2017.04.06-18.58.44:063][  0]LogRenderer: Reallocating scene render targets to support 948x692 NumSamples 1 (Frame:2).
[2017.04.06-18.58.44:194][  2]LogAssetRegistry: Asset discovery search completed in 17.9412 seconds
[2017.04.06-18.58.44:194][  2]LogCollectionManager: Rebuilt the object cache for 0 collections in 0.000040 seconds (found 0 objects)
[2017.04.06-18.58.44:194][  2]LogCollectionManager: Fixed up redirectors for 0 collections in 0.000100 seconds (updated 0 objects)
[2017.04.06-18.58.44:791][ 32]LogSlate: Took 0.002253 seconds to synchronously load lazily loaded font '../../../Engine/Content/Slate/Fonts/Roboto-Light.ttf' (159K)
[2017.04.06-18.58.48:006][224]LogSlate: Took 0.000890 seconds to synchronously load lazily loaded font '../../../Engine/Content/Slate/Fonts/Roboto-Light.ttf' (159K)
[2017.04.06-18.59.00:797][977]LogSlate: Took 0.000715 seconds to synchronously load lazily loaded font '../../../Engine/Content/Slate/Fonts/Roboto-Light.ttf' (159K)
[2017.04.06-18.59.00:905][977]LogMaterial: Missing cached shader map for material NewMaterial, compiling. 
[2017.04.06-18.59.00:906][977]LogTemp:Display: Added material ShaderMap 0x0000020DC3A60800 with Material 0x0000020DC3971300 to ShaderMapsBeingCompiled
[2017.04.06-18.59.00:928][977]LogTemp:Display: Kicking off shader compilation for NewMaterial, GameThreadShaderMap 0x0000020DC3A60800
[2017.04.06-18.59.01:050][977]LogMaterial: Missing cached shader map for material NewMaterial, compiling. 
[2017.04.06-18.59.01:051][977]LogTemp:Display: Added material ShaderMap 0x0000020DC2B3AB00 with Material 0x0000020DC3971300 to ShaderMapsBeingCompiled
[2017.04.06-18.59.01:062][977]LogTemp:Display: Kicking off shader compilation for NewMaterial, GameThreadShaderMap 0x0000020DC2B3AB00
[2017.04.06-18.59.01:062][977]LogMaterial: 0.00 seconds spent updating 1 materials, 1 interfaces, 0 instances, 0 with static permutations.
[2017.04.06-18.59.01:109][977]LogSlate: Took 0.002441 seconds to synchronously load lazily loaded font '../../../Engine/Content/Editor/Slate/Fonts/Roboto-BoldCondensed.ttf' (158K)
[2017.04.06-18.59.03:501][ 72]LogTemp:Display: Finished compile of shader map 0x0000020DC2B3AB00
[2017.04.06-18.59.03:501][ 72]LogTemp:Display: Shader map NewMaterial complete, GameThreadShaderMap 0x0000020DC2B3AB00, marking material NewMaterial as finished
[2017.04.06-18.59.03:501][ 72]LogTemp:Display: Marking material as finished 0x0000020DC3971300
[2017.04.06-18.59.03:518][ 73]MaterialEditorStats: Info Base pass shader with only dynamic lighting: 126 instructions
[2017.04.06-18.59.03:518][ 73]MaterialEditorStats: Info Vertex shader: 85 instructions
[2017.04.06-18.59.03:518][ 73]MaterialEditorStats: Info Texture samplers: 1/16
[2017.04.06-19.01.24:449][473]LogMaterial: Missing cached shader map for material NewMaterial, compiling. 
[2017.04.06-19.01.24:450][473]LogTemp:Display: Added material ShaderMap 0x0000020DCF73D600 with Material 0x0000020DC3971300 to ShaderMapsBeingCompiled
[2017.04.06-19.01.24:453][473]LogTemp:Display: Kicking off shader compilation for NewMaterial, GameThreadShaderMap 0x0000020DCF73D600
[2017.04.06-19.01.24:462][473]LogMaterial: Missing cached shader map for material NewMaterial, compiling. 
[2017.04.06-19.01.24:463][473]LogTemp:Display: Added material ShaderMap 0x0000020DC28DBC80 with Material 0x0000020DC3971300 to ShaderMapsBeingCompiled
[2017.04.06-19.01.24:466][473]LogTemp:Display: Kicking off shader compilation for NewMaterial, GameThreadShaderMap 0x0000020DC28DBC80
[2017.04.06-19.01.24:467][473]LogMaterial: 0.00 seconds spent updating 1 materials, 1 interfaces, 0 instances, 0 with static permutations.
[2017.04.06-19.01.25:168][509]LogTemp:Display: Finished compile of shader map 0x0000020DC28DBC80
[2017.04.06-19.01.25:168][509]LogTemp:Display: Shader map NewMaterial complete, GameThreadShaderMap 0x0000020DC28DBC80, marking material NewMaterial as finished
[2017.04.06-19.01.25:168][509]LogTemp:Display: Marking material as finished 0x0000020DC3971300
[2017.04.06-19.01.25:184][510]MaterialEditorStats: Info Base pass shader without light map: 69 instructions
[2017.04.06-19.01.25:184][510]MaterialEditorStats: Info Vertex shader: 85 instructions
[2017.04.06-19.01.25:184][510]MaterialEditorStats: Info Texture samplers: 0/16
[2017.04.06-19.01.28:020][679]LogMaterial: Missing cached shader map for material NewMaterial, compiling. 
[2017.04.06-19.01.28:021][679]LogTemp:Display: Added material ShaderMap 0x0000020DC2B38F00 with Material 0x0000020DC3971300 to ShaderMapsBeingCompiled
[2017.04.06-19.01.28:024][679]LogTemp:Display: Kicking off shader compilation for NewMaterial, GameThreadShaderMap 0x0000020DC2B38F00
[2017.04.06-19.01.28:035][679]LogMaterial: Missing cached shader map for material NewMaterial, compiling. 
[2017.04.06-19.01.28:036][679]LogTemp:Display: Added material ShaderMap 0x0000020DC3A62080 with Material 0x0000020DC3971300 to ShaderMapsBeingCompiled
[2017.04.06-19.01.28:039][679]LogTemp:Display: Kicking off shader compilation for NewMaterial, GameThreadShaderMap 0x0000020DC3A62080
[2017.04.06-19.01.28:039][679]LogMaterial: 0.00 seconds spent updating 1 materials, 1 interfaces, 0 instances, 0 with static permutations.
[2017.04.06-19.01.28:518][700]LogTemp:Display: Finished compile of shader map 0x0000020DC2B38F00
[2017.04.06-19.01.28:518][700]LogTemp:Display: Shader map NewMaterial complete, GameThreadShaderMap 0x0000020DC2B38F00, marking material NewMaterial as finished
[2017.04.06-19.01.28:518][700]LogTemp:Display: Marking material as finished 0x0000020DC3971300
[2017.04.06-19.01.28:859][719]LogTemp:Display: Finished compile of shader map 0x0000020DC3A62080
[2017.04.06-19.01.28:859][719]LogTemp:Display: Shader map NewMaterial complete, GameThreadShaderMap 0x0000020DC3A62080, marking material NewMaterial as finished
[2017.04.06-19.01.28:859][719]LogTemp:Display: Marking material as finished 0x0000020DC3971300
[2017.04.06-19.01.28:875][720]MaterialEditorStats: Info Base pass shader without light map: 69 instructions
[2017.04.06-19.01.28:875][720]MaterialEditorStats: Info Vertex shader: 85 instructions
[2017.04.06-19.01.28:875][720]MaterialEditorStats: Info Texture samplers: 0/16
[2017.04.06-19.01.30:988][845]LogMaterial: Missing cached shader map for material NewMaterial, compiling. 
[2017.04.06-19.01.30:989][845]LogTemp:Display: Added material ShaderMap 0x0000020DCF8AAB00 with Material 0x0000020DC3971300 to ShaderMapsBeingCompiled
[2017.04.06-19.01.31:001][845]LogTemp:Display: Kicking off shader compilation for NewMaterial, GameThreadShaderMap 0x0000020DCF8AAB00
[2017.04.06-19.01.31:012][845]LogMaterial: Missing cached shader map for material NewMaterial, compiling. 
[2017.04.06-19.01.31:014][845]LogTemp:Display: Added material ShaderMap 0x0000020DB7201280 with Material 0x0000020DC3971300 to ShaderMapsBeingCompiled
[2017.04.06-19.01.31:028][845]LogTemp:Display: Kicking off shader compilation for NewMaterial, GameThreadShaderMap 0x0000020DB7201280
[2017.04.06-19.01.31:028][845]LogMaterial: 0.00 seconds spent updating 1 materials, 1 interfaces, 0 instances, 0 with static permutations.
[2017.04.06-19.01.31:610][868]LogTemp:Display: Finished compile of shader map 0x0000020DCF8AAB00
[2017.04.06-19.01.31:610][868]LogTemp:Display: Shader map NewMaterial complete, GameThreadShaderMap 0x0000020DCF8AAB00, marking material NewMaterial as finished
[2017.04.06-19.01.31:610][868]LogTemp:Display: Marking material as finished 0x0000020DC3971300
[2017.04.06-19.01.33:195][950]LogTemp:Display: Finished compile of shader map 0x0000020DB7201280
[2017.04.06-19.01.33:195][950]LogTemp:Display: Shader map NewMaterial complete, GameThreadShaderMap 0x0000020DB7201280, marking material NewMaterial as finished
[2017.04.06-19.01.33:195][950]LogTemp:Display: Marking material as finished 0x0000020DC3971300
[2017.04.06-19.01.41:829][467]LogMaterial: Missing cached shader map for material NewMaterial, compiling. 
[2017.04.06-19.01.41:830][467]LogTemp:Display: Added material ShaderMap 0x0000020DCF73C100 with Material 0x0000020DC3971300 to ShaderMapsBeingCompiled
[2017.04.06-19.01.41:863][467]LogTemp:Display: Kicking off shader compilation for NewMaterial, GameThreadShaderMap 0x0000020DCF73C100
[2017.04.06-19.01.41:868][467]LogMaterial: Missing cached shader map for material NewMaterial, compiling. 
[2017.04.06-19.01.41:870][467]LogTemp:Display: Added material ShaderMap 0x0000020DCE15F580 with Material 0x0000020DC3971300 to ShaderMapsBeingCompiled
[2017.04.06-19.01.41:892][467]LogTemp:Display: Kicking off shader compilation for NewMaterial, GameThreadShaderMap 0x0000020DCE15F580
[2017.04.06-19.01.41:892][467]LogMaterial: 0.00 seconds spent updating 1 materials, 1 interfaces, 0 instances, 0 with static permutations.
[2017.04.06-19.01.44:955][626]LogMaterial: Missing cached shader map for material NewMaterial, compiling. 
[2017.04.06-19.01.44:957][626]LogTemp:Display: Added material ShaderMap 0x0000020DC294D280 with Material 0x0000020DC3971300 to ShaderMapsBeingCompiled
[2017.04.06-19.01.44:980][626]LogTemp:Display: Kicking off shader compilation for NewMaterial, GameThreadShaderMap 0x0000020DC294D280
[2017.04.06-19.01.44:984][626]LogMaterial: Missing cached shader map for material NewMaterial, compiling. 
[2017.04.06-19.01.44:986][626]LogTemp:Display: Added material ShaderMap 0x0000020DD395D280 with Material 0x0000020DC3971300 to ShaderMapsBeingCompiled
[2017.04.06-19.01.45:008][626]LogTemp:Display: Kicking off shader compilation for NewMaterial, GameThreadShaderMap 0x0000020DD395D280
[2017.04.06-19.01.45:008][626]LogMaterial: 0.00 seconds spent updating 1 materials, 1 interfaces, 0 instances, 0 with static permutations.
[2017.04.06-19.01.45:019][626]LogTemp:Display: Finished compile of shader map 0x0000020DCE15F580
[2017.04.06-19.01.45:019][626]LogTemp:Display: Shader map NewMaterial complete, GameThreadShaderMap 0x0000020DCE15F580, marking material NewMaterial as finished
[2017.04.06-19.01.45:019][626]LogTemp:Display: Marking material as finished 0x0000020DC3971300
[2017.04.06-19.01.45:416][644]LogTemp:Display: Finished compile of shader map 0x0000020DC294D280
[2017.04.06-19.01.45:416][644]LogTemp:Display: Shader map NewMaterial complete, GameThreadShaderMap 0x0000020DC294D280, marking material NewMaterial as finished
[2017.04.06-19.01.45:416][644]LogTemp:Display: Marking material as finished 0x0000020DC3971300
[2017.04.06-19.01.48:814][815]LogTemp:Display: Finished compile of shader map 0x0000020DD395D280
[2017.04.06-19.01.48:814][815]LogTemp:Display: Shader map NewMaterial complete, GameThreadShaderMap 0x0000020DD395D280, marking material NewMaterial as finished
[2017.04.06-19.01.48:814][815]LogTemp:Display: Marking material as finished 0x0000020DC3971300
[2017.04.06-19.01.51:941][  2]LogMaterial: Missing cached shader map for material NewMaterial, compiling. 
[2017.04.06-19.01.51:942][  2]LogTemp:Display: Added material ShaderMap 0x0000020DC294D600 with Material 0x0000020DC3971300 to ShaderMapsBeingCompiled
[2017.04.06-19.01.51:956][  2]LogTemp:Display: Kicking off shader compilation for NewMaterial, GameThreadShaderMap 0x0000020DC294D600
[2017.04.06-19.01.51:967][  2]LogMaterial: Missing cached shader map for material NewMaterial, compiling. 
[2017.04.06-19.01.51:968][  2]LogTemp:Display: Added material ShaderMap 0x0000020DCE15F580 with Material 0x0000020DC3971300 to ShaderMapsBeingCompiled
[2017.04.06-19.01.51:993][  2]LogTemp:Display: Kicking off shader compilation for NewMaterial, GameThreadShaderMap 0x0000020DCE15F580
[2017.04.06-19.01.51:993][  2]LogMaterial: 0.00 seconds spent updating 1 materials, 1 interfaces, 0 instances, 0 with static permutations.
[2017.04.06-19.01.52:332][ 14]LogTemp:Display: Finished compile of shader map 0x0000020DC294D600
[2017.04.06-19.01.52:332][ 14]LogTemp:Display: Shader map NewMaterial complete, GameThreadShaderMap 0x0000020DC294D600, marking material NewMaterial as finished
[2017.04.06-19.01.52:332][ 14]LogTemp:Display: Marking material as finished 0x0000020DC3971300
[2017.04.06-19.01.55:750][192]LogTemp:Display: Finished compile of shader map 0x0000020DCE15F580
[2017.04.06-19.01.55:750][192]LogTemp:Display: Shader map NewMaterial complete, GameThreadShaderMap 0x0000020DCE15F580, marking material NewMaterial as finished
[2017.04.06-19.01.55:750][192]LogTemp:Display: Marking material as finished 0x0000020DC3971300
[2017.04.06-19.01.55:764][193]MaterialEditorStats: Info Base pass shader with only dynamic lighting: 69 instructions
[2017.04.06-19.01.55:764][193]MaterialEditorStats: Info Base pass shader for self shadowed translucency: 69 instructions
[2017.04.06-19.01.55:764][193]MaterialEditorStats: Info Vertex shader: 139 instructions
[2017.04.06-19.01.55:764][193]MaterialEditorStats: Info Texture samplers: 3/16
[2017.04.06-19.08.44:299][234]LogFileHelpers: Editor autosave (incl. sublevels) for '/Game/VirtualRealityBP/Maps/StartupMap' took 0.013
[2017.04.06-19.08.44:304][234]OBJ SavePackage: Generating thumbnails for [1] asset(s) in package [/Game/Characters/JosiahCarter/BluePrints/NewMaterial] ([1] browsable assets)...
[2017.04.06-19.08.44:331][234]OBJ SavePackage:     Rendered thumbnail for [Material /Game/Characters/JosiahCarter/BluePrints/NewMaterial.NewMaterial]
[2017.04.06-19.08.44:331][234]OBJ SavePackage: Finished generating thumbnails for package [/Game/Characters/JosiahCarter/BluePrints/NewMaterial]
[2017.04.06-19.08.44:350][234]LogSavePackage: Save=17.88ms
[2017.04.06-19.08.44:350][234]LogSavePackage: Moving 'D:/VRProjects/JosiahCarter/Saved/NewMaterial_Auto16E1B952E45A5C32CB73D51A5456BBDF7.tmp' to 'D:/VRProjects/JosiahCarter/Saved/Autosaves/Game/Characters/JosiahCarter/BluePrints/NewMaterial_Auto1.uasset'
[2017.04.06-19.08.44:352][234]LogSavePackage:Display: Finished SavePackage D:/VRProjects/JosiahCarter/Saved/Autosaves/Game/Characters/JosiahCarter/BluePrints/NewMaterial_Auto1.uasset
[2017.04.06-19.08.44:352][234]LogFileHelpers: Auto-saving content packages took 0.052
[2017.04.06-19.42.05:202][317]Cmd: QUIT_EDITOR
[2017.04.06-19.42.05:241][317]LogWindowsTextInputMethodSystem:Display: IME system now deactivated.
[2017.04.06-19.42.05:280][317]LogExit: Preparing to exit.
[2017.04.06-19.42.05:920][317]LogHoudiniEngine: HAPI Synchronous Deletion of  Started. HoudiniAsset = 0x0, 
[2017.04.06-19.42.05:921][317]LogExit: Editor shut down
[2017.04.06-19.42.05:921][317]LogExit: Transaction tracking system shut down
[2017.04.06-19.42.05:931][317]LogTemp:Display: Removed shader map 0x0000020DC3A60800 from material 0x0000020DC3971300
[2017.04.06-19.42.05:931][317]LogTemp:Display: Removed shader map 0x0000020DCF73D600 from material 0x0000020DC3971300
[2017.04.06-19.42.05:931][317]LogTemp:Display: Removed shader map 0x0000020DCF73C100 from material 0x0000020DC3971300
[2017.04.06-19.42.05:996][317]LogObj: Freed 0b from 0 cluster array pools.
[2017.04.06-19.42.05:996][317]LogExit: Object subsystem successfully closed.
[2017.04.06-19.42.06:011][317]LogD3D11RHI: Shutdown
[2017.04.06-19.42.06:011][317]LogD3D11RHI: CleanupD3DDevice
[2017.04.06-19.42.06:107][317]LogD3D11RHI: ~FD3D11DynamicRHI
[2017.04.06-19.42.06:124][317]LogModuleManager: Shutting down and abandoning module MaterialEditor (508)
[2017.04.06-19.42.06:124][317]LogModuleManager: Shutting down and abandoning module HierarchicalLODOutliner (506)
[2017.04.06-19.42.06:124][317]LogModuleManager: Shutting down and abandoning module CrashTracker (504)
[2017.04.06-19.42.06:124][317]LogModuleManager: Shutting down and abandoning module SceneOutliner (502)
[2017.04.06-19.42.06:124][317]LogModuleManager: Shutting down and abandoning module AddContentDialog (500)
[2017.04.06-19.42.06:124][317]LogDirectoryWatcher: A directory notification for 'C:/Program Files/Epic Games/UE_4.15/FeaturePacks/' was aborted.
[2017.04.06-19.42.06:125][317]LogModuleManager: Shutting down and abandoning module WidgetCarousel (499)
[2017.04.06-19.42.06:125][317]LogModuleManager: Shutting down and abandoning module EditorWidgets (496)
[2017.04.06-19.42.06:125][317]LogModuleManager: Shutting down and abandoning module CollectionManager (494)
[2017.04.06-19.42.06:125][317]LogDirectoryWatcher: A directory notification for 'D:/VRProjects/JosiahCarter/Content/Collections/' was aborted.
[2017.04.06-19.42.06:126][317]LogDirectoryWatcher: A directory notification for 'D:/VRProjects/JosiahCarter/Content/Developers/croda/Collections/' was aborted.
[2017.04.06-19.42.06:126][317]LogDirectoryWatcher: A directory notification for 'D:/VRProjects/JosiahCarter/Saved/Collections/' was aborted.
[2017.04.06-19.42.06:126][317]LogModuleManager: Shutting down and abandoning module StatsViewer (492)
[2017.04.06-19.42.06:126][317]LogModuleManager: Shutting down and abandoning module FoliageEdit (490)
[2017.04.06-19.42.06:126][317]LogModuleManager: Shutting down and abandoning module LandscapeEditor (488)
[2017.04.06-19.42.06:126][317]LogModuleManager: Shutting down and abandoning module SceneDepthPickerMode (486)
[2017.04.06-19.42.06:126][317]LogModuleManager: Shutting down and abandoning module ActorPickerMode (484)
[2017.04.06-19.42.06:126][317]LogModuleManager: Shutting down and abandoning module GeometryMode (482)
[2017.04.06-19.42.06:126][317]LogModuleManager: Shutting down and abandoning module TextureAlignMode (480)
[2017.04.06-19.42.06:126][317]LogModuleManager: Shutting down and abandoning module BspMode (478)
[2017.04.06-19.42.06:126][317]LogModuleManager: Shutting down and abandoning module HardwareSurvey (476)
[2017.04.06-19.42.06:126][317]LogModuleManager: Shutting down and abandoning module SequenceRecorderSections (474)
[2017.04.06-19.42.06:126][317]LogModuleManager: Shutting down and abandoning module AutomationWorker (472)
[2017.04.06-19.42.06:126][317]LogModuleManager: Shutting down and abandoning module HoudiniEngineEditor (470)
[2017.04.06-19.42.06:126][317]LogHoudiniEngineEditor: Shutting down the Houdini Engine Editor module.
[2017.04.06-19.42.06:126][317]LogModuleManager: Shutting down and abandoning module MatineeToLevelSequence (468)
[2017.04.06-19.42.06:126][317]LogModuleManager: Shutting down and abandoning module LevelSequenceEditor (466)
[2017.04.06-19.42.06:127][317]LogModuleManager: Shutting down and abandoning module PlacementMode (465)
[2017.04.06-19.42.06:127][317]LogModuleManager: Shutting down and abandoning module WmfMediaFactory (462)
[2017.04.06-19.42.06:127][317]LogModuleManager: Shutting down and abandoning module WmfMediaEditor (460)
[2017.04.06-19.42.06:127][317]LogModuleManager: Shutting down and abandoning module MfMediaFactory (458)
[2017.04.06-19.42.06:127][317]LogModuleManager: Shutting down and abandoning module MfMediaEditor (456)
[2017.04.06-19.42.06:127][317]LogModuleManager: Shutting down and abandoning module AvfMediaFactory (454)
[2017.04.06-19.42.06:127][317]LogModuleManager: Shutting down and abandoning module AvfMediaEditor (452)
[2017.04.06-19.42.06:127][317]LogModuleManager: Shutting down and abandoning module AndroidMediaFactory (450)
[2017.04.06-19.42.06:127][317]LogModuleManager: Shutting down and abandoning module Media (449)
[2017.04.06-19.42.06:127][317]LogModuleManager: Shutting down and abandoning module AndroidMediaEditor (446)
[2017.04.06-19.42.06:127][317]LogModuleManager: Shutting down and abandoning module CharacterAI (444)
[2017.04.06-19.42.06:127][317]LogModuleManager: Shutting down and abandoning module AudioCapture (442)
[2017.04.06-19.42.06:127][317]LogModuleManager: Shutting down and abandoning module SequenceRecorder (441)
[2017.04.06-19.42.06:127][317]LogModuleManager: Shutting down and abandoning module SmartSnapping (438)
[2017.04.06-19.42.06:127][317]LogModuleManager: Shutting down and abandoning module SessionServices (436)
[2017.04.06-19.42.06:127][317]LogModuleManager: Shutting down and abandoning module ViewportSnapping (434)
[2017.04.06-19.42.06:127][317]LogModuleManager: Shutting down and abandoning module ViewportInteraction (432)
[2017.04.06-19.42.06:127][317]LogModuleManager: Shutting down and abandoning module LogVisualizer (430)
[2017.04.06-19.42.06:127][317]LogModuleManager: Shutting down and abandoning module IntroTutorials (428)
[2017.04.06-19.42.06:127][317]LogModuleManager: Shutting down and abandoning module GameProjectGeneration (427)
[2017.04.06-19.42.06:127][317]LogModuleManager: Shutting down and abandoning module EditorLiveStreaming (424)
[2017.04.06-19.42.06:127][317]LogModuleManager: Shutting down and abandoning module IOSPlatformEditor (422)
[2017.04.06-19.42.06:127][317]LogModuleManager: Shutting down and abandoning module HTML5PlatformEditor (420)
[2017.04.06-19.42.06:127][317]LogModuleManager: Shutting down and abandoning module AndroidPlatformEditor (418)
[2017.04.06-19.42.06:127][317]LogModuleManager: Shutting down and abandoning module AndroidDeviceDetection (417)
[2017.04.06-19.42.06:780][317]LogModuleManager: Shutting down and abandoning module IOSRuntimeSettings (414)
[2017.04.06-19.42.06:780][317]LogModuleManager: Shutting down and abandoning module AndroidRuntimeSettings (412)
[2017.04.06-19.42.06:780][317]LogModuleManager: Shutting down and abandoning module InputBindingEditor (410)
[2017.04.06-19.42.06:780][317]LogModuleManager: Shutting down and abandoning module NiagaraEditor (408)
[2017.04.06-19.42.06:782][317]LogModuleManager: Shutting down and abandoning module MergeActors (406)
[2017.04.06-19.42.06:782][317]LogModuleManager: Shutting down and abandoning module SizeMap (404)
[2017.04.06-19.42.06:782][317]LogModuleManager: Shutting down and abandoning module TreeMap (402)
[2017.04.06-19.42.06:782][317]LogModuleManager: Shutting down and abandoning module ReferenceViewer (400)
[2017.04.06-19.42.06:782][317]LogModuleManager: Shutting down and abandoning module LocalizationDashboard (398)
[2017.04.06-19.42.06:782][317]LogModuleManager: Shutting down and abandoning module LocalizationService (397)
[2017.04.06-19.42.06:782][317]LogModuleManager: Shutting down and abandoning module HardwareTargeting (394)
[2017.04.06-19.42.06:782][317]LogModuleManager: Shutting down and abandoning module DeviceProfileEditor (392)
[2017.04.06-19.42.06:782][317]LogModuleManager: Shutting down and abandoning module UndoHistory (390)
[2017.04.06-19.42.06:782][317]LogModuleManager: Shutting down and abandoning module UserFeedback (388)
[2017.04.06-19.42.06:782][317]LogModuleManager: Shutting down and abandoning module XmlParser (386)
[2017.04.06-19.42.06:782][317]LogModuleManager: Shutting down and abandoning module Blutility (384)
[2017.04.06-19.42.06:782][317]LogModuleManager: Shutting down and abandoning module ProjectSettingsViewer (382)
[2017.04.06-19.42.06:782][317]LogModuleManager: Shutting down and abandoning module ProjectTargetPlatformEditor (381)
[2017.04.06-19.42.06:782][317]LogModuleManager: Shutting down and abandoning module EditorSettingsViewer (378)
[2017.04.06-19.42.06:782][317]LogModuleManager: Shutting down and abandoning module SettingsEditor (376)
[2017.04.06-19.42.06:782][317]LogModuleManager: Shutting down and abandoning module ProjectLauncher (374)
[2017.04.06-19.42.06:782][317]LogModuleManager: Shutting down and abandoning module SessionFrontend (372)
[2017.04.06-19.42.06:782][317]LogModuleManager: Shutting down and abandoning module ProfilerClient (370)
[2017.04.06-19.42.06:782][317]LogModuleManager: Shutting down and abandoning module DeviceManager (368)
[2017.04.06-19.42.06:782][317]LogModuleManager: Shutting down and abandoning module TargetDeviceServices (367)
[2017.04.06-19.42.06:835][317]LogModuleManager: Shutting down and abandoning module AutomationController (364)
[2017.04.06-19.42.06:835][317]LogModuleManager: Shutting down and abandoning module AutomationWindow (362)
[2017.04.06-19.42.06:835][317]LogModuleManager: Shutting down and abandoning module Layers (360)
[2017.04.06-19.42.06:835][317]LogModuleManager: Shutting down and abandoning module ComponentVisualizers (358)
[2017.04.06-19.42.06:835][317]LogModuleManager: Shutting down and abandoning module DetailCustomizations (356)
[2017.04.06-19.42.06:835][317]LogModuleManager: Shutting down and abandoning module PackagesDialog (354)
[2017.04.06-19.42.06:835][317]LogModuleManager: Shutting down and abandoning module Persona (352)
[2017.04.06-19.42.06:836][317]LogModuleManager: Shutting down and abandoning module AnimGraph (351)
[2017.04.06-19.42.06:836][317]LogModuleManager: Shutting down and abandoning module Kismet (348)
[2017.04.06-19.42.06:836][317]LogModuleManager: Shutting down and abandoning module GraphEditor (346)
[2017.04.06-19.42.06:836][317]LogModuleManager: Shutting down and abandoning module ClassViewer (344)
[2017.04.06-19.42.06:836][317]LogModuleManager: Shutting down and abandoning module Toolbox (342)
[2017.04.06-19.42.06:836][317]LogModuleManager: Shutting down and abandoning module ModuleUI (340)
[2017.04.06-19.42.06:836][317]LogModuleManager: Shutting down and abandoning module MovieSceneTools (338)
[2017.04.06-19.42.06:836][317]LogModuleManager: Shutting down and abandoning module OutputLog (336)
[2017.04.06-19.42.06:836][317]LogModuleManager: Shutting down and abandoning module GammaUI (334)
[2017.04.06-19.42.06:836][317]LogModuleManager: Shutting down and abandoning module Documentation (332)
[2017.04.06-19.42.06:836][317]LogModuleManager: Shutting down and abandoning module Niagara (330)
[2017.04.06-19.42.06:836][317]LogModuleManager: Shutting down and abandoning module StreamingPauseRendering (328)
[2017.04.06-19.42.06:836][317]LogModuleManager: Shutting down and abandoning module AnalyticsET (326)
[2017.04.06-19.42.06:836][317]LogModuleManager: Shutting down and abandoning module PortalServices (324)
[2017.04.06-19.42.06:836][317]LogModuleManager: Shutting down and abandoning module PortalRpc (322)
[2017.04.06-19.42.06:836][317]LogModuleManager: Shutting down and abandoning module MessagingRpc (320)
[2017.04.06-19.42.06:836][317]LogModuleManager: Shutting down and abandoning module AIModule (318)
[2017.04.06-19.42.06:836][317]LogModuleManager: Shutting down and abandoning module GameplayDebugger (317)
[2017.04.06-19.42.06:837][317]LogModuleManager: Shutting down and abandoning module AITestSuite (315)
[2017.04.06-19.42.06:837][317]LogModuleManager: Shutting down and abandoning module ProfilerService (312)
[2017.04.06-19.42.07:074][317]LogModuleManager: Shutting down and abandoning module TaskGraph (310)
[2017.04.06-19.42.07:074][317]LogModuleManager: Shutting down and abandoning module SubstanceEditor (308)
[2017.04.06-19.42.07:074][317]LogModuleManager: Shutting down and abandoning module SteamVRController (306)
[2017.04.06-19.42.07:074][317]LogModuleManager: Shutting down and abandoning module SteamVR (304)
[2017.04.06-19.42.07:074][317]LogModuleManager: Shutting down and abandoning module ProceduralMeshComponentEditor (302)
[2017.04.06-19.42.07:074][317]LogModuleManager: Shutting down and abandoning module ProceduralMeshComponent (300)
[2017.04.06-19.42.07:074][317]LogModuleManager: Shutting down and abandoning module OculusLibrary (298)
[2017.04.06-19.42.07:074][317]LogModuleManager: Shutting down and abandoning module OculusInput (296)
[2017.04.06-19.42.07:074][317]LogModuleManager: Shutting down and abandoning module MobilePatchingUtils (294)
[2017.04.06-19.42.07:074][317]LogModuleManager: Shutting down and abandoning module HoudiniEngineRuntime (292)
[2017.04.06-19.42.07:074][317]LogHoudiniEngine: Shutting down the Houdini Engine module.
[2017.04.06-19.42.07:078][317]LogModuleManager: Shutting down and abandoning module CustomMeshComponent (290)
[2017.04.06-19.42.07:078][317]LogModuleManager: Shutting down and abandoning module CableComponent (288)
[2017.04.06-19.42.07:078][317]LogModuleManager: Shutting down and abandoning module ArchVisCharacter (286)
[2017.04.06-19.42.07:078][317]LogModuleManager: Shutting down and abandoning module MediaPlayerEditor (282)
[2017.04.06-19.42.07:079][317]LogModuleManager: Shutting down and abandoning module HTML5Networking (280)
[2017.04.06-19.42.07:079][317]LogModuleManager: Shutting down and abandoning module AlembicImporter (278)
[2017.04.06-19.42.07:079][317]LogModuleManager: Shutting down and abandoning module AlembicLibrary (277)
[2017.04.06-19.42.07:079][317]LogModuleManager: Shutting down and abandoning module GeometryCache (276)
[2017.04.06-19.42.07:079][317]LogModuleManager: Shutting down and abandoning module GeometryCacheEd (275)
[2017.04.06-19.42.07:080][317]LogModuleManager: Shutting down and abandoning module SuperSearchEditor (270)
[2017.04.06-19.42.07:080][317]LogModuleManager: Shutting down and abandoning module SuperSearch (269)
[2017.04.06-19.42.07:080][317]LogModuleManager: Shutting down and abandoning module SpeedTreeImporter (266)
[2017.04.06-19.42.07:080][317]LogModuleManager: Shutting down and abandoning module PluginBrowser (264)
[2017.04.06-19.42.07:080][317]LogModuleManager: Shutting down and abandoning module MobileLauncherProfileWizard (262)
[2017.04.06-19.42.07:080][317]LogModuleManager: Shutting down and abandoning module EpicSurvey (260)
[2017.04.06-19.42.07:080][317]LogModuleManager: Shutting down and abandoning module VisualStudioSourceCodeAccess (258)
[2017.04.06-19.42.07:080][317]LogModuleManager: Shutting down and abandoning module DesktopPlatform (257)
[2017.04.06-19.42.07:080][317]LogModuleManager: Shutting down and abandoning module UObjectPlugin (254)
[2017.04.06-19.42.07:080][317]LogModuleManager: Shutting down and abandoning module SubversionSourceControl (252)
[2017.04.06-19.42.07:080][317]LogModuleManager: Shutting down and abandoning module PerforceSourceControl (250)
[2017.04.06-19.42.07:080][317]LogModuleManager: Shutting down and abandoning module GitSourceControl (248)
[2017.04.06-19.42.07:080][317]LogModuleManager: Shutting down and abandoning module SourceControl (247)
[2017.04.06-19.42.07:080][317]LogModuleManager: Shutting down and abandoning module LightPropagationVolumeEditor (244)
[2017.04.06-19.42.07:080][317]LogModuleManager: Shutting down and abandoning module PaperTiledImporter (242)
[2017.04.06-19.42.07:080][317]LogModuleManager: Shutting down and abandoning module PaperSpriteSheetImporter (240)
[2017.04.06-19.42.07:080][317]LogModuleManager: Shutting down and abandoning module Paper2DEditor (238)
[2017.04.06-19.42.07:080][317]LogModuleManager: Shutting down and abandoning module MeshPaint (237)
[2017.04.06-19.42.07:080][317]LogModuleManager: Shutting down and abandoning module LevelEditor (235)
[2017.04.06-19.42.07:081][317]LogModuleManager: Shutting down and abandoning module PixelInspectorModule (234)
[2017.04.06-19.42.07:081][317]LogModuleManager: Shutting down and abandoning module MainFrame (232)
[2017.04.06-19.42.07:081][317]LogModuleManager: Shutting down and abandoning module HotReload (231)
[2017.04.06-19.42.07:082][317]LogModuleManager: Shutting down and abandoning module ContentBrowser (227)
[2017.04.06-19.42.07:083][317]LogModuleManager: Shutting down and abandoning module PhysXVehiclesEditor (224)
[2017.04.06-19.42.07:083][317]LogModuleManager: Shutting down and abandoning module PhysXVehicles (222)
[2017.04.06-19.42.07:083][317]LogModuleManager: Shutting down and abandoning module LocationServicesBPLibrary (220)
[2017.04.06-19.42.07:083][317]LogModuleManager: Shutting down and abandoning module UdpMessaging (218)
[2017.04.06-19.42.07:184][317]LogModuleManager: Shutting down and abandoning module TcpMessaging (216)
[2017.04.06-19.42.07:284][317]LogModuleManager: Shutting down and abandoning module SubstanceCore (214)
[2017.04.06-19.42.07:284][317]LogModuleManager: Shutting down and abandoning module GameplayTagsEditor (212)
[2017.04.06-19.42.07:284][317]LogModuleManager: Shutting down and abandoning module FacialAnimationEditor (210)
[2017.04.06-19.42.07:284][317]LogModuleManager: Shutting down and abandoning module FacialAnimation (208)
[2017.04.06-19.42.07:284][317]LogModuleManager: Shutting down and abandoning module LightPropagationVolumeRuntime (206)
[2017.04.06-19.42.07:284][317]LogModuleManager: Shutting down and abandoning module Paper2D (204)
[2017.04.06-19.42.07:284][317]LogModuleManager: Shutting down and abandoning module WindowsMoviePlayer (202)
[2017.04.06-19.42.07:284][317]LogModuleManager: Shutting down and abandoning module WmfMedia (200)
[2017.04.06-19.42.07:285][317]LogModuleManager: Shutting down and abandoning module MfMedia (198)
[2017.04.06-19.42.07:285][317]LogModuleManager: Shutting down and abandoning module MediaAssets (196)
[2017.04.06-19.42.07:285][317]LogModuleManager: Shutting down and abandoning module GameLiveStreaming (194)
[2017.04.06-19.42.07:285][317]LogModuleManager: Shutting down and abandoning module VREditor (192)
[2017.04.06-19.42.07:285][317]LogModuleManager: Shutting down and abandoning module GameplayTasksEditor (190)
[2017.04.06-19.42.07:285][317]LogModuleManager: Shutting down and abandoning module BehaviorTreeEditor (188)
[2017.04.06-19.42.07:286][317]LogModuleManager: Shutting down and abandoning module FunctionalTesting (186)
[2017.04.06-19.42.07:286][317]LogModuleManager: Shutting down and abandoning module CollisionAnalyzer (184)
[2017.04.06-19.42.07:286][317]LogModuleManager: Shutting down and abandoning module UMG (182)
[2017.04.06-19.42.07:287][317]LogModuleManager: Shutting down and abandoning module UMGEditor (181)
[2017.04.06-19.42.07:287][317]LogModuleManager: Shutting down and abandoning module Sequencer (180)
[2017.04.06-19.42.07:287][317]LogModuleManager: Shutting down and abandoning module AssetTools (178)
[2017.04.06-19.42.07:287][317]LogModuleManager: Shutting down and abandoning module MessageLog (177)
[2017.04.06-19.42.07:287][317]LogModuleManager: Shutting down and abandoning module WorkspaceMenuStructure (176)
[2017.04.06-19.42.07:287][317]LogModuleManager: Shutting down and abandoning module SlateReflector (170)
[2017.04.06-19.42.07:288][317]LogModuleManager: Shutting down and abandoning module Slate (168)
[2017.04.06-19.42.07:288][317]LogModuleManager: Shutting down and abandoning module EditorStyle (166)
[2017.04.06-19.42.07:290][317]LogModuleManager: Shutting down and abandoning module SourceCodeAccess (164)
[2017.04.06-19.42.07:290][317]LogModuleManager: Shutting down and abandoning module HeadMountedDisplay (162)
[2017.04.06-19.42.07:290][317]LogModuleManager: Shutting down and abandoning module XAudio2 (160)
[2017.04.06-19.42.07:290][317]LogModuleManager: Shutting down and abandoning module Networking (158)
[2017.04.06-19.42.07:290][317]LogModuleManager: Shutting down and abandoning module Core (154)
[2017.04.06-19.42.07:290][317]LogModuleManager: Shutting down and abandoning module AssetRegistry (152)
[2017.04.06-19.42.07:517][317]LogDirectoryWatcher: A directory notification for '../../../Engine/Content/' was aborted.
[2017.04.06-19.42.07:517][317]LogDirectoryWatcher: A directory notification for 'D:/VRProjects/JosiahCarter/Content/' was aborted.
[2017.04.06-19.42.07:517][317]LogDirectoryWatcher: A directory notification for '../../../Engine/Plugins/2D/Paper2D/Content/' was aborted.
[2017.04.06-19.42.07:517][317]LogDirectoryWatcher: A directory notification for '../../../Engine/Plugins/Runtime/HoudiniEngine/Content/' was aborted.
[2017.04.06-19.42.07:517][317]LogModuleManager: Shutting down and abandoning module DirectoryWatcher (151)
[2017.04.06-19.42.07:518][317]LogModuleManager: Shutting down and abandoning module KismetCompiler (148)
[2017.04.06-19.42.07:518][317]LogModuleManager: Shutting down and abandoning module PhysXFormats (146)
[2017.04.06-19.42.07:518][317]LogModuleManager: Shutting down and abandoning module MeshUtilities (144)
[2017.04.06-19.42.07:518][317]LogModuleManager: Shutting down and abandoning module SimplygonSwarm (143)
[2017.04.06-19.42.07:518][317]LogModuleManager: Shutting down and abandoning module SimplygonMeshReduction (141)
[2017.04.06-19.42.07:518][317]LogModuleManager: Shutting down and abandoning module QuadricMeshReduction (139)
[2017.04.06-19.42.07:518][317]LogModuleManager: Shutting down and abandoning module PropertyEditor (137)
[2017.04.06-19.42.07:518][317]LogModuleManager: Shutting down and abandoning module DerivedDataCache (134)
[2017.04.06-19.42.07:538][317]LogDerivedDataCache: Shutdown
[2017.04.06-19.42.07:538][317]LogModuleManager: Shutting down and abandoning module TargetPlatform (132)
[2017.04.06-19.42.07:538][317]LogModuleManager: Shutting down and abandoning module VulkanShaderFormat (131)
[2017.04.06-19.42.07:538][317]LogModuleManager: Shutting down and abandoning module ShaderFormatOpenGL (129)
[2017.04.06-19.42.07:538][317]LogModuleManager: Shutting down and abandoning module ShaderFormatD3D (127)
[2017.04.06-19.42.07:538][317]LogModuleManager: Shutting down and abandoning module MetalShaderFormat (125)
[2017.04.06-19.42.07:538][317]LogModuleManager: Shutting down and abandoning module TextureFormatUncompressed (123)
[2017.04.06-19.42.07:538][317]LogModuleManager: Shutting down and abandoning module TextureFormatPVR (121)
[2017.04.06-19.42.07:538][317]LogModuleManager: Shutting down and abandoning module TextureFormatDXT (119)
[2017.04.06-19.42.07:538][317]LogModuleManager: Shutting down and abandoning module TextureFormatIntelISPCTexComp (117)
[2017.04.06-19.42.07:538][317]LogModuleManager: Shutting down and abandoning module TextureFormatASTC (115)
[2017.04.06-19.42.07:538][317]LogModuleManager: Shutting down and abandoning module ImageWrapper (114)
[2017.04.06-19.42.07:538][317]LogModuleManager: Shutting down and abandoning module TextureFormatAndroid (111)
[2017.04.06-19.42.07:538][317]LogModuleManager: Shutting down and abandoning module AudioFormatOpus (109)
[2017.04.06-19.42.07:538][317]LogModuleManager: Shutting down and abandoning module AudioFormatOgg (107)
[2017.04.06-19.42.07:538][317]LogModuleManager: Shutting down and abandoning module AudioFormatADPCM (105)
[2017.04.06-19.42.07:538][317]LogModuleManager: Shutting down and abandoning module LinuxTargetPlatform (103)
[2017.04.06-19.42.07:538][317]LogModuleManager: Shutting down and abandoning module LinuxServerTargetPlatform (101)
[2017.04.06-19.42.07:538][317]LogModuleManager: Shutting down and abandoning module LinuxNoEditorTargetPlatform (99)
[2017.04.06-19.42.07:538][317]LogModuleManager: Shutting down and abandoning module LinuxClientTargetPlatform (97)
[2017.04.06-19.42.07:538][317]LogModuleManager: Shutting down and abandoning module TVOSTargetPlatform (95)
[2017.04.06-19.42.07:538][317]LogModuleManager: Shutting down and abandoning module Messaging (93)
[2017.04.06-19.42.07:538][317]LogModuleManager: Shutting down and abandoning module IOSTargetPlatform (91)
[2017.04.06-19.42.07:538][317]LogModuleManager: Shutting down and abandoning module HTML5TargetPlatform (89)
[2017.04.06-19.42.07:538][317]LogModuleManager: Shutting down and abandoning module Android_PVRTCTargetPlatform (87)
[2017.04.06-19.42.07:538][317]LogModuleManager: Shutting down and abandoning module Android_MultiTargetPlatform (85)
[2017.04.06-19.42.07:538][317]LogModuleManager: Shutting down and abandoning module Android_ETC2TargetPlatform (83)
[2017.04.06-19.42.07:538][317]LogModuleManager: Shutting down and abandoning module Android_ETC1TargetPlatform (81)
[2017.04.06-19.42.07:538][317]LogModuleManager: Shutting down and abandoning module Android_DXTTargetPlatform (79)
[2017.04.06-19.42.07:538][317]LogModuleManager: Shutting down and abandoning module Android_ATCTargetPlatform (77)
[2017.04.06-19.42.07:538][317]LogModuleManager: Shutting down and abandoning module Android_ASTCTargetPlatform (75)
[2017.04.06-19.42.07:538][317]LogModuleManager: Shutting down and abandoning module AndroidTargetPlatform (73)
[2017.04.06-19.42.07:538][317]LogModuleManager: Shutting down and abandoning module WindowsTargetPlatform (71)
[2017.04.06-19.42.07:538][317]LogModuleManager: Shutting down and abandoning module WindowsServerTargetPlatform (69)
[2017.04.06-19.42.07:538][317]LogModuleManager: Shutting down and abandoning module WindowsNoEditorTargetPlatform (67)
[2017.04.06-19.42.07:538][317]LogModuleManager: Shutting down and abandoning module WindowsClientTargetPlatform (65)
[2017.04.06-19.42.07:538][317]LogModuleManager: Shutting down and abandoning module MacTargetPlatform (63)
[2017.04.06-19.42.07:538][317]LogModuleManager: Shutting down and abandoning module MacServerTargetPlatform (61)
[2017.04.06-19.42.07:538][317]LogModuleManager: Shutting down and abandoning module MacNoEditorTargetPlatform (59)
[2017.04.06-19.42.07:538][317]LogModuleManager: Shutting down and abandoning module MacClientTargetPlatform (57)
[2017.04.06-19.42.07:538][317]LogModuleManager: Shutting down and abandoning module AllDesktopTargetPlatform (55)
[2017.04.06-19.42.07:538][317]LogModuleManager: Shutting down and abandoning module InputCore (52)
[2017.04.06-19.42.07:538][317]LogModuleManager: Shutting down and abandoning module Settings (50)
[2017.04.06-19.42.07:538][317]LogModuleManager: Shutting down and abandoning module OculusRift (48)
[2017.04.06-19.42.07:538][317]LogModuleManager: Shutting down and abandoning module GearVR (46)
[2017.04.06-19.42.07:539][317]LogModuleManager: Shutting down and abandoning module ExampleDeviceProfileSelector (44)
[2017.04.06-19.42.07:539][317]LogModuleManager: Shutting down and abandoning module OnlineBlueprintSupport (42)
[2017.04.06-19.42.07:539][317]LogModuleManager: Shutting down and abandoning module OnlineSubsystem (38)
[2017.04.06-19.42.07:539][317]LogOnline:Display: Unloading online subsystem: NULL
[2017.04.06-19.42.07:539][317]LogModuleManager: Shutting down and abandoning module XMPP (37)
[2017.04.06-19.42.07:539][317]LogModuleManager: Shutting down and abandoning module HTTP (35)
[2017.04.06-19.42.07:539][317]LogHttp:Display: Http module shutting down, but needs to wait on 1 outstanding Http requests:
[2017.04.06-19.42.07:539][317]LogHttp:Display: 	verb=[POST] url=[https://datarouter.ol.epicgames.com/datarouter/api/v1/public/data?SessionID=%7B8DB834AC-4064-726E-4B50-40AB97979F7B%7D&AppID=UEEditor.Rocket.Release&AppVersion=4.15.1-3348071%2B%2B%2BUE4%2BRelease-4.15&UserID=38384f7f4fe22369eef2c4908fb1257c%7C6dee01914e174258b8c89718799d58e5%7C4a372342-4369-4fb5-aabc-8ff6b2bfbeff&AppEnvironment=datacollector-binary&UploadType=eteventstream] status=Processing
[2017.04.06-19.42.07:555][317]LogModuleManager: Shutting down and abandoning module SSL (34)
[2017.04.06-19.42.07:556][317]LogModuleManager: Shutting down and abandoning module AudioEditor (30)
[2017.04.06-19.42.07:556][317]LogModuleManager: Shutting down and abandoning module TextureCompressor (28)
[2017.04.06-19.42.07:556][317]LogModuleManager: Shutting down and abandoning module ShaderCore (26)
[2017.04.06-19.42.07:556][317]LogModuleManager: Shutting down and abandoning module Landscape (24)
[2017.04.06-19.42.07:556][317]LogModuleManager: Shutting down and abandoning module SlateRHIRenderer (22)
[2017.04.06-19.42.07:558][317]LogModuleManager: Shutting down and abandoning module OpenGLDrv (20)
[2017.04.06-19.42.07:558][317]LogModuleManager: Shutting down and abandoning module D3D11RHI (18)
[2017.04.06-19.42.07:558][317]LogModuleManager: Shutting down and abandoning module AnimGraphRuntime (16)
[2017.04.06-19.42.07:558][317]LogModuleManager: Shutting down and abandoning module Renderer (14)
[2017.04.06-19.42.07:558][317]LogModuleManager: Shutting down and abandoning module Engine (12)
[2017.04.06-19.42.07:558][317]LogModuleManager: Shutting down and abandoning module CoreUObject (10)
[2017.04.06-19.42.07:558][317]LogModuleManager: Shutting down and abandoning module NetworkFile (8)
[2017.04.06-19.42.07:558][317]LogModuleManager: Shutting down and abandoning module StreamingFile (6)
[2017.04.06-19.42.07:558][317]LogModuleManager: Shutting down and abandoning module SandboxFile (4)
[2017.04.06-19.42.07:558][317]LogModuleManager: Shutting down and abandoning module PakFile (2)
[2017.04.06-19.42.07:563][317]LogExit: Exiting.
[2017.04.06-19.42.07:578][317]Log file closed, 04/06/17 15:42:07
