Log file open, 04/10/17 15:15:51
LogInit:Display: Running engine for game: JosiahCarter
LogPlatformFile: Not using cached read wrapper
LogInit:Display: RandInit(1879650544) SRandInit(1879650544).
LogTaskGraph: Started task graph with 5 named threads and 8 total threads with 1 sets of task threads.
LogStats: Stats thread started at 0.279338
LogInit: Using libcurl 7.47.1
LogInit:  - built for x86_64-pc-win32
LogInit:  - supports SSL with OpenSSL/1.0.2g
LogInit:  - supports HTTP deflate (compression) using libz 1.2.8
LogInit:  - other features:
LogInit:      CURL_VERSION_SSL
LogInit:      CURL_VERSION_LIBZ
LogInit:      CURL_VERSION_IPV6
LogInit:      CURL_VERSION_ASYNCHDNS
LogInit:      CURL_VERSION_LARGEFILE
LogInit:      CURL_VERSION_IDN
LogInit:  CurlRequestOptions (configurable via config and command line):
LogInit:  - bVerifyPeer = false  - Libcurl will NOT verify peer certificate
LogInit:  - bUseHttpProxy = false  - Libcurl will NOT use HTTP proxy
LogInit:  - bDontReuseConnections = false  - Libcurl will reuse connections
LogInit:  - CertBundlePath = nullptr  - Libcurl will use whatever was configured at build time.
LogInit: Build: ++UE4+Release-4.15-CL-3348071
LogInit: Engine Version: 4.15.1-3348071+++UE4+Release-4.15
LogInit: Compatible Engine Version: 4.15.0-3299760+++UE4+Release-4.15
LogInit: Net CL: 3299760
LogDevObjectVersion: Number of dev versions registered: 14
LogDevObjectVersion:   Dev-Blueprints (B0D832E4-1F89-4F0D-ACCF-7EB736FD4AA2): 8
LogDevObjectVersion:   Dev-Build (E1C64328-A22C-4D53-A36C-8E866417BD8C): 0
LogDevObjectVersion:   Dev-Core (375EC13C-06E4-48FB-B500-84F0262A717E): 2
LogDevObjectVersion:   Dev-Editor (E4B068ED-F494-42E9-A231-DA0B2E46BB41): 14
LogDevObjectVersion:   Dev-Framework (CFFC743F-43B0-4480-9391-14DF171D2073): 22
LogDevObjectVersion:   Dev-Mobile (B02B49B5-BB20-44E9-A304-32B752E40360): 0
LogDevObjectVersion:   Dev-Networking (A4E4105C-59A1-49B5-A7C5-40C4547EDFEE): 0
LogDevObjectVersion:   Dev-Online (39C831C9-5AE6-47DC-9A44-9C173E1C8E7C): 0
LogDevObjectVersion:   Dev-Physics (78F01B33-EBEA-4F98-B9B4-84EACCB95AA2): 0
LogDevObjectVersion:   Dev-Platform (6631380F-2D4D-43E0-8009-CF276956A95A): 0
LogDevObjectVersion:   Dev-Rendering (12F88B9F-8875-4AFC-A67C-D90C383ABD29): 12
LogDevObjectVersion:   Dev-Sequencer (7B5AE74C-D270-4C10-A958-57980B212A5A): 3
LogDevObjectVersion:   Dev-VR (D7296918-1DD6-4BDD-9DE2-64A83CC13884): 0
LogDevObjectVersion:   Dev-LoadTimes (C2A15278-BFE7-4AFE-6C17-90FF531DF755): 1
LogInit: Compiled (64-bit): Mar 15 2017 16:52:47
LogInit: Compiled with Visual C++: 19.00.23026.00
LogInit: Build Configuration: Development
LogInit: Branch Name: ++UE4+Release-4.15
LogInit: Command line:  
LogInit: Base directory: C:/Program Files/Epic Games/UE_4.15/Engine/Binaries/Win64/
LogInit: Installed Engine Build: 1
LogInit: Presizing for max 8388607 objects, including 0 objects not considered by GC, pre-allocating 0 bytes for permanent pool.
LogInit: Object subsystem initialized
[2017.04.10-19.15.53:005][  0]LogConsoleManager:Display: Setting the console variable 'r.RHICmdBypass' with 'SetByProjectSetting' was ignored as it is lower priority than the previous 'SetBySystemSettingsIni'. Value remains '1'
[2017.04.10-19.15.53:017][  0]LogInit: Selected Device Profile: [Windows]
[2017.04.10-19.15.53:017][  0]LogInit: Applying CVar settings loaded from the selected device profile: [Windows]
[2017.04.10-19.15.53:031][  0]LogInit: Computer: CRODAWIN10
[2017.04.10-19.15.53:031][  0]LogInit: User: croda
[2017.04.10-19.15.53:031][  0]LogInit: CPU Page size=65536, Cores=4
[2017.04.10-19.15.53:031][  0]LogInit: High frequency timer resolution =2.630636 MHz
[2017.04.10-19.15.53:031][  0]LogMemory: Memory total: Physical=15.9GB (16GB approx)
[2017.04.10-19.15.53:031][  0]LogMemory: Platform Memory Stats for Windows
[2017.04.10-19.15.53:031][  0]LogMemory: Process Physical Memory: 265.67 MB used, 265.67 MB peak
[2017.04.10-19.15.53:031][  0]LogMemory: Process Virtual Memory: 262.58 MB used, 262.58 MB peak
[2017.04.10-19.15.53:031][  0]LogMemory: Physical Memory: 5575.48 MB used,  10713.64 MB free, 16289.12 MB total
[2017.04.10-19.15.53:031][  0]LogMemory: Virtual Memory: 645.59 MB used,  10713.64 MB free, 134217728.00 MB total
[2017.04.10-19.15.53:272][  0]LogTextLocalizationManager: No specific translations for ('en-US') exist, so ('en') translations will be used.
[2017.04.10-19.15.54:966][  0]LogD3D11RHI: D3D11 adapters:
[2017.04.10-19.15.55:008][  0]LogD3D11RHI:    0. 'NVIDIA Quadro K5100M' (Feature Level 11_0)
[2017.04.10-19.15.55:008][  0]LogD3D11RHI:       8153/0/8144 MB DedicatedVideo/DedicatedSystem/SharedSystem, Outputs:3, VendorId:0x10de
[2017.04.10-19.15.55:016][  0]LogD3D11RHI:    1. 'Intel(R) HD Graphics 4600' (Feature Level 11_0)
[2017.04.10-19.15.55:016][  0]LogD3D11RHI:       112/0/2048 MB DedicatedVideo/DedicatedSystem/SharedSystem, Outputs:0, VendorId:0x8086
[2017.04.10-19.15.55:018][  0]LogD3D11RHI:    2. 'Microsoft Basic Render Driver' (Feature Level 11_0)
[2017.04.10-19.15.55:018][  0]LogD3D11RHI:       0/0/8144 MB DedicatedVideo/DedicatedSystem/SharedSystem, Outputs:0, VendorId:0x1414
[2017.04.10-19.15.55:018][  0]LogD3D11RHI: Chosen D3D11 Adapter: 0
[2017.04.10-19.15.55:024][  0]LogD3D11RHI: Creating new Direct3DDevice
[2017.04.10-19.15.55:024][  0]LogD3D11RHI:     GPU DeviceId: 0x11b8 (for the marketing name, search the web for "GPU Device Id")
[2017.04.10-19.15.55:024][  0]LogWindows: EnumDisplayDevices:
[2017.04.10-19.15.55:024][  0]LogWindows:    0. 'Intel(R) HD Graphics 4600' (P:1 D:1)
[2017.04.10-19.15.55:024][  0]LogWindows:    1. 'Intel(R) HD Graphics 4600' (P:0 D:0)
[2017.04.10-19.15.55:025][  0]LogWindows:    2. 'Intel(R) HD Graphics 4600' (P:0 D:0)
[2017.04.10-19.15.55:025][  0]LogWindows:    3. 'NVIDIA Quadro K5100M' (P:0 D:1)
[2017.04.10-19.15.55:025][  0]LogWindows:    4. 'NVIDIA Quadro K5100M' (P:0 D:1)
[2017.04.10-19.15.55:025][  0]LogWindows:    5. 'NVIDIA Quadro K5100M' (P:0 D:0)
[2017.04.10-19.15.55:026][  0]LogWindows:    6. 'NVIDIA Quadro K5100M' (P:0 D:0)
[2017.04.10-19.15.55:026][  0]LogWindows: DebugString: PrimaryIsNotTheChoosenAdapter PrimaryIsNotTheChoosenAdapter PrimaryIsNotTheChoosenAdapter FoundDriverCount:4 
[2017.04.10-19.15.55:026][  0]LogD3D11RHI:     Adapter Name: NVIDIA Quadro K5100M
[2017.04.10-19.15.55:026][  0]LogD3D11RHI:   Driver Version: 376.54 (internal:21.21.13.7654, unified:376.54)
[2017.04.10-19.15.55:026][  0]LogD3D11RHI:      Driver Date: 12-29-2016
[2017.04.10-19.15.55:026][  0]LogRHI: Texture pool is 1361 MB (70% of 1945 MB)
[2017.04.10-19.15.55:050][  0]LogD3D11RHI:Warning: Timestamp queries are currently disabled on this hardware due to instability. Realtime GPU stats will not be available. You can override this behaviour by setting r.NVIDIATimestampWorkaround to 0
[2017.04.10-19.15.55:052][  0]LogD3D11RHI: Async texture creation enabled
[2017.04.10-19.15.55:071][  0]LogD3D11RHI: GPU Timing Frequency: 1000.000000 (Debug: 2 2)
[2017.04.10-19.15.55:177][  0]LogShaderCompilers: Guid format shader working directory is 19 characters bigger than the processId version (D:/VRProjects/JosiahCarter/Intermediate/Shaders/WorkingDirectory/14984/).
[2017.04.10-19.15.55:177][  0]LogShaderCompilers: Cleaned the shader compiler working directory 'C:/Users/croda/AppData/Local/Temp/UnrealShaderWorkingDir/1C778BFC43CA70A1563117923894CB7A/'.
[2017.04.10-19.15.55:177][  0]LogShaderCompilers:Display: Using Local Shader Compiler.
[2017.04.10-19.15.57:808][  0]LogTemp:Display: Loaded TP AllDesktopTargetPlatform
[2017.04.10-19.15.57:897][  0]LogTemp:Display: Loaded TP MacClientTargetPlatform
[2017.04.10-19.15.57:982][  0]LogTemp:Display: Loaded TP MacNoEditorTargetPlatform
[2017.04.10-19.15.58:062][  0]LogTemp:Display: Loaded TP MacServerTargetPlatform
[2017.04.10-19.15.58:143][  0]LogTemp:Display: Loaded TP MacTargetPlatform
[2017.04.10-19.15.58:224][  0]LogTemp:Display: Loaded TP WindowsClientTargetPlatform
[2017.04.10-19.15.58:302][  0]LogTemp:Display: Loaded TP WindowsNoEditorTargetPlatform
[2017.04.10-19.15.58:386][  0]LogTemp:Display: Loaded TP WindowsServerTargetPlatform
[2017.04.10-19.15.58:453][  0]LogTemp:Display: Loaded TP WindowsTargetPlatform
[2017.04.10-19.15.58:538][  0]LogTemp:Display: Loaded TP AndroidTargetPlatform
[2017.04.10-19.15.58:613][  0]LogTemp:Display: Loaded TP Android_ASTCTargetPlatform
[2017.04.10-19.15.58:687][  0]LogTemp:Display: Loaded TP Android_ATCTargetPlatform
[2017.04.10-19.15.58:764][  0]LogTemp:Display: Loaded TP Android_DXTTargetPlatform
[2017.04.10-19.15.58:838][  0]LogTemp:Display: Loaded TP Android_ETC1TargetPlatform
[2017.04.10-19.15.58:916][  0]LogTemp:Display: Loaded TP Android_ETC2TargetPlatform
[2017.04.10-19.15.59:077][  0]LogTemp:Display: Loaded TP Android_MultiTargetPlatform
[2017.04.10-19.15.59:077][  0]LogTemp:Display: Loaded TP Android_PVRTCTargetPlatform
[2017.04.10-19.15.59:136][  0]LogTemp:Display: Loaded TP HTML5TargetPlatform
[2017.04.10-19.15.59:275][  0]LogTemp:Display: Loaded TP IOSTargetPlatform
[2017.04.10-19.15.59:321][  0]LogTemp:Display: Loaded TP TVOSTargetPlatform
[2017.04.10-19.15.59:403][  0]LogTemp:Display: Loaded TP LinuxClientTargetPlatform
[2017.04.10-19.15.59:482][  0]LogTemp:Display: Loaded TP LinuxNoEditorTargetPlatform
[2017.04.10-19.15.59:570][  0]LogTemp:Display: Loaded TP LinuxServerTargetPlatform
[2017.04.10-19.15.59:659][  0]LogTemp:Display: Loaded TP LinuxTargetPlatform
[2017.04.10-19.15.59:659][  0]LogTargetPlatformManager:Display: Building Assets For Windows
[2017.04.10-19.16.00:404][  0]LogDerivedDataCache:Display: Max Cache Size: 512 MB
[2017.04.10-19.16.00:648][  0]LogDerivedDataCache: Loaded boot cache 0.24s 51MB C:/Users/croda/AppData/Local/UnrealEngine/4.15/DerivedDataCache/Boot.ddc.
[2017.04.10-19.16.00:648][  0]LogDerivedDataCache:Display: Loaded Boot cache: C:/Users/croda/AppData/Local/UnrealEngine/4.15/DerivedDataCache/Boot.ddc
[2017.04.10-19.16.00:648][  0]LogDerivedDataCache: FDerivedDataBackendGraph:  Pak pak cache file D:/VRProjects/JosiahCarter/DerivedDataCache/DDC.ddp not found, will not use a pak cache.
[2017.04.10-19.16.00:648][  0]LogDerivedDataCache: Unable to find inner node Pak for hierarchical cache Hierarchy.
[2017.04.10-19.16.00:648][  0]LogDerivedDataCache: FDerivedDataBackendGraph:  CompressedPak pak cache file D:/VRProjects/JosiahCarter/DerivedDataCache/Compressed.ddp not found, will not use a pak cache.
[2017.04.10-19.16.00:648][  0]LogDerivedDataCache: Unable to find inner node CompressedPak for hierarchical cache Hierarchy.
[2017.04.10-19.16.00:678][  0]LogDerivedDataCache:Display: Pak cache opened for reading ../../../Engine/DerivedDataCache/Compressed.ddp.
[2017.04.10-19.16.00:692][  0]LogDerivedDataCache: Using Local data cache path C:/Users/croda/AppData/Local/UnrealEngine/Common/DerivedDataCache: Writable
[2017.04.10-19.16.00:705][  0]LogSlate: Using Freetype 2.6.0
[2017.04.10-19.16.00:712][  0]LogSlate: SlateFontCache - WITH_FREETYPE: 1, WITH_HARFBUZZ: 1
[2017.04.10-19.16.00:712][  0]LogSlate: SlateFontCache - WITH_FREETYPE: 1, WITH_HARFBUZZ: 1
[2017.04.10-19.16.02:341][  0]LogInit: Selected Device Profile: [Windows]
[2017.04.10-19.16.02:346][  0]LogContentStreaming: Texture pool size is 0.00 MB
[2017.04.10-19.16.02:637][  0]LogMeshUtilities: Using QuadricMeshReduction for automatic static mesh reduction
[2017.04.10-19.16.02:699][  0]LogSimplygon: Simplygon DLL not present - disabling.
[2017.04.10-19.16.02:767][  0]LogMeshUtilities: Using SimplygonSwarm for distributed automatic mesh merging
[2017.04.10-19.16.02:767][  0]LogMeshUtilities: No automatic skeletal mesh reduction module available
[2017.04.10-19.16.02:767][  0]LogMeshUtilities: No automatic mesh merging module available
[2017.04.10-19.16.03:762][  0]LogNetVersion: GetLocalNetworkVersion: CL: 3299760, ProjectName: josiahcarter, ProjectVersion: , EngineNetworkVersion: 2, GameNetworkVersion: 0, NetworkChecksum: 64830108
[2017.04.10-19.16.03:818][  0]LogAssetRegistry: FAssetRegistry took 0.0213 seconds to start up
[2017.04.10-19.16.03:940][  0]LogPackageLocalizationCache: Processed 4 localized package path(s) for 2 prioritized culture(s) in 0.095153 seconds
[2017.04.10-19.16.03:948][  0]LogUObjectArray: 32493 objects as part of root set at end of initial load.
[2017.04.10-19.16.03:948][  0]LogUObjectAllocator: 7077032 out of 0 bytes used by permanent object pool.
[2017.04.10-19.16.03:948][  0]LogUObjectArray: CloseDisregardForGC: 0/0 objects in disregard for GC pool
[2017.04.10-19.16.04:032][  0]LogInit: WinSock: version 1.1 (2.2), MaxSocks=32767, MaxUdp=65467
[2017.04.10-19.16.07:625][  0]LogSubstanceCoreModule: Substance [CPU] Engine Loaded, Max Texture Size = 2048
[2017.04.10-19.16.07:661][  0]LogTcpMessaging: Initializing TcpMessaging bridge
[2017.04.10-19.16.07:707][  0]LogUdpMessaging: Initializing bridge on interface 0.0.0.0:0 to multicast group 230.0.0.1:6666.
[2017.04.10-19.16.08:409][  0]LogMaterial: Uniform references updated for custom material expression Custom.
[2017.04.10-19.16.08:981][  0]SourceControl: Info Source control is disabled
[2017.04.10-19.16.08:984][  0]SourceControl: Info Source control is disabled
[2017.04.10-19.16.09:051][  0]SourceControl: Info Source control is disabled
[2017.04.10-19.16.09:120][  0]SourceControl: Info Source control is disabled
[2017.04.10-19.16.10:351][  0]LogHoudiniEngine: Starting the Houdini Engine module.
[2017.04.10-19.16.10:354][  0]LogHoudiniEngine: Loaded libHAPIL.dll from Registry path C:\Program Files\Side Effects Software\Houdini 16.0.557/bin
[2017.04.10-19.16.10:357][  0]LogLinker:Warning: Asset '../../../Engine/Plugins/Runtime/HoudiniEngine/Content/houdini_logo.uasset' has been saved with empty engine version. The asset will be loaded but may be incompatible.
[2017.04.10-19.16.10:363][  0]LogLinker:Warning: Asset '../../../Engine/Plugins/Runtime/HoudiniEngine/Content/houdini_default_material.uasset' has been saved with empty engine version. The asset will be loaded but may be incompatible.
[2017.04.10-19.16.10:375][  0]LogLinker:Warning: Asset '../../../Engine/Plugins/Runtime/HoudiniEngine/Content/houdini_bgeo_import.uasset' has been saved with empty engine version. The asset will be loaded but may be incompatible.
[2017.04.10-19.16.13:858][  0]LogHoudiniEngine: Successfully intialized the Houdini Engine API module.
[2017.04.10-19.16.14:599][  0]LogEngine: Initializing Engine...
[2017.04.10-19.16.14:601][  0]LogHMD: Failed to initialize OpenVR with code 101
[2017.04.10-19.16.15:027][  0]LogAIModule: Creating AISystem for world Untitled
[2017.04.10-19.16.15:045][  0]LogInit: XAudio2 using 'Headphone (Realtek High Definition Audio)' : 2 channels at 48 kHz using 32 bits per sample (channel mask 0x3)
[2017.04.10-19.16.15:211][  0]LogInit: FAudioDevice initialized.
[2017.04.10-19.16.15:384][  0]LogDerivedDataCache: Saved boot cache 0.17s 51MB C:/Users/croda/AppData/Local/UnrealEngine/4.15/DerivedDataCache/Boot.ddc.
[2017.04.10-19.16.15:391][  0]LogInit: Texture streaming: Enabled
[2017.04.10-19.16.15:513][  0]LogEngineSessionManager: EngineSessionManager initialized
[2017.04.10-19.16.15:645][  0]LogInit: Transaction tracking system initialized
[2017.04.10-19.16.16:232][  0]BlueprintLog: New page: Editor Load
[2017.04.10-19.16.17:719][  0]LocalizationService: Info Localization service is disabled
[2017.04.10-19.16.19:046][  0]LogConsoleResponse:Display: 
[2017.04.10-19.16.19:338][  0]LogCook:Display: Max memory allowance for cook 16384mb min free memory 0mb
[2017.04.10-19.16.19:338][  0]LogCook:Display: Mobile HDR setting 1
[2017.04.10-19.16.20:006][  0]LogFileCache: Scanning file cache for directory 'D:/VRProjects/JosiahCarter/Content/' took 0.02s
[2017.04.10-19.16.20:317][  0]LogHoudiniEngineEditor: Starting the Houdini Engine Editor module.
[2017.04.10-19.16.20:923][  0]SourceControl: Info Source control is disabled
[2017.04.10-19.16.20:924][  0]Cmd: MAP LOAD FILE="D:/VRProjects/JosiahCarter/Content/VirtualRealityBP/Maps/StartupMap.umap" TEMPLATE=0 SHOWPROGRESS=1 FEATURELEVEL=3
[2017.04.10-19.16.20:974][  0]LightingResults: New page: Lighting Build
[2017.04.10-19.16.21:040][  0]MapCheck: New page: Map Check
[2017.04.10-19.16.21:040][  0]LightingResults: New page: Lighting Build
[2017.04.10-19.16.21:242][  0]LogAIModule: Creating AISystem for world StartupMap
[2017.04.10-19.16.21:279][  0]LogEditorServer: Finished looking for orphan Actors (0.000 secs)
[2017.04.10-19.16.21:279][  0]Cmd: MAP CHECKDEP NOCLEARLOG
[2017.04.10-19.16.21:418][  0]MapCheck: Info Map check complete: 0 Error(s), 0 Warning(s), took 138.093ms to complete.
[2017.04.10-19.16.21:418][  0]LogFileHelpers: Loading map 'StartupMap' took 0.494
[2017.04.10-19.16.21:485][  0]LogWindowsTextInputMethodSystem:Display: IME system now deactivated.
[2017.04.10-19.16.21:654][  0]LogCollectionManager: Loaded 0 collections in 0.001635 seconds
[2017.04.10-19.16.21:768][  0]LogFileCache: Scanning file cache for directory 'D:/VRProjects/JosiahCarter/Saved/Collections/' took 0.01s
[2017.04.10-19.16.21:768][  0]LogFileCache: Scanning file cache for directory 'D:/VRProjects/JosiahCarter/Content/Developers/croda/Collections/' took 0.01s
[2017.04.10-19.16.21:768][  0]LogFileCache: Scanning file cache for directory 'D:/VRProjects/JosiahCarter/Content/Collections/' took 0.01s
[2017.04.10-19.16.21:768][  0]LogCollectionManager: Rebuilt the GUID cache for 0 collections in 0.000005 seconds
[2017.04.10-19.16.21:780][  0]LogContentBrowser: Native class hierarchy populated in 0.0120 seconds. Added 2294 classes and 465 folders.
[2017.04.10-19.16.21:784][  0]LogStats: UGameplayTagsManager::ConstructGameplayTagTree: Construct from data asset -  0.000 s
[2017.04.10-19.16.21:784][  0]LogStats: UGameplayTagsManager::ConstructGameplayTagTree: GameplayTagTreeChangedEvent.Broadcast -  0.000 s
[2017.04.10-19.16.21:876][  0]LogContentBrowser: Native class hierarchy updated for 'WidgetCarousel' in 0.0006 seconds. Added 0 classes and 0 folders.
[2017.04.10-19.16.22:079][  0]LogContentBrowser: Native class hierarchy updated for 'AddContentDialog' in 0.0007 seconds. Added 0 classes and 0 folders.
[2017.04.10-19.16.22:140][  0]LogContentBrowser: Native class hierarchy updated for 'SceneOutliner' in 0.0006 seconds. Added 1 classes and 2 folders.
[2017.04.10-19.16.22:269][  0]LogCrashTracker: Crashtracker disabled due to settings.
[2017.04.10-19.16.22:278][  0]LogUObjectGlobals:Warning: Failed to find object 'Class None.'
[2017.04.10-19.16.22:372][  0]LogContentBrowser: Native class hierarchy updated for 'HierarchicalLODOutliner' in 0.0006 seconds. Added 1 classes and 2 folders.
[2017.04.10-19.16.22:372][  0]LogLoad: (Engine Initialization) Total time: 32.83 seconds
[2017.04.10-19.16.22:372][  0]LogLoad: (Engine Initialization) Total Blueprint compile time: 0.07 seconds
[2017.04.10-19.16.22:372][  0]LogExternalProfiler: Found external profiler: VSPerf
[2017.04.10-19.16.22:372][  0]LogExternalProfiler: Using external profiler: VSPerf
[2017.04.10-19.16.22:382][  0]LogOcInput: OculusInput pre-init called
[2017.04.10-19.16.22:406][  0]LogContentStreaming: Texture pool size now 1000 MB
[2017.04.10-19.16.22:409][  0]LogSlate: Took 0.001946 seconds to synchronously load lazily loaded font '../../../Engine/Content/Slate/Fonts/Roboto-Regular.ttf' (155K)
[2017.04.10-19.16.22:415][  0]LogSlate: Took 0.001881 seconds to synchronously load lazily loaded font '../../../Engine/Content/Slate/Fonts/Roboto-Bold.ttf' (160K)
[2017.04.10-19.16.22:424][  0]LogSlate: Took 0.001782 seconds to synchronously load lazily loaded font '../../../Engine/Content/Editor/Slate/Fonts/FontAwesome.ttf' (139K)
[2017.04.10-19.16.22:655][  0]LogRenderer: Reallocating scene render targets to support 948x692 NumSamples 1 (Frame:2).
[2017.04.10-19.16.22:789][  2]LogAssetRegistry: Asset discovery search completed in 18.9925 seconds
[2017.04.10-19.16.22:789][  2]LogCollectionManager: Rebuilt the object cache for 0 collections in 0.000019 seconds (found 0 objects)
[2017.04.10-19.16.22:789][  2]LogCollectionManager: Fixed up redirectors for 0 collections in 0.000044 seconds (updated 0 objects)
[2017.04.10-19.16.23:147][ 31]Cmd: ACTOR HIDE SELECTED
[2017.04.10-19.16.26:785][303]LogSlate: Took 0.004380 seconds to synchronously load lazily loaded font '../../../Engine/Content/Slate/Fonts/Roboto-Light.ttf' (159K)
[2017.04.10-19.18.12:273][630]LogWindowsTextInputMethodSystem:Display: IME system now deactivated.
[2017.04.10-19.18.12:455][631]Cmd: QUIT_EDITOR
[2017.04.10-19.18.12:525][631]LogExit: Preparing to exit.
[2017.04.10-19.18.12:877][631]LogHoudiniEngine: HAPI Synchronous Deletion of  Started. HoudiniAsset = 0x0, 
[2017.04.10-19.18.12:878][631]LogExit: Editor shut down
[2017.04.10-19.18.12:878][631]LogExit: Transaction tracking system shut down
[2017.04.10-19.18.12:941][631]LogObj: Freed 0b from 0 cluster array pools.
[2017.04.10-19.18.12:941][631]LogExit: Object subsystem successfully closed.
[2017.04.10-19.18.12:964][631]LogD3D11RHI: Shutdown
[2017.04.10-19.18.12:964][631]LogD3D11RHI: CleanupD3DDevice
[2017.04.10-19.18.13:029][631]LogD3D11RHI: ~FD3D11DynamicRHI
[2017.04.10-19.18.13:044][631]LogModuleManager: Shutting down and abandoning module HierarchicalLODOutliner (506)
[2017.04.10-19.18.13:045][631]LogModuleManager: Shutting down and abandoning module CrashTracker (504)
[2017.04.10-19.18.13:045][631]LogModuleManager: Shutting down and abandoning module SceneOutliner (502)
[2017.04.10-19.18.13:045][631]LogModuleManager: Shutting down and abandoning module AddContentDialog (500)
[2017.04.10-19.18.13:045][631]LogDirectoryWatcher: A directory notification for 'C:/Program Files/Epic Games/UE_4.15/FeaturePacks/' was aborted.
[2017.04.10-19.18.13:045][631]LogModuleManager: Shutting down and abandoning module WidgetCarousel (499)
[2017.04.10-19.18.13:045][631]LogModuleManager: Shutting down and abandoning module EditorWidgets (496)
[2017.04.10-19.18.13:045][631]LogModuleManager: Shutting down and abandoning module CollectionManager (494)
[2017.04.10-19.18.13:045][631]LogDirectoryWatcher: A directory notification for 'D:/VRProjects/JosiahCarter/Content/Collections/' was aborted.
[2017.04.10-19.18.13:046][631]LogDirectoryWatcher: A directory notification for 'D:/VRProjects/JosiahCarter/Content/Developers/croda/Collections/' was aborted.
[2017.04.10-19.18.13:046][631]LogDirectoryWatcher: A directory notification for 'D:/VRProjects/JosiahCarter/Saved/Collections/' was aborted.
[2017.04.10-19.18.13:046][631]LogModuleManager: Shutting down and abandoning module StatsViewer (492)
[2017.04.10-19.18.13:046][631]LogModuleManager: Shutting down and abandoning module FoliageEdit (490)
[2017.04.10-19.18.13:046][631]LogModuleManager: Shutting down and abandoning module LandscapeEditor (488)
[2017.04.10-19.18.13:046][631]LogModuleManager: Shutting down and abandoning module SceneDepthPickerMode (486)
[2017.04.10-19.18.13:046][631]LogModuleManager: Shutting down and abandoning module ActorPickerMode (484)
[2017.04.10-19.18.13:046][631]LogModuleManager: Shutting down and abandoning module GeometryMode (482)
[2017.04.10-19.18.13:046][631]LogModuleManager: Shutting down and abandoning module TextureAlignMode (480)
[2017.04.10-19.18.13:046][631]LogModuleManager: Shutting down and abandoning module BspMode (478)
[2017.04.10-19.18.13:046][631]LogModuleManager: Shutting down and abandoning module HardwareSurvey (476)
[2017.04.10-19.18.13:046][631]LogModuleManager: Shutting down and abandoning module SequenceRecorderSections (474)
[2017.04.10-19.18.13:046][631]LogModuleManager: Shutting down and abandoning module AutomationWorker (472)
[2017.04.10-19.18.13:046][631]LogModuleManager: Shutting down and abandoning module HoudiniEngineEditor (470)
[2017.04.10-19.18.13:046][631]LogHoudiniEngineEditor: Shutting down the Houdini Engine Editor module.
[2017.04.10-19.18.13:046][631]LogModuleManager: Shutting down and abandoning module MatineeToLevelSequence (468)
[2017.04.10-19.18.13:046][631]LogModuleManager: Shutting down and abandoning module LevelSequenceEditor (466)
[2017.04.10-19.18.13:046][631]LogModuleManager: Shutting down and abandoning module PlacementMode (465)
[2017.04.10-19.18.13:046][631]LogModuleManager: Shutting down and abandoning module WmfMediaFactory (462)
[2017.04.10-19.18.13:046][631]LogModuleManager: Shutting down and abandoning module WmfMediaEditor (460)
[2017.04.10-19.18.13:046][631]LogModuleManager: Shutting down and abandoning module MfMediaFactory (458)
[2017.04.10-19.18.13:046][631]LogModuleManager: Shutting down and abandoning module MfMediaEditor (456)
[2017.04.10-19.18.13:046][631]LogModuleManager: Shutting down and abandoning module AvfMediaFactory (454)
[2017.04.10-19.18.13:046][631]LogModuleManager: Shutting down and abandoning module AvfMediaEditor (452)
[2017.04.10-19.18.13:046][631]LogModuleManager: Shutting down and abandoning module AndroidMediaFactory (450)
[2017.04.10-19.18.13:046][631]LogModuleManager: Shutting down and abandoning module Media (449)
[2017.04.10-19.18.13:046][631]LogModuleManager: Shutting down and abandoning module AndroidMediaEditor (446)
[2017.04.10-19.18.13:046][631]LogModuleManager: Shutting down and abandoning module CharacterAI (444)
[2017.04.10-19.18.13:046][631]LogModuleManager: Shutting down and abandoning module AudioCapture (442)
[2017.04.10-19.18.13:046][631]LogModuleManager: Shutting down and abandoning module SequenceRecorder (441)
[2017.04.10-19.18.13:046][631]LogModuleManager: Shutting down and abandoning module SmartSnapping (438)
[2017.04.10-19.18.13:046][631]LogModuleManager: Shutting down and abandoning module SessionServices (436)
[2017.04.10-19.18.13:046][631]LogModuleManager: Shutting down and abandoning module ViewportSnapping (434)
[2017.04.10-19.18.13:046][631]LogModuleManager: Shutting down and abandoning module ViewportInteraction (432)
[2017.04.10-19.18.13:046][631]LogModuleManager: Shutting down and abandoning module LogVisualizer (430)
[2017.04.10-19.18.13:046][631]LogModuleManager: Shutting down and abandoning module IntroTutorials (428)
[2017.04.10-19.18.13:047][631]LogModuleManager: Shutting down and abandoning module GameProjectGeneration (427)
[2017.04.10-19.18.13:047][631]LogModuleManager: Shutting down and abandoning module EditorLiveStreaming (424)
[2017.04.10-19.18.13:047][631]LogModuleManager: Shutting down and abandoning module IOSPlatformEditor (422)
[2017.04.10-19.18.13:047][631]LogModuleManager: Shutting down and abandoning module HTML5PlatformEditor (420)
[2017.04.10-19.18.13:047][631]LogModuleManager: Shutting down and abandoning module AndroidPlatformEditor (418)
[2017.04.10-19.18.13:047][631]LogModuleManager: Shutting down and abandoning module AndroidDeviceDetection (417)
[2017.04.10-19.18.13:362][631]LogModuleManager: Shutting down and abandoning module IOSRuntimeSettings (414)
[2017.04.10-19.18.13:362][631]LogModuleManager: Shutting down and abandoning module AndroidRuntimeSettings (412)
[2017.04.10-19.18.13:362][631]LogModuleManager: Shutting down and abandoning module InputBindingEditor (410)
[2017.04.10-19.18.13:362][631]LogModuleManager: Shutting down and abandoning module NiagaraEditor (408)
[2017.04.10-19.18.13:362][631]LogModuleManager: Shutting down and abandoning module MergeActors (406)
[2017.04.10-19.18.13:362][631]LogModuleManager: Shutting down and abandoning module SizeMap (404)
[2017.04.10-19.18.13:362][631]LogModuleManager: Shutting down and abandoning module TreeMap (402)
[2017.04.10-19.18.13:362][631]LogModuleManager: Shutting down and abandoning module ReferenceViewer (400)
[2017.04.10-19.18.13:362][631]LogModuleManager: Shutting down and abandoning module LocalizationDashboard (398)
[2017.04.10-19.18.13:362][631]LogModuleManager: Shutting down and abandoning module LocalizationService (397)
[2017.04.10-19.18.13:362][631]LogModuleManager: Shutting down and abandoning module HardwareTargeting (394)
[2017.04.10-19.18.13:362][631]LogModuleManager: Shutting down and abandoning module DeviceProfileEditor (392)
[2017.04.10-19.18.13:362][631]LogModuleManager: Shutting down and abandoning module UndoHistory (390)
[2017.04.10-19.18.13:362][631]LogModuleManager: Shutting down and abandoning module UserFeedback (388)
[2017.04.10-19.18.13:362][631]LogModuleManager: Shutting down and abandoning module XmlParser (386)
[2017.04.10-19.18.13:362][631]LogModuleManager: Shutting down and abandoning module Blutility (384)
[2017.04.10-19.18.13:362][631]LogModuleManager: Shutting down and abandoning module ProjectSettingsViewer (382)
[2017.04.10-19.18.13:362][631]LogModuleManager: Shutting down and abandoning module ProjectTargetPlatformEditor (381)
[2017.04.10-19.18.13:362][631]LogModuleManager: Shutting down and abandoning module EditorSettingsViewer (378)
[2017.04.10-19.18.13:362][631]LogModuleManager: Shutting down and abandoning module SettingsEditor (376)
[2017.04.10-19.18.13:362][631]LogModuleManager: Shutting down and abandoning module ProjectLauncher (374)
[2017.04.10-19.18.13:362][631]LogModuleManager: Shutting down and abandoning module SessionFrontend (372)
[2017.04.10-19.18.13:362][631]LogModuleManager: Shutting down and abandoning module ProfilerClient (370)
[2017.04.10-19.18.13:362][631]LogModuleManager: Shutting down and abandoning module DeviceManager (368)
[2017.04.10-19.18.13:362][631]LogModuleManager: Shutting down and abandoning module TargetDeviceServices (367)
[2017.04.10-19.18.13:416][631]LogModuleManager: Shutting down and abandoning module AutomationController (364)
[2017.04.10-19.18.13:416][631]LogModuleManager: Shutting down and abandoning module AutomationWindow (362)
[2017.04.10-19.18.13:416][631]LogModuleManager: Shutting down and abandoning module Layers (360)
[2017.04.10-19.18.13:416][631]LogModuleManager: Shutting down and abandoning module ComponentVisualizers (358)
[2017.04.10-19.18.13:416][631]LogModuleManager: Shutting down and abandoning module DetailCustomizations (356)
[2017.04.10-19.18.13:416][631]LogModuleManager: Shutting down and abandoning module PackagesDialog (354)
[2017.04.10-19.18.13:416][631]LogModuleManager: Shutting down and abandoning module Persona (352)
[2017.04.10-19.18.13:416][631]LogModuleManager: Shutting down and abandoning module AnimGraph (351)
[2017.04.10-19.18.13:416][631]LogModuleManager: Shutting down and abandoning module Kismet (348)
[2017.04.10-19.18.13:416][631]LogModuleManager: Shutting down and abandoning module GraphEditor (346)
[2017.04.10-19.18.13:417][631]LogModuleManager: Shutting down and abandoning module ClassViewer (344)
[2017.04.10-19.18.13:417][631]LogModuleManager: Shutting down and abandoning module Toolbox (342)
[2017.04.10-19.18.13:417][631]LogModuleManager: Shutting down and abandoning module ModuleUI (340)
[2017.04.10-19.18.13:417][631]LogModuleManager: Shutting down and abandoning module MovieSceneTools (338)
[2017.04.10-19.18.13:417][631]LogModuleManager: Shutting down and abandoning module OutputLog (336)
[2017.04.10-19.18.13:417][631]LogModuleManager: Shutting down and abandoning module GammaUI (334)
[2017.04.10-19.18.13:417][631]LogModuleManager: Shutting down and abandoning module Documentation (332)
[2017.04.10-19.18.13:417][631]LogModuleManager: Shutting down and abandoning module Niagara (330)
[2017.04.10-19.18.13:417][631]LogModuleManager: Shutting down and abandoning module StreamingPauseRendering (328)
[2017.04.10-19.18.13:417][631]LogModuleManager: Shutting down and abandoning module AnalyticsET (326)
[2017.04.10-19.18.13:417][631]LogModuleManager: Shutting down and abandoning module PortalServices (324)
[2017.04.10-19.18.13:417][631]LogModuleManager: Shutting down and abandoning module PortalRpc (322)
[2017.04.10-19.18.13:417][631]LogModuleManager: Shutting down and abandoning module MessagingRpc (320)
[2017.04.10-19.18.13:417][631]LogModuleManager: Shutting down and abandoning module AIModule (318)
[2017.04.10-19.18.13:417][631]LogModuleManager: Shutting down and abandoning module GameplayDebugger (317)
[2017.04.10-19.18.13:417][631]LogModuleManager: Shutting down and abandoning module AITestSuite (315)
[2017.04.10-19.18.13:417][631]LogModuleManager: Shutting down and abandoning module ProfilerService (312)
[2017.04.10-19.18.13:652][631]LogModuleManager: Shutting down and abandoning module TaskGraph (310)
[2017.04.10-19.18.13:652][631]LogModuleManager: Shutting down and abandoning module SubstanceEditor (308)
[2017.04.10-19.18.13:652][631]LogModuleManager: Shutting down and abandoning module SteamVRController (306)
[2017.04.10-19.18.13:653][631]LogModuleManager: Shutting down and abandoning module SteamVR (304)
[2017.04.10-19.18.13:653][631]LogModuleManager: Shutting down and abandoning module ProceduralMeshComponentEditor (302)
[2017.04.10-19.18.13:653][631]LogModuleManager: Shutting down and abandoning module ProceduralMeshComponent (300)
[2017.04.10-19.18.13:653][631]LogModuleManager: Shutting down and abandoning module OculusLibrary (298)
[2017.04.10-19.18.13:653][631]LogModuleManager: Shutting down and abandoning module OculusInput (296)
[2017.04.10-19.18.13:653][631]LogModuleManager: Shutting down and abandoning module MobilePatchingUtils (294)
[2017.04.10-19.18.13:653][631]LogModuleManager: Shutting down and abandoning module HoudiniEngineRuntime (292)
[2017.04.10-19.18.13:653][631]LogHoudiniEngine: Shutting down the Houdini Engine module.
[2017.04.10-19.18.13:654][631]LogModuleManager: Shutting down and abandoning module CustomMeshComponent (290)
[2017.04.10-19.18.13:654][631]LogModuleManager: Shutting down and abandoning module CableComponent (288)
[2017.04.10-19.18.13:654][631]LogModuleManager: Shutting down and abandoning module ArchVisCharacter (286)
[2017.04.10-19.18.13:654][631]LogModuleManager: Shutting down and abandoning module MediaPlayerEditor (282)
[2017.04.10-19.18.13:655][631]LogModuleManager: Shutting down and abandoning module HTML5Networking (280)
[2017.04.10-19.18.13:655][631]LogModuleManager: Shutting down and abandoning module AlembicImporter (278)
[2017.04.10-19.18.13:655][631]LogModuleManager: Shutting down and abandoning module AlembicLibrary (277)
[2017.04.10-19.18.13:655][631]LogModuleManager: Shutting down and abandoning module GeometryCache (276)
[2017.04.10-19.18.13:655][631]LogModuleManager: Shutting down and abandoning module GeometryCacheEd (275)
[2017.04.10-19.18.13:655][631]LogModuleManager: Shutting down and abandoning module SuperSearchEditor (270)
[2017.04.10-19.18.13:655][631]LogModuleManager: Shutting down and abandoning module SuperSearch (269)
[2017.04.10-19.18.13:655][631]LogModuleManager: Shutting down and abandoning module SpeedTreeImporter (266)
[2017.04.10-19.18.13:655][631]LogModuleManager: Shutting down and abandoning module PluginBrowser (264)
[2017.04.10-19.18.13:656][631]LogModuleManager: Shutting down and abandoning module MobileLauncherProfileWizard (262)
[2017.04.10-19.18.13:656][631]LogModuleManager: Shutting down and abandoning module EpicSurvey (260)
[2017.04.10-19.18.13:656][631]LogModuleManager: Shutting down and abandoning module VisualStudioSourceCodeAccess (258)
[2017.04.10-19.18.13:656][631]LogModuleManager: Shutting down and abandoning module DesktopPlatform (257)
[2017.04.10-19.18.13:656][631]LogModuleManager: Shutting down and abandoning module UObjectPlugin (254)
[2017.04.10-19.18.13:656][631]LogModuleManager: Shutting down and abandoning module SubversionSourceControl (252)
[2017.04.10-19.18.13:656][631]LogModuleManager: Shutting down and abandoning module PerforceSourceControl (250)
[2017.04.10-19.18.13:656][631]LogModuleManager: Shutting down and abandoning module GitSourceControl (248)
[2017.04.10-19.18.13:656][631]LogModuleManager: Shutting down and abandoning module SourceControl (247)
[2017.04.10-19.18.13:656][631]LogModuleManager: Shutting down and abandoning module LightPropagationVolumeEditor (244)
[2017.04.10-19.18.13:656][631]LogModuleManager: Shutting down and abandoning module PaperTiledImporter (242)
[2017.04.10-19.18.13:656][631]LogModuleManager: Shutting down and abandoning module PaperSpriteSheetImporter (240)
[2017.04.10-19.18.13:656][631]LogModuleManager: Shutting down and abandoning module Paper2DEditor (238)
[2017.04.10-19.18.13:656][631]LogModuleManager: Shutting down and abandoning module MeshPaint (237)
[2017.04.10-19.18.13:656][631]LogModuleManager: Shutting down and abandoning module LevelEditor (235)
[2017.04.10-19.18.13:657][631]LogModuleManager: Shutting down and abandoning module PixelInspectorModule (234)
[2017.04.10-19.18.13:657][631]LogModuleManager: Shutting down and abandoning module MainFrame (232)
[2017.04.10-19.18.13:657][631]LogModuleManager: Shutting down and abandoning module HotReload (231)
[2017.04.10-19.18.13:658][631]LogModuleManager: Shutting down and abandoning module ContentBrowser (227)
[2017.04.10-19.18.13:658][631]LogModuleManager: Shutting down and abandoning module PhysXVehiclesEditor (224)
[2017.04.10-19.18.13:658][631]LogModuleManager: Shutting down and abandoning module PhysXVehicles (222)
[2017.04.10-19.18.13:658][631]LogModuleManager: Shutting down and abandoning module LocationServicesBPLibrary (220)
[2017.04.10-19.18.13:659][631]LogModuleManager: Shutting down and abandoning module UdpMessaging (218)
[2017.04.10-19.18.13:759][631]LogModuleManager: Shutting down and abandoning module TcpMessaging (216)
[2017.04.10-19.18.13:860][631]LogModuleManager: Shutting down and abandoning module SubstanceCore (214)
[2017.04.10-19.18.13:860][631]LogModuleManager: Shutting down and abandoning module GameplayTagsEditor (212)
[2017.04.10-19.18.13:860][631]LogModuleManager: Shutting down and abandoning module FacialAnimationEditor (210)
[2017.04.10-19.18.13:860][631]LogModuleManager: Shutting down and abandoning module FacialAnimation (208)
[2017.04.10-19.18.13:860][631]LogModuleManager: Shutting down and abandoning module LightPropagationVolumeRuntime (206)
[2017.04.10-19.18.13:860][631]LogModuleManager: Shutting down and abandoning module Paper2D (204)
[2017.04.10-19.18.13:860][631]LogModuleManager: Shutting down and abandoning module WindowsMoviePlayer (202)
[2017.04.10-19.18.13:860][631]LogModuleManager: Shutting down and abandoning module WmfMedia (200)
[2017.04.10-19.18.13:860][631]LogModuleManager: Shutting down and abandoning module MfMedia (198)
[2017.04.10-19.18.13:860][631]LogModuleManager: Shutting down and abandoning module MediaAssets (196)
[2017.04.10-19.18.13:860][631]LogModuleManager: Shutting down and abandoning module GameLiveStreaming (194)
[2017.04.10-19.18.13:860][631]LogModuleManager: Shutting down and abandoning module VREditor (192)
[2017.04.10-19.18.13:860][631]LogModuleManager: Shutting down and abandoning module GameplayTasksEditor (190)
[2017.04.10-19.18.13:860][631]LogModuleManager: Shutting down and abandoning module BehaviorTreeEditor (188)
[2017.04.10-19.18.13:860][631]LogModuleManager: Shutting down and abandoning module FunctionalTesting (186)
[2017.04.10-19.18.13:860][631]LogModuleManager: Shutting down and abandoning module CollisionAnalyzer (184)
[2017.04.10-19.18.13:860][631]LogModuleManager: Shutting down and abandoning module UMG (182)
[2017.04.10-19.18.13:860][631]LogModuleManager: Shutting down and abandoning module UMGEditor (181)
[2017.04.10-19.18.13:860][631]LogModuleManager: Shutting down and abandoning module Sequencer (180)
[2017.04.10-19.18.13:861][631]LogModuleManager: Shutting down and abandoning module AssetTools (178)
[2017.04.10-19.18.13:861][631]LogModuleManager: Shutting down and abandoning module MessageLog (177)
[2017.04.10-19.18.13:861][631]LogModuleManager: Shutting down and abandoning module WorkspaceMenuStructure (176)
[2017.04.10-19.18.13:861][631]LogModuleManager: Shutting down and abandoning module SlateReflector (170)
[2017.04.10-19.18.13:861][631]LogModuleManager: Shutting down and abandoning module Slate (168)
[2017.04.10-19.18.13:861][631]LogModuleManager: Shutting down and abandoning module EditorStyle (166)
[2017.04.10-19.18.13:863][631]LogModuleManager: Shutting down and abandoning module SourceCodeAccess (164)
[2017.04.10-19.18.13:864][631]LogModuleManager: Shutting down and abandoning module HeadMountedDisplay (162)
[2017.04.10-19.18.13:864][631]LogModuleManager: Shutting down and abandoning module XAudio2 (160)
[2017.04.10-19.18.13:864][631]LogModuleManager: Shutting down and abandoning module Networking (158)
[2017.04.10-19.18.13:864][631]LogModuleManager: Shutting down and abandoning module Core (154)
[2017.04.10-19.18.13:864][631]LogModuleManager: Shutting down and abandoning module AssetRegistry (152)
[2017.04.10-19.18.14:095][631]LogDirectoryWatcher: A directory notification for '../../../Engine/Content/' was aborted.
[2017.04.10-19.18.14:095][631]LogDirectoryWatcher: A directory notification for 'D:/VRProjects/JosiahCarter/Content/' was aborted.
[2017.04.10-19.18.14:095][631]LogDirectoryWatcher: A directory notification for '../../../Engine/Plugins/2D/Paper2D/Content/' was aborted.
[2017.04.10-19.18.14:095][631]LogDirectoryWatcher: A directory notification for '../../../Engine/Plugins/Runtime/HoudiniEngine/Content/' was aborted.
[2017.04.10-19.18.14:095][631]LogModuleManager: Shutting down and abandoning module DirectoryWatcher (151)
[2017.04.10-19.18.14:096][631]LogModuleManager: Shutting down and abandoning module KismetCompiler (148)
[2017.04.10-19.18.14:096][631]LogModuleManager: Shutting down and abandoning module PhysXFormats (146)
[2017.04.10-19.18.14:096][631]LogModuleManager: Shutting down and abandoning module MeshUtilities (144)
[2017.04.10-19.18.14:096][631]LogModuleManager: Shutting down and abandoning module SimplygonSwarm (143)
[2017.04.10-19.18.14:096][631]LogModuleManager: Shutting down and abandoning module SimplygonMeshReduction (141)
[2017.04.10-19.18.14:096][631]LogModuleManager: Shutting down and abandoning module QuadricMeshReduction (139)
[2017.04.10-19.18.14:096][631]LogModuleManager: Shutting down and abandoning module PropertyEditor (137)
[2017.04.10-19.18.14:096][631]LogModuleManager: Shutting down and abandoning module DerivedDataCache (134)
[2017.04.10-19.18.14:165][631]LogDerivedDataCache: Shutdown
[2017.04.10-19.18.14:165][631]LogModuleManager: Shutting down and abandoning module TargetPlatform (132)
[2017.04.10-19.18.14:165][631]LogModuleManager: Shutting down and abandoning module VulkanShaderFormat (131)
[2017.04.10-19.18.14:166][631]LogModuleManager: Shutting down and abandoning module ShaderFormatOpenGL (129)
[2017.04.10-19.18.14:166][631]LogModuleManager: Shutting down and abandoning module ShaderFormatD3D (127)
[2017.04.10-19.18.14:166][631]LogModuleManager: Shutting down and abandoning module MetalShaderFormat (125)
[2017.04.10-19.18.14:166][631]LogModuleManager: Shutting down and abandoning module TextureFormatUncompressed (123)
[2017.04.10-19.18.14:166][631]LogModuleManager: Shutting down and abandoning module TextureFormatPVR (121)
[2017.04.10-19.18.14:166][631]LogModuleManager: Shutting down and abandoning module TextureFormatDXT (119)
[2017.04.10-19.18.14:166][631]LogModuleManager: Shutting down and abandoning module TextureFormatIntelISPCTexComp (117)
[2017.04.10-19.18.14:166][631]LogModuleManager: Shutting down and abandoning module TextureFormatASTC (115)
[2017.04.10-19.18.14:166][631]LogModuleManager: Shutting down and abandoning module ImageWrapper (114)
[2017.04.10-19.18.14:166][631]LogModuleManager: Shutting down and abandoning module TextureFormatAndroid (111)
[2017.04.10-19.18.14:166][631]LogModuleManager: Shutting down and abandoning module AudioFormatOpus (109)
[2017.04.10-19.18.14:166][631]LogModuleManager: Shutting down and abandoning module AudioFormatOgg (107)
[2017.04.10-19.18.14:166][631]LogModuleManager: Shutting down and abandoning module AudioFormatADPCM (105)
[2017.04.10-19.18.14:166][631]LogModuleManager: Shutting down and abandoning module LinuxTargetPlatform (103)
[2017.04.10-19.18.14:166][631]LogModuleManager: Shutting down and abandoning module LinuxServerTargetPlatform (101)
[2017.04.10-19.18.14:166][631]LogModuleManager: Shutting down and abandoning module LinuxNoEditorTargetPlatform (99)
[2017.04.10-19.18.14:166][631]LogModuleManager: Shutting down and abandoning module LinuxClientTargetPlatform (97)
[2017.04.10-19.18.14:166][631]LogModuleManager: Shutting down and abandoning module TVOSTargetPlatform (95)
[2017.04.10-19.18.14:166][631]LogModuleManager: Shutting down and abandoning module Messaging (93)
[2017.04.10-19.18.14:166][631]LogModuleManager: Shutting down and abandoning module IOSTargetPlatform (91)
[2017.04.10-19.18.14:166][631]LogModuleManager: Shutting down and abandoning module HTML5TargetPlatform (89)
[2017.04.10-19.18.14:166][631]LogModuleManager: Shutting down and abandoning module Android_PVRTCTargetPlatform (87)
[2017.04.10-19.18.14:166][631]LogModuleManager: Shutting down and abandoning module Android_MultiTargetPlatform (85)
[2017.04.10-19.18.14:166][631]LogModuleManager: Shutting down and abandoning module Android_ETC2TargetPlatform (83)
[2017.04.10-19.18.14:166][631]LogModuleManager: Shutting down and abandoning module Android_ETC1TargetPlatform (81)
[2017.04.10-19.18.14:166][631]LogModuleManager: Shutting down and abandoning module Android_DXTTargetPlatform (79)
[2017.04.10-19.18.14:166][631]LogModuleManager: Shutting down and abandoning module Android_ATCTargetPlatform (77)
[2017.04.10-19.18.14:166][631]LogModuleManager: Shutting down and abandoning module Android_ASTCTargetPlatform (75)
[2017.04.10-19.18.14:166][631]LogModuleManager: Shutting down and abandoning module AndroidTargetPlatform (73)
[2017.04.10-19.18.14:166][631]LogModuleManager: Shutting down and abandoning module WindowsTargetPlatform (71)
[2017.04.10-19.18.14:166][631]LogModuleManager: Shutting down and abandoning module WindowsServerTargetPlatform (69)
[2017.04.10-19.18.14:166][631]LogModuleManager: Shutting down and abandoning module WindowsNoEditorTargetPlatform (67)
[2017.04.10-19.18.14:166][631]LogModuleManager: Shutting down and abandoning module WindowsClientTargetPlatform (65)
[2017.04.10-19.18.14:166][631]LogModuleManager: Shutting down and abandoning module MacTargetPlatform (63)
[2017.04.10-19.18.14:166][631]LogModuleManager: Shutting down and abandoning module MacServerTargetPlatform (61)
[2017.04.10-19.18.14:166][631]LogModuleManager: Shutting down and abandoning module MacNoEditorTargetPlatform (59)
[2017.04.10-19.18.14:166][631]LogModuleManager: Shutting down and abandoning module MacClientTargetPlatform (57)
[2017.04.10-19.18.14:166][631]LogModuleManager: Shutting down and abandoning module AllDesktopTargetPlatform (55)
[2017.04.10-19.18.14:166][631]LogModuleManager: Shutting down and abandoning module InputCore (52)
[2017.04.10-19.18.14:166][631]LogModuleManager: Shutting down and abandoning module Settings (50)
[2017.04.10-19.18.14:166][631]LogModuleManager: Shutting down and abandoning module OculusRift (48)
[2017.04.10-19.18.14:166][631]LogModuleManager: Shutting down and abandoning module GearVR (46)
[2017.04.10-19.18.14:166][631]LogModuleManager: Shutting down and abandoning module ExampleDeviceProfileSelector (44)
[2017.04.10-19.18.14:166][631]LogModuleManager: Shutting down and abandoning module OnlineBlueprintSupport (42)
[2017.04.10-19.18.14:166][631]LogModuleManager: Shutting down and abandoning module OnlineSubsystem (38)
[2017.04.10-19.18.14:166][631]LogOnline:Display: Unloading online subsystem: NULL
[2017.04.10-19.18.14:166][631]LogModuleManager: Shutting down and abandoning module XMPP (37)
[2017.04.10-19.18.14:166][631]LogModuleManager: Shutting down and abandoning module HTTP (35)
[2017.04.10-19.18.14:166][631]LogHttp:Display: Http module shutting down, but needs to wait on 1 outstanding Http requests:
[2017.04.10-19.18.14:166][631]LogHttp:Display: 	verb=[POST] url=[https://datarouter.ol.epicgames.com/datarouter/api/v1/public/data?SessionID=%7B87555091-4C1C-8C2D-830D-108B813FF1EA%7D&AppID=UEEditor.Rocket.Release&AppVersion=4.15.1-3348071%2B%2B%2BUE4%2BRelease-4.15&UserID=38384f7f4fe22369eef2c4908fb1257c%7C6dee01914e174258b8c89718799d58e5%7C4a372342-4369-4fb5-aabc-8ff6b2bfbeff&AppEnvironment=datacollector-binary&UploadType=eteventstream] status=Processing
[2017.04.10-19.18.14:196][631]LogModuleManager: Shutting down and abandoning module SSL (34)
[2017.04.10-19.18.14:197][631]LogModuleManager: Shutting down and abandoning module AudioEditor (30)
[2017.04.10-19.18.14:197][631]LogModuleManager: Shutting down and abandoning module TextureCompressor (28)
[2017.04.10-19.18.14:197][631]LogModuleManager: Shutting down and abandoning module ShaderCore (26)
[2017.04.10-19.18.14:197][631]LogModuleManager: Shutting down and abandoning module Landscape (24)
[2017.04.10-19.18.14:197][631]LogModuleManager: Shutting down and abandoning module SlateRHIRenderer (22)
[2017.04.10-19.18.14:198][631]LogModuleManager: Shutting down and abandoning module OpenGLDrv (20)
[2017.04.10-19.18.14:198][631]LogModuleManager: Shutting down and abandoning module D3D11RHI (18)
[2017.04.10-19.18.14:198][631]LogModuleManager: Shutting down and abandoning module AnimGraphRuntime (16)
[2017.04.10-19.18.14:198][631]LogModuleManager: Shutting down and abandoning module Renderer (14)
[2017.04.10-19.18.14:198][631]LogModuleManager: Shutting down and abandoning module Engine (12)
[2017.04.10-19.18.14:198][631]LogModuleManager: Shutting down and abandoning module CoreUObject (10)
[2017.04.10-19.18.14:198][631]LogModuleManager: Shutting down and abandoning module NetworkFile (8)
[2017.04.10-19.18.14:198][631]LogModuleManager: Shutting down and abandoning module StreamingFile (6)
[2017.04.10-19.18.14:198][631]LogModuleManager: Shutting down and abandoning module SandboxFile (4)
[2017.04.10-19.18.14:198][631]LogModuleManager: Shutting down and abandoning module PakFile (2)
[2017.04.10-19.18.14:201][631]LogExit: Exiting.
[2017.04.10-19.18.14:202][631]Log file closed, 04/10/17 15:18:14
